[0.160s] Invoking command in '/home/wanglonglong/Learn_ROS2/03.my_robot/build/v4l2_camera': CMAKE_PREFIX_PATH=${CMAKE_PREFIX_PATH}:/home/wanglonglong/Learn_ROS2/03.my_robot/install/detect:/opt/ros/jazzy DEBUGINFOD_URLS=https://debuginfod.ubuntu.com PS1=(ros2_env) \[\e]0;\u@\h: \w\a\]${debian_chroot:+($debian_chroot)}\[\033[01;32m\]\u\[\033[00m\]:\[\033[01;34m\]\w\[\033[00m\]\$ VIRTUAL_ENV_PROMPT=(ros2_env) /usr/bin/cmake --build /home/wanglonglong/Learn_ROS2/03.my_robot/build/v4l2_camera -- -j16 -l16
[0.214s] [ 50%] Built target v4l2_camera
[0.239s] [ 75%] Built target v4l2_camera_node
[0.242s] [100%] Built target v4l2_camera_compose_test
[0.251s] Invoked command in '/home/wanglonglong/Learn_ROS2/03.my_robot/build/v4l2_camera' returned '0': CMAKE_PREFIX_PATH=${CMAKE_PREFIX_PATH}:/home/wanglonglong/Learn_ROS2/03.my_robot/install/detect:/opt/ros/jazzy DEBUGINFOD_URLS=https://debuginfod.ubuntu.com PS1=(ros2_env) \[\e]0;\u@\h: \w\a\]${debian_chroot:+($debian_chroot)}\[\033[01;32m\]\u\[\033[00m\]:\[\033[01;34m\]\w\[\033[00m\]\$ VIRTUAL_ENV_PROMPT=(ros2_env) /usr/bin/cmake --build /home/wanglonglong/Learn_ROS2/03.my_robot/build/v4l2_camera -- -j16 -l16
[0.252s] Invoking command in '/home/wanglonglong/Learn_ROS2/03.my_robot/build/v4l2_camera': CMAKE_PREFIX_PATH=${CMAKE_PREFIX_PATH}:/home/wanglonglong/Learn_ROS2/03.my_robot/install/detect:/opt/ros/jazzy DEBUGINFOD_URLS=https://debuginfod.ubuntu.com PS1=(ros2_env) \[\e]0;\u@\h: \w\a\]${debian_chroot:+($debian_chroot)}\[\033[01;32m\]\u\[\033[00m\]:\[\033[01;34m\]\w\[\033[00m\]\$ VIRTUAL_ENV_PROMPT=(ros2_env) /usr/bin/cmake --install /home/wanglonglong/Learn_ROS2/03.my_robot/build/v4l2_camera
[0.258s] -- Install configuration: ""
[0.259s] -- Up-to-date: /home/wanglonglong/Learn_ROS2/03.my_robot/install/v4l2_camera/include
[0.259s] -- Up-to-date: /home/wanglonglong/Learn_ROS2/03.my_robot/install/v4l2_camera/include/v4l2_camera
[0.259s] -- Up-to-date: /home/wanglonglong/Learn_ROS2/03.my_robot/install/v4l2_camera/include/v4l2_camera/visibility_control.h
[0.259s] -- Up-to-date: /home/wanglonglong/Learn_ROS2/03.my_robot/install/v4l2_camera/include/v4l2_camera/fourcc.hpp
[0.259s] -- Up-to-date: /home/wanglonglong/Learn_ROS2/03.my_robot/install/v4l2_camera/include/v4l2_camera/v4l2_camera.hpp
[0.259s] -- Up-to-date: /home/wanglonglong/Learn_ROS2/03.my_robot/install/v4l2_camera/include/v4l2_camera/control.hpp
[0.259s] -- Up-to-date: /home/wanglonglong/Learn_ROS2/03.my_robot/install/v4l2_camera/include/v4l2_camera/v4l2_camera_device.hpp
[0.259s] -- Up-to-date: /home/wanglonglong/Learn_ROS2/03.my_robot/install/v4l2_camera/include/v4l2_camera/image_format.hpp
[0.259s] -- Up-to-date: /home/wanglonglong/Learn_ROS2/03.my_robot/install/v4l2_camera/include/v4l2_camera/parameters.hpp
[0.259s] -- Up-to-date: /home/wanglonglong/Learn_ROS2/03.my_robot/install/v4l2_camera/include/v4l2_camera/pixel_format.hpp
[0.260s] -- Up-to-date: /home/wanglonglong/Learn_ROS2/03.my_robot/install/v4l2_camera/lib/libv4l2_camera.so
[0.260s] -- Up-to-date: /home/wanglonglong/Learn_ROS2/03.my_robot/install/v4l2_camera/lib/v4l2_camera/v4l2_camera_node
[0.260s] -- Up-to-date: /home/wanglonglong/Learn_ROS2/03.my_robot/install/v4l2_camera/lib/v4l2_camera/v4l2_camera_compose_test
[0.260s] -- Up-to-date: /home/wanglonglong/Learn_ROS2/03.my_robot/install/v4l2_camera/share/v4l2_camera/environment/library_path.sh
[0.260s] -- Up-to-date: /home/wanglonglong/Learn_ROS2/03.my_robot/install/v4l2_camera/share/v4l2_camera/environment/library_path.dsv
[0.260s] -- Up-to-date: /home/wanglonglong/Learn_ROS2/03.my_robot/install/v4l2_camera/share/ament_index/resource_index/package_run_dependencies/v4l2_camera
[0.260s] -- Up-to-date: /home/wanglonglong/Learn_ROS2/03.my_robot/install/v4l2_camera/share/ament_index/resource_index/parent_prefix_path/v4l2_camera
[0.260s] -- Up-to-date: /home/wanglonglong/Learn_ROS2/03.my_robot/install/v4l2_camera/share/v4l2_camera/environment/ament_prefix_path.sh
[0.261s] -- Up-to-date: /home/wanglonglong/Learn_ROS2/03.my_robot/install/v4l2_camera/share/v4l2_camera/environment/ament_prefix_path.dsv
[0.261s] -- Up-to-date: /home/wanglonglong/Learn_ROS2/03.my_robot/install/v4l2_camera/share/v4l2_camera/environment/path.sh
[0.261s] -- Up-to-date: /home/wanglonglong/Learn_ROS2/03.my_robot/install/v4l2_camera/share/v4l2_camera/environment/path.dsv
[0.261s] -- Up-to-date: /home/wanglonglong/Learn_ROS2/03.my_robot/install/v4l2_camera/share/v4l2_camera/local_setup.bash
[0.261s] -- Up-to-date: /home/wanglonglong/Learn_ROS2/03.my_robot/install/v4l2_camera/share/v4l2_camera/local_setup.sh
[0.261s] -- Up-to-date: /home/wanglonglong/Learn_ROS2/03.my_robot/install/v4l2_camera/share/v4l2_camera/local_setup.zsh
[0.261s] -- Up-to-date: /home/wanglonglong/Learn_ROS2/03.my_robot/install/v4l2_camera/share/v4l2_camera/local_setup.dsv
[0.261s] -- Installing: /home/wanglonglong/Learn_ROS2/03.my_robot/install/v4l2_camera/share/v4l2_camera/package.dsv
[0.261s] -- Up-to-date: /home/wanglonglong/Learn_ROS2/03.my_robot/install/v4l2_camera/share/ament_index/resource_index/packages/v4l2_camera
[0.261s] -- Up-to-date: /home/wanglonglong/Learn_ROS2/03.my_robot/install/v4l2_camera/share/ament_index/resource_index/rclcpp_components/v4l2_camera
[0.261s] -- Up-to-date: /home/wanglonglong/Learn_ROS2/03.my_robot/install/v4l2_camera/share/v4l2_camera/cmake/export_v4l2_cameraExport.cmake
[0.261s] -- Up-to-date: /home/wanglonglong/Learn_ROS2/03.my_robot/install/v4l2_camera/share/v4l2_camera/cmake/export_v4l2_cameraExport-noconfig.cmake
[0.261s] -- Up-to-date: /home/wanglonglong/Learn_ROS2/03.my_robot/install/v4l2_camera/share/v4l2_camera/cmake/ament_cmake_export_include_directories-extras.cmake
[0.261s] -- Up-to-date: /home/wanglonglong/Learn_ROS2/03.my_robot/install/v4l2_camera/share/v4l2_camera/cmake/ament_cmake_export_targets-extras.cmake
[0.261s] -- Up-to-date: /home/wanglonglong/Learn_ROS2/03.my_robot/install/v4l2_camera/share/v4l2_camera/cmake/ament_cmake_export_libraries-extras.cmake
[0.261s] -- Up-to-date: /home/wanglonglong/Learn_ROS2/03.my_robot/install/v4l2_camera/share/v4l2_camera/cmake/ament_cmake_export_dependencies-extras.cmake
[0.261s] -- Up-to-date: /home/wanglonglong/Learn_ROS2/03.my_robot/install/v4l2_camera/share/v4l2_camera/cmake/v4l2_cameraConfig.cmake
[0.261s] -- Up-to-date: /home/wanglonglong/Learn_ROS2/03.my_robot/install/v4l2_camera/share/v4l2_camera/cmake/v4l2_cameraConfig-version.cmake
[0.262s] -- Up-to-date: /home/wanglonglong/Learn_ROS2/03.my_robot/install/v4l2_camera/share/v4l2_camera/package.xml
[0.262s] Invoked command in '/home/wanglonglong/Learn_ROS2/03.my_robot/build/v4l2_camera' returned '0': CMAKE_PREFIX_PATH=${CMAKE_PREFIX_PATH}:/home/wanglonglong/Learn_ROS2/03.my_robot/install/detect:/opt/ros/jazzy DEBUGINFOD_URLS=https://debuginfod.ubuntu.com PS1=(ros2_env) \[\e]0;\u@\h: \w\a\]${debian_chroot:+($debian_chroot)}\[\033[01;32m\]\u\[\033[00m\]:\[\033[01;34m\]\w\[\033[00m\]\$ VIRTUAL_ENV_PROMPT=(ros2_env) /usr/bin/cmake --install /home/wanglonglong/Learn_ROS2/03.my_robot/build/v4l2_camera
