[ 50%] Built target camera_subscriber
[100%] Built target capture_camera_pub
-- Install configuration: ""
-- Up-to-date: /home/wanglonglong/Learn_ROS2/03.my_robot/install/perception/lib/perception/capture_camera_pub
-- Up-to-date: /home/wanglonglong/Learn_ROS2/03.my_robot/install/perception/lib/perception/camera_subscriber
-- Up-to-date: /home/wanglonglong/Learn_ROS2/03.my_robot/install/perception/share/ament_index/resource_index/package_run_dependencies/perception
-- Up-to-date: /home/wanglonglong/Learn_ROS2/03.my_robot/install/perception/share/ament_index/resource_index/parent_prefix_path/perception
-- Up-to-date: /home/wanglonglong/Learn_ROS2/03.my_robot/install/perception/share/perception/environment/ament_prefix_path.sh
-- Up-to-date: /home/wanglonglong/Learn_ROS2/03.my_robot/install/perception/share/perception/environment/ament_prefix_path.dsv
-- Up-to-date: /home/wanglonglong/Learn_ROS2/03.my_robot/install/perception/share/perception/environment/path.sh
-- Up-to-date: /home/wanglonglong/Learn_ROS2/03.my_robot/install/perception/share/perception/environment/path.dsv
-- Up-to-date: /home/wanglonglong/Learn_ROS2/03.my_robot/install/perception/share/perception/local_setup.bash
-- Up-to-date: /home/wanglonglong/Learn_ROS2/03.my_robot/install/perception/share/perception/local_setup.sh
-- Up-to-date: /home/wanglonglong/Learn_ROS2/03.my_robot/install/perception/share/perception/local_setup.zsh
-- Up-to-date: /home/wanglonglong/Learn_ROS2/03.my_robot/install/perception/share/perception/local_setup.dsv
-- Installing: /home/wanglonglong/Learn_ROS2/03.my_robot/install/perception/share/perception/package.dsv
-- Up-to-date: /home/wanglonglong/Learn_ROS2/03.my_robot/install/perception/share/ament_index/resource_index/packages/perception
-- Up-to-date: /home/wanglonglong/Learn_ROS2/03.my_robot/install/perception/share/perception/cmake/perceptionConfig.cmake
-- Up-to-date: /home/wanglonglong/Learn_ROS2/03.my_robot/install/perception/share/perception/cmake/perceptionConfig-version.cmake
-- Up-to-date: /home/wanglonglong/Learn_ROS2/03.my_robot/install/perception/share/perception/package.xml
