[0.112s] DEBUG:colcon:Command line arguments: ['/usr/bin/colcon', 'build']
[0.112s] DEBUG:colcon:Parsed command line arguments: Namespace(log_base=None, log_level=None, verb_name='build', build_base='build', install_base='install', merge_install=False, symlink_install=False, test_result_base=None, continue_on_error=False, executor='parallel', parallel_workers=16, event_handlers=None, ignore_user_meta=False, metas=['./colcon.meta'], base_paths=['.'], packages_ignore=None, packages_ignore_regex=None, paths=None, packages_up_to=None, packages_up_to_regex=None, packages_above=None, packages_above_and_dependencies=None, packages_above_depth=None, packages_select_by_dep=None, packages_skip_by_dep=None, packages_skip_up_to=None, packages_select_build_failed=False, packages_skip_build_finished=False, packages_select_test_failures=False, packages_skip_test_passed=False, packages_select=None, packages_skip=None, packages_select_regex=None, packages_skip_regex=None, packages_start=None, packages_end=None, allow_overriding=[], cmake_args=None, cmake_target=None, cmake_target_skip_unavailable=False, cmake_clean_cache=False, cmake_clean_first=False, cmake_force_configure=False, ament_cmake_args=None, catkin_cmake_args=None, catkin_skip_building_tests=False, verb_parser=<colcon_defaults.argument_parser.defaults.DefaultArgumentsDecorator object at 0x73faf0a08650>, verb_extension=<colcon_core.verb.build.BuildVerb object at 0x73faf16ab950>, main=<bound method BuildVerb.main of <colcon_core.verb.build.BuildVerb object at 0x73faf16ab950>>)
[0.167s] Level 1:colcon.colcon_core.package_discovery:discover_packages(colcon_meta) check parameters
[0.167s] Level 1:colcon.colcon_core.package_discovery:discover_packages(recursive) check parameters
[0.167s] Level 1:colcon.colcon_core.package_discovery:discover_packages(ignore) check parameters
[0.167s] Level 1:colcon.colcon_core.package_discovery:discover_packages(path) check parameters
[0.167s] Level 1:colcon.colcon_core.package_discovery:discover_packages(colcon_meta) discover
[0.167s] Level 1:colcon.colcon_core.package_discovery:discover_packages(recursive) discover
[0.167s] INFO:colcon.colcon_core.package_discovery:Crawling recursively for packages in '/home/wanglonglong/Learn_ROS2/03.my_robot'
[0.167s] Level 1:colcon.colcon_core.package_identification:_identify(.) by extensions ['ignore', 'ignore_ament_install']
[0.167s] Level 1:colcon.colcon_core.package_identification:_identify(.) by extension 'ignore'
[0.167s] Level 1:colcon.colcon_core.package_identification:_identify(.) by extension 'ignore_ament_install'
[0.167s] Level 1:colcon.colcon_core.package_identification:_identify(.) by extensions ['colcon_pkg']
[0.168s] Level 1:colcon.colcon_core.package_identification:_identify(.) by extension 'colcon_pkg'
[0.168s] Level 1:colcon.colcon_core.package_identification:_identify(.) by extensions ['colcon_meta']
[0.168s] Level 1:colcon.colcon_core.package_identification:_identify(.) by extension 'colcon_meta'
[0.168s] Level 1:colcon.colcon_core.package_identification:_identify(.) by extensions ['ros']
[0.168s] Level 1:colcon.colcon_core.package_identification:_identify(.) by extension 'ros'
[0.191s] Level 1:colcon.colcon_core.package_identification:_identify(.) by extensions ['cmake', 'python']
[0.191s] Level 1:colcon.colcon_core.package_identification:_identify(.) by extension 'cmake'
[0.191s] Level 1:colcon.colcon_core.package_identification:_identify(.) by extension 'python'
[0.191s] Level 1:colcon.colcon_core.package_identification:_identify(.) by extensions ['python_setup_py']
[0.191s] Level 1:colcon.colcon_core.package_identification:_identify(.) by extension 'python_setup_py'
[0.191s] Level 1:colcon.colcon_core.package_identification:_identify(build) by extensions ['ignore', 'ignore_ament_install']
[0.191s] Level 1:colcon.colcon_core.package_identification:_identify(build) by extension 'ignore'
[0.191s] Level 1:colcon.colcon_core.package_identification:_identify(build) ignored
[0.191s] Level 1:colcon.colcon_core.package_identification:_identify(install) by extensions ['ignore', 'ignore_ament_install']
[0.191s] Level 1:colcon.colcon_core.package_identification:_identify(install) by extension 'ignore'
[0.191s] Level 1:colcon.colcon_core.package_identification:_identify(install) ignored
[0.191s] Level 1:colcon.colcon_core.package_identification:_identify(log) by extensions ['ignore', 'ignore_ament_install']
[0.191s] Level 1:colcon.colcon_core.package_identification:_identify(log) by extension 'ignore'
[0.192s] Level 1:colcon.colcon_core.package_identification:_identify(log) ignored
[0.192s] Level 1:colcon.colcon_core.package_identification:_identify(src) by extensions ['ignore', 'ignore_ament_install']
[0.192s] Level 1:colcon.colcon_core.package_identification:_identify(src) by extension 'ignore'
[0.192s] Level 1:colcon.colcon_core.package_identification:_identify(src) by extension 'ignore_ament_install'
[0.192s] Level 1:colcon.colcon_core.package_identification:_identify(src) by extensions ['colcon_pkg']
[0.192s] Level 1:colcon.colcon_core.package_identification:_identify(src) by extension 'colcon_pkg'
[0.192s] Level 1:colcon.colcon_core.package_identification:_identify(src) by extensions ['colcon_meta']
[0.192s] Level 1:colcon.colcon_core.package_identification:_identify(src) by extension 'colcon_meta'
[0.192s] Level 1:colcon.colcon_core.package_identification:_identify(src) by extensions ['ros']
[0.192s] Level 1:colcon.colcon_core.package_identification:_identify(src) by extension 'ros'
[0.192s] Level 1:colcon.colcon_core.package_identification:_identify(src) by extensions ['cmake', 'python']
[0.192s] Level 1:colcon.colcon_core.package_identification:_identify(src) by extension 'cmake'
[0.192s] Level 1:colcon.colcon_core.package_identification:_identify(src) by extension 'python'
[0.192s] Level 1:colcon.colcon_core.package_identification:_identify(src) by extensions ['python_setup_py']
[0.192s] Level 1:colcon.colcon_core.package_identification:_identify(src) by extension 'python_setup_py'
[0.192s] Level 1:colcon.colcon_core.package_identification:_identify(src/bringup) by extensions ['ignore', 'ignore_ament_install']
[0.192s] Level 1:colcon.colcon_core.package_identification:_identify(src/bringup) by extension 'ignore'
[0.192s] Level 1:colcon.colcon_core.package_identification:_identify(src/bringup) by extension 'ignore_ament_install'
[0.192s] Level 1:colcon.colcon_core.package_identification:_identify(src/bringup) by extensions ['colcon_pkg']
[0.192s] Level 1:colcon.colcon_core.package_identification:_identify(src/bringup) by extension 'colcon_pkg'
[0.192s] Level 1:colcon.colcon_core.package_identification:_identify(src/bringup) by extensions ['colcon_meta']
[0.192s] Level 1:colcon.colcon_core.package_identification:_identify(src/bringup) by extension 'colcon_meta'
[0.192s] Level 1:colcon.colcon_core.package_identification:_identify(src/bringup) by extensions ['ros']
[0.192s] Level 1:colcon.colcon_core.package_identification:_identify(src/bringup) by extension 'ros'
[0.196s] DEBUG:colcon.colcon_core.package_identification:Package 'src/bringup' with type 'ros.ament_cmake' and name 'bringup'
[0.197s] Level 1:colcon.colcon_core.package_identification:_identify(src/detect) by extensions ['ignore', 'ignore_ament_install']
[0.197s] Level 1:colcon.colcon_core.package_identification:_identify(src/detect) by extension 'ignore'
[0.197s] Level 1:colcon.colcon_core.package_identification:_identify(src/detect) by extension 'ignore_ament_install'
[0.197s] Level 1:colcon.colcon_core.package_identification:_identify(src/detect) by extensions ['colcon_pkg']
[0.197s] Level 1:colcon.colcon_core.package_identification:_identify(src/detect) by extension 'colcon_pkg'
[0.197s] Level 1:colcon.colcon_core.package_identification:_identify(src/detect) by extensions ['colcon_meta']
[0.197s] Level 1:colcon.colcon_core.package_identification:_identify(src/detect) by extension 'colcon_meta'
[0.197s] Level 1:colcon.colcon_core.package_identification:_identify(src/detect) by extensions ['ros']
[0.197s] Level 1:colcon.colcon_core.package_identification:_identify(src/detect) by extension 'ros'
[0.198s] DEBUG:colcon.colcon_core.package_identification:Package 'src/detect' with type 'ros.ament_python' and name 'detect'
[0.198s] Level 1:colcon.colcon_core.package_identification:_identify(src/perception) by extensions ['ignore', 'ignore_ament_install']
[0.198s] Level 1:colcon.colcon_core.package_identification:_identify(src/perception) by extension 'ignore'
[0.198s] Level 1:colcon.colcon_core.package_identification:_identify(src/perception) by extension 'ignore_ament_install'
[0.198s] Level 1:colcon.colcon_core.package_identification:_identify(src/perception) by extensions ['colcon_pkg']
[0.198s] Level 1:colcon.colcon_core.package_identification:_identify(src/perception) by extension 'colcon_pkg'
[0.198s] Level 1:colcon.colcon_core.package_identification:_identify(src/perception) by extensions ['colcon_meta']
[0.198s] Level 1:colcon.colcon_core.package_identification:_identify(src/perception) by extension 'colcon_meta'
[0.198s] Level 1:colcon.colcon_core.package_identification:_identify(src/perception) by extensions ['ros']
[0.198s] Level 1:colcon.colcon_core.package_identification:_identify(src/perception) by extension 'ros'
[0.199s] DEBUG:colcon.colcon_core.package_identification:Package 'src/perception' with type 'ros.ament_cmake' and name 'perception'
[0.199s] Level 1:colcon.colcon_core.package_identification:_identify(src/v4l2_camera) by extensions ['ignore', 'ignore_ament_install']
[0.199s] Level 1:colcon.colcon_core.package_identification:_identify(src/v4l2_camera) by extension 'ignore'
[0.199s] Level 1:colcon.colcon_core.package_identification:_identify(src/v4l2_camera) by extension 'ignore_ament_install'
[0.199s] Level 1:colcon.colcon_core.package_identification:_identify(src/v4l2_camera) by extensions ['colcon_pkg']
[0.199s] Level 1:colcon.colcon_core.package_identification:_identify(src/v4l2_camera) by extension 'colcon_pkg'
[0.199s] Level 1:colcon.colcon_core.package_identification:_identify(src/v4l2_camera) by extensions ['colcon_meta']
[0.199s] Level 1:colcon.colcon_core.package_identification:_identify(src/v4l2_camera) by extension 'colcon_meta'
[0.199s] Level 1:colcon.colcon_core.package_identification:_identify(src/v4l2_camera) by extensions ['ros']
[0.199s] Level 1:colcon.colcon_core.package_identification:_identify(src/v4l2_camera) by extension 'ros'
[0.200s] DEBUG:colcon.colcon_core.package_identification:Package 'src/v4l2_camera' with type 'ros.ament_cmake' and name 'v4l2_camera'
[0.200s] Level 1:colcon.colcon_core.package_discovery:discover_packages(recursive) using defaults
[0.200s] Level 1:colcon.colcon_core.package_discovery:discover_packages(ignore) discover
[0.200s] Level 1:colcon.colcon_core.package_discovery:discover_packages(ignore) using defaults
[0.200s] Level 1:colcon.colcon_core.package_discovery:discover_packages(path) discover
[0.200s] Level 1:colcon.colcon_core.package_discovery:discover_packages(path) using defaults
[0.216s] Level 1:colcon.colcon_core.package_discovery:discover_packages(prefix_path) check parameters
[0.216s] Level 1:colcon.colcon_core.package_discovery:discover_packages(prefix_path) discover
[0.219s] DEBUG:colcon.colcon_installed_package_information.package_discovery:Found 4 installed packages in /home/wanglonglong/Learn_ROS2/03.my_robot/install
[0.220s] DEBUG:colcon.colcon_installed_package_information.package_discovery:Found 288 installed packages in /opt/ros/jazzy
[0.221s] Level 1:colcon.colcon_core.package_discovery:discover_packages(prefix_path) using defaults
[0.249s] Level 5:colcon.colcon_core.verb:set package 'bringup' build argument 'cmake_args' from command line to 'None'
[0.249s] Level 5:colcon.colcon_core.verb:set package 'bringup' build argument 'cmake_target' from command line to 'None'
[0.249s] Level 5:colcon.colcon_core.verb:set package 'bringup' build argument 'cmake_target_skip_unavailable' from command line to 'False'
[0.249s] Level 5:colcon.colcon_core.verb:set package 'bringup' build argument 'cmake_clean_cache' from command line to 'False'
[0.249s] Level 5:colcon.colcon_core.verb:set package 'bringup' build argument 'cmake_clean_first' from command line to 'False'
[0.249s] Level 5:colcon.colcon_core.verb:set package 'bringup' build argument 'cmake_force_configure' from command line to 'False'
[0.249s] Level 5:colcon.colcon_core.verb:set package 'bringup' build argument 'ament_cmake_args' from command line to 'None'
[0.249s] Level 5:colcon.colcon_core.verb:set package 'bringup' build argument 'catkin_cmake_args' from command line to 'None'
[0.249s] Level 5:colcon.colcon_core.verb:set package 'bringup' build argument 'catkin_skip_building_tests' from command line to 'False'
[0.249s] DEBUG:colcon.colcon_core.verb:Building package 'bringup' with the following arguments: {'ament_cmake_args': None, 'build_base': '/home/wanglonglong/Learn_ROS2/03.my_robot/build/bringup', 'catkin_cmake_args': None, 'catkin_skip_building_tests': False, 'cmake_args': None, 'cmake_clean_cache': False, 'cmake_clean_first': False, 'cmake_force_configure': False, 'cmake_target': None, 'cmake_target_skip_unavailable': False, 'install_base': '/home/wanglonglong/Learn_ROS2/03.my_robot/install/bringup', 'merge_install': False, 'path': '/home/wanglonglong/Learn_ROS2/03.my_robot/src/bringup', 'symlink_install': False, 'test_result_base': None}
[0.250s] Level 5:colcon.colcon_core.verb:set package 'detect' build argument 'cmake_args' from command line to 'None'
[0.250s] Level 5:colcon.colcon_core.verb:set package 'detect' build argument 'cmake_target' from command line to 'None'
[0.250s] Level 5:colcon.colcon_core.verb:set package 'detect' build argument 'cmake_target_skip_unavailable' from command line to 'False'
[0.250s] Level 5:colcon.colcon_core.verb:set package 'detect' build argument 'cmake_clean_cache' from command line to 'False'
[0.250s] Level 5:colcon.colcon_core.verb:set package 'detect' build argument 'cmake_clean_first' from command line to 'False'
[0.250s] Level 5:colcon.colcon_core.verb:set package 'detect' build argument 'cmake_force_configure' from command line to 'False'
[0.250s] Level 5:colcon.colcon_core.verb:set package 'detect' build argument 'ament_cmake_args' from command line to 'None'
[0.250s] Level 5:colcon.colcon_core.verb:set package 'detect' build argument 'catkin_cmake_args' from command line to 'None'
[0.250s] Level 5:colcon.colcon_core.verb:set package 'detect' build argument 'catkin_skip_building_tests' from command line to 'False'
[0.250s] DEBUG:colcon.colcon_core.verb:Building package 'detect' with the following arguments: {'ament_cmake_args': None, 'build_base': '/home/wanglonglong/Learn_ROS2/03.my_robot/build/detect', 'catkin_cmake_args': None, 'catkin_skip_building_tests': False, 'cmake_args': None, 'cmake_clean_cache': False, 'cmake_clean_first': False, 'cmake_force_configure': False, 'cmake_target': None, 'cmake_target_skip_unavailable': False, 'install_base': '/home/wanglonglong/Learn_ROS2/03.my_robot/install/detect', 'merge_install': False, 'path': '/home/wanglonglong/Learn_ROS2/03.my_robot/src/detect', 'symlink_install': False, 'test_result_base': None}
[0.250s] Level 5:colcon.colcon_core.verb:set package 'perception' build argument 'cmake_args' from command line to 'None'
[0.250s] Level 5:colcon.colcon_core.verb:set package 'perception' build argument 'cmake_target' from command line to 'None'
[0.250s] Level 5:colcon.colcon_core.verb:set package 'perception' build argument 'cmake_target_skip_unavailable' from command line to 'False'
[0.250s] Level 5:colcon.colcon_core.verb:set package 'perception' build argument 'cmake_clean_cache' from command line to 'False'
[0.250s] Level 5:colcon.colcon_core.verb:set package 'perception' build argument 'cmake_clean_first' from command line to 'False'
[0.250s] Level 5:colcon.colcon_core.verb:set package 'perception' build argument 'cmake_force_configure' from command line to 'False'
[0.250s] Level 5:colcon.colcon_core.verb:set package 'perception' build argument 'ament_cmake_args' from command line to 'None'
[0.250s] Level 5:colcon.colcon_core.verb:set package 'perception' build argument 'catkin_cmake_args' from command line to 'None'
[0.250s] Level 5:colcon.colcon_core.verb:set package 'perception' build argument 'catkin_skip_building_tests' from command line to 'False'
[0.250s] DEBUG:colcon.colcon_core.verb:Building package 'perception' with the following arguments: {'ament_cmake_args': None, 'build_base': '/home/wanglonglong/Learn_ROS2/03.my_robot/build/perception', 'catkin_cmake_args': None, 'catkin_skip_building_tests': False, 'cmake_args': None, 'cmake_clean_cache': False, 'cmake_clean_first': False, 'cmake_force_configure': False, 'cmake_target': None, 'cmake_target_skip_unavailable': False, 'install_base': '/home/wanglonglong/Learn_ROS2/03.my_robot/install/perception', 'merge_install': False, 'path': '/home/wanglonglong/Learn_ROS2/03.my_robot/src/perception', 'symlink_install': False, 'test_result_base': None}
[0.250s] Level 5:colcon.colcon_core.verb:set package 'v4l2_camera' build argument 'cmake_args' from command line to 'None'
[0.250s] Level 5:colcon.colcon_core.verb:set package 'v4l2_camera' build argument 'cmake_target' from command line to 'None'
[0.250s] Level 5:colcon.colcon_core.verb:set package 'v4l2_camera' build argument 'cmake_target_skip_unavailable' from command line to 'False'
[0.250s] Level 5:colcon.colcon_core.verb:set package 'v4l2_camera' build argument 'cmake_clean_cache' from command line to 'False'
[0.250s] Level 5:colcon.colcon_core.verb:set package 'v4l2_camera' build argument 'cmake_clean_first' from command line to 'False'
[0.250s] Level 5:colcon.colcon_core.verb:set package 'v4l2_camera' build argument 'cmake_force_configure' from command line to 'False'
[0.250s] Level 5:colcon.colcon_core.verb:set package 'v4l2_camera' build argument 'ament_cmake_args' from command line to 'None'
[0.250s] Level 5:colcon.colcon_core.verb:set package 'v4l2_camera' build argument 'catkin_cmake_args' from command line to 'None'
[0.250s] Level 5:colcon.colcon_core.verb:set package 'v4l2_camera' build argument 'catkin_skip_building_tests' from command line to 'False'
[0.250s] DEBUG:colcon.colcon_core.verb:Building package 'v4l2_camera' with the following arguments: {'ament_cmake_args': None, 'build_base': '/home/wanglonglong/Learn_ROS2/03.my_robot/build/v4l2_camera', 'catkin_cmake_args': None, 'catkin_skip_building_tests': False, 'cmake_args': None, 'cmake_clean_cache': False, 'cmake_clean_first': False, 'cmake_force_configure': False, 'cmake_target': None, 'cmake_target_skip_unavailable': False, 'install_base': '/home/wanglonglong/Learn_ROS2/03.my_robot/install/v4l2_camera', 'merge_install': False, 'path': '/home/wanglonglong/Learn_ROS2/03.my_robot/src/v4l2_camera', 'symlink_install': False, 'test_result_base': None}
[0.250s] INFO:colcon.colcon_core.executor:Executing jobs using 'parallel' executor
[0.251s] DEBUG:colcon.colcon_parallel_executor.executor.parallel:run_until_complete
[0.251s] INFO:colcon.colcon_ros.task.ament_cmake.build:Building ROS package in '/home/wanglonglong/Learn_ROS2/03.my_robot/src/bringup' with build type 'ament_cmake'
[0.251s] INFO:colcon.colcon_cmake.task.cmake.build:Building CMake package in '/home/wanglonglong/Learn_ROS2/03.my_robot/src/bringup'
[0.256s] INFO:colcon.colcon_core.plugin_system:Skipping extension 'colcon_core.shell.bat': Not used on non-Windows systems
[0.256s] INFO:colcon.colcon_core.shell:Skip shell extension 'powershell' for command environment: Not usable outside of PowerShell
[0.256s] DEBUG:colcon.colcon_core.shell:Skip shell extension 'dsv' for command environment
[0.260s] INFO:colcon.colcon_ros.task.ament_python.build:Building ROS package in '/home/wanglonglong/Learn_ROS2/03.my_robot/src/detect' with build type 'ament_python'
[0.260s] Level 1:colcon.colcon_core.shell:create_environment_hook('detect', 'ament_prefix_path')
[0.260s] INFO:colcon.colcon_core.shell:Creating environment hook '/home/wanglonglong/Learn_ROS2/03.my_robot/install/detect/share/detect/hook/ament_prefix_path.ps1'
[0.261s] INFO:colcon.colcon_core.shell:Creating environment descriptor '/home/wanglonglong/Learn_ROS2/03.my_robot/install/detect/share/detect/hook/ament_prefix_path.dsv'
[0.261s] INFO:colcon.colcon_core.shell:Creating environment hook '/home/wanglonglong/Learn_ROS2/03.my_robot/install/detect/share/detect/hook/ament_prefix_path.sh'
[0.262s] INFO:colcon.colcon_core.shell:Skip shell extension 'powershell' for command environment: Not usable outside of PowerShell
[0.262s] DEBUG:colcon.colcon_core.shell:Skip shell extension 'dsv' for command environment
[0.265s] INFO:colcon.colcon_ros.task.ament_cmake.build:Building ROS package in '/home/wanglonglong/Learn_ROS2/03.my_robot/src/perception' with build type 'ament_cmake'
[0.265s] INFO:colcon.colcon_cmake.task.cmake.build:Building CMake package in '/home/wanglonglong/Learn_ROS2/03.my_robot/src/perception'
[0.265s] INFO:colcon.colcon_core.shell:Skip shell extension 'powershell' for command environment: Not usable outside of PowerShell
[0.265s] DEBUG:colcon.colcon_core.shell:Skip shell extension 'dsv' for command environment
[0.268s] INFO:colcon.colcon_ros.task.ament_cmake.build:Building ROS package in '/home/wanglonglong/Learn_ROS2/03.my_robot/src/v4l2_camera' with build type 'ament_cmake'
[0.268s] INFO:colcon.colcon_cmake.task.cmake.build:Building CMake package in '/home/wanglonglong/Learn_ROS2/03.my_robot/src/v4l2_camera'
[0.268s] INFO:colcon.colcon_core.shell:Skip shell extension 'powershell' for command environment: Not usable outside of PowerShell
[0.268s] DEBUG:colcon.colcon_core.shell:Skip shell extension 'dsv' for command environment
[0.275s] DEBUG:colcon.colcon_core.event_handler.log_command:Invoking command in '/home/wanglonglong/Learn_ROS2/03.my_robot/build/bringup': CMAKE_PREFIX_PATH=${CMAKE_PREFIX_PATH}:/home/wanglonglong/Learn_ROS2/03.my_robot/install/detect:/opt/ros/jazzy DEBUGINFOD_URLS=https://debuginfod.ubuntu.com PS1=(ros2_env) \[\e]0;\u@\h: \w\a\]${debian_chroot:+($debian_chroot)}\[\033[01;32m\]\u\[\033[00m\]:\[\033[01;34m\]\w\[\033[00m\]\$ VIRTUAL_ENV_PROMPT=(ros2_env) /usr/bin/cmake --build /home/wanglonglong/Learn_ROS2/03.my_robot/build/bringup -- -j16 -l16
[0.418s] INFO:colcon.colcon_core.task.python.build:Building Python package in '/home/wanglonglong/Learn_ROS2/03.my_robot/src/detect'
[0.418s] INFO:colcon.colcon_core.shell:Skip shell extension 'powershell' for command environment: Not usable outside of PowerShell
[0.418s] DEBUG:colcon.colcon_core.shell:Skip shell extension 'dsv' for command environment
[0.426s] DEBUG:colcon.colcon_core.event_handler.log_command:Invoking command in '/home/wanglonglong/Learn_ROS2/03.my_robot/build/perception': CMAKE_PREFIX_PATH=${CMAKE_PREFIX_PATH}:/home/wanglonglong/Learn_ROS2/03.my_robot/install/detect:/opt/ros/jazzy DEBUGINFOD_URLS=https://debuginfod.ubuntu.com PS1=(ros2_env) \[\e]0;\u@\h: \w\a\]${debian_chroot:+($debian_chroot)}\[\033[01;32m\]\u\[\033[00m\]:\[\033[01;34m\]\w\[\033[00m\]\$ VIRTUAL_ENV_PROMPT=(ros2_env) /usr/bin/cmake --build /home/wanglonglong/Learn_ROS2/03.my_robot/build/perception -- -j16 -l16
[0.426s] DEBUG:colcon.colcon_core.event_handler.log_command:Invoked command in '/home/wanglonglong/Learn_ROS2/03.my_robot/build/bringup' returned '0': CMAKE_PREFIX_PATH=${CMAKE_PREFIX_PATH}:/home/wanglonglong/Learn_ROS2/03.my_robot/install/detect:/opt/ros/jazzy DEBUGINFOD_URLS=https://debuginfod.ubuntu.com PS1=(ros2_env) \[\e]0;\u@\h: \w\a\]${debian_chroot:+($debian_chroot)}\[\033[01;32m\]\u\[\033[00m\]:\[\033[01;34m\]\w\[\033[00m\]\$ VIRTUAL_ENV_PROMPT=(ros2_env) /usr/bin/cmake --build /home/wanglonglong/Learn_ROS2/03.my_robot/build/bringup -- -j16 -l16
[0.435s] DEBUG:colcon.colcon_core.event_handler.log_command:Invoking command in '/home/wanglonglong/Learn_ROS2/03.my_robot/build/bringup': CMAKE_PREFIX_PATH=${CMAKE_PREFIX_PATH}:/home/wanglonglong/Learn_ROS2/03.my_robot/install/detect:/opt/ros/jazzy DEBUGINFOD_URLS=https://debuginfod.ubuntu.com PS1=(ros2_env) \[\e]0;\u@\h: \w\a\]${debian_chroot:+($debian_chroot)}\[\033[01;32m\]\u\[\033[00m\]:\[\033[01;34m\]\w\[\033[00m\]\$ VIRTUAL_ENV_PROMPT=(ros2_env) /usr/bin/cmake --install /home/wanglonglong/Learn_ROS2/03.my_robot/build/bringup
[0.440s] DEBUG:colcon.colcon_core.event_handler.log_command:Invoking command in '/home/wanglonglong/Learn_ROS2/03.my_robot/build/v4l2_camera': CMAKE_PREFIX_PATH=${CMAKE_PREFIX_PATH}:/home/wanglonglong/Learn_ROS2/03.my_robot/install/detect:/opt/ros/jazzy DEBUGINFOD_URLS=https://debuginfod.ubuntu.com PS1=(ros2_env) \[\e]0;\u@\h: \w\a\]${debian_chroot:+($debian_chroot)}\[\033[01;32m\]\u\[\033[00m\]:\[\033[01;34m\]\w\[\033[00m\]\$ VIRTUAL_ENV_PROMPT=(ros2_env) /usr/bin/cmake --build /home/wanglonglong/Learn_ROS2/03.my_robot/build/v4l2_camera -- -j16 -l16
[0.449s] Level 1:colcon.colcon_core.environment:create_environment_scripts_only(bringup)
[0.449s] DEBUG:colcon.colcon_core.event_handler.log_command:Invoked command in '/home/wanglonglong/Learn_ROS2/03.my_robot/build/bringup' returned '0': CMAKE_PREFIX_PATH=${CMAKE_PREFIX_PATH}:/home/wanglonglong/Learn_ROS2/03.my_robot/install/detect:/opt/ros/jazzy DEBUGINFOD_URLS=https://debuginfod.ubuntu.com PS1=(ros2_env) \[\e]0;\u@\h: \w\a\]${debian_chroot:+($debian_chroot)}\[\033[01;32m\]\u\[\033[00m\]:\[\033[01;34m\]\w\[\033[00m\]\$ VIRTUAL_ENV_PROMPT=(ros2_env) /usr/bin/cmake --install /home/wanglonglong/Learn_ROS2/03.my_robot/build/bringup
[0.456s] Level 1:colcon.colcon_core.environment:checking '/home/wanglonglong/Learn_ROS2/03.my_robot/install/bringup' for CMake module files
[0.457s] Level 1:colcon.colcon_core.environment:checking '/home/wanglonglong/Learn_ROS2/03.my_robot/install/bringup' for CMake config files
[0.457s] Level 1:colcon.colcon_core.shell:create_environment_hook('bringup', 'cmake_prefix_path')
[0.457s] INFO:colcon.colcon_core.shell:Creating environment hook '/home/wanglonglong/Learn_ROS2/03.my_robot/install/bringup/share/bringup/hook/cmake_prefix_path.ps1'
[0.457s] INFO:colcon.colcon_core.shell:Creating environment descriptor '/home/wanglonglong/Learn_ROS2/03.my_robot/install/bringup/share/bringup/hook/cmake_prefix_path.dsv'
[0.458s] INFO:colcon.colcon_core.shell:Creating environment hook '/home/wanglonglong/Learn_ROS2/03.my_robot/install/bringup/share/bringup/hook/cmake_prefix_path.sh'
[0.459s] Level 1:colcon.colcon_core.environment:checking '/home/wanglonglong/Learn_ROS2/03.my_robot/install/bringup/bin'
[0.459s] Level 1:colcon.colcon_core.environment:checking '/home/wanglonglong/Learn_ROS2/03.my_robot/install/bringup/lib/pkgconfig/bringup.pc'
[0.459s] Level 1:colcon.colcon_core.environment:checking '/home/wanglonglong/Learn_ROS2/03.my_robot/install/bringup/lib/python3.12/site-packages'
[0.459s] Level 1:colcon.colcon_core.environment:checking '/home/wanglonglong/Learn_ROS2/03.my_robot/install/bringup/bin'
[0.460s] INFO:colcon.colcon_core.shell:Creating package script '/home/wanglonglong/Learn_ROS2/03.my_robot/install/bringup/share/bringup/package.ps1'
[0.461s] INFO:colcon.colcon_core.shell:Creating package descriptor '/home/wanglonglong/Learn_ROS2/03.my_robot/install/bringup/share/bringup/package.dsv'
[0.462s] INFO:colcon.colcon_core.shell:Creating package script '/home/wanglonglong/Learn_ROS2/03.my_robot/install/bringup/share/bringup/package.sh'
[0.463s] INFO:colcon.colcon_core.shell:Creating package script '/home/wanglonglong/Learn_ROS2/03.my_robot/install/bringup/share/bringup/package.bash'
[0.464s] INFO:colcon.colcon_core.shell:Creating package script '/home/wanglonglong/Learn_ROS2/03.my_robot/install/bringup/share/bringup/package.zsh'
[0.465s] Level 1:colcon.colcon_core.environment:create_file_with_runtime_dependencies(/home/wanglonglong/Learn_ROS2/03.my_robot/install/bringup/share/colcon-core/packages/bringup)
[0.465s] Level 1:colcon.colcon_core.environment:create_environment_scripts_only(bringup)
[0.465s] Level 1:colcon.colcon_core.environment:checking '/home/wanglonglong/Learn_ROS2/03.my_robot/install/bringup' for CMake module files
[0.466s] Level 1:colcon.colcon_core.environment:checking '/home/wanglonglong/Learn_ROS2/03.my_robot/install/bringup' for CMake config files
[0.466s] Level 1:colcon.colcon_core.shell:create_environment_hook('bringup', 'cmake_prefix_path')
[0.466s] INFO:colcon.colcon_core.shell:Creating environment hook '/home/wanglonglong/Learn_ROS2/03.my_robot/install/bringup/share/bringup/hook/cmake_prefix_path.ps1'
[0.466s] INFO:colcon.colcon_core.shell:Creating environment descriptor '/home/wanglonglong/Learn_ROS2/03.my_robot/install/bringup/share/bringup/hook/cmake_prefix_path.dsv'
[0.467s] INFO:colcon.colcon_core.shell:Creating environment hook '/home/wanglonglong/Learn_ROS2/03.my_robot/install/bringup/share/bringup/hook/cmake_prefix_path.sh'
[0.467s] Level 1:colcon.colcon_core.environment:checking '/home/wanglonglong/Learn_ROS2/03.my_robot/install/bringup/bin'
[0.467s] Level 1:colcon.colcon_core.environment:checking '/home/wanglonglong/Learn_ROS2/03.my_robot/install/bringup/lib/pkgconfig/bringup.pc'
[0.468s] Level 1:colcon.colcon_core.environment:checking '/home/wanglonglong/Learn_ROS2/03.my_robot/install/bringup/lib/python3.12/site-packages'
[0.468s] Level 1:colcon.colcon_core.environment:checking '/home/wanglonglong/Learn_ROS2/03.my_robot/install/bringup/bin'
[0.468s] INFO:colcon.colcon_core.shell:Creating package script '/home/wanglonglong/Learn_ROS2/03.my_robot/install/bringup/share/bringup/package.ps1'
[0.468s] INFO:colcon.colcon_core.shell:Creating package descriptor '/home/wanglonglong/Learn_ROS2/03.my_robot/install/bringup/share/bringup/package.dsv'
[0.469s] INFO:colcon.colcon_core.shell:Creating package script '/home/wanglonglong/Learn_ROS2/03.my_robot/install/bringup/share/bringup/package.sh'
[0.469s] INFO:colcon.colcon_core.shell:Creating package script '/home/wanglonglong/Learn_ROS2/03.my_robot/install/bringup/share/bringup/package.bash'
[0.469s] INFO:colcon.colcon_core.shell:Creating package script '/home/wanglonglong/Learn_ROS2/03.my_robot/install/bringup/share/bringup/package.zsh'
[0.470s] Level 1:colcon.colcon_core.environment:create_file_with_runtime_dependencies(/home/wanglonglong/Learn_ROS2/03.my_robot/install/bringup/share/colcon-core/packages/bringup)
[0.526s] DEBUG:colcon.colcon_core.event_handler.log_command:Invoked command in '/home/wanglonglong/Learn_ROS2/03.my_robot/build/perception' returned '0': CMAKE_PREFIX_PATH=${CMAKE_PREFIX_PATH}:/home/wanglonglong/Learn_ROS2/03.my_robot/install/detect:/opt/ros/jazzy DEBUGINFOD_URLS=https://debuginfod.ubuntu.com PS1=(ros2_env) \[\e]0;\u@\h: \w\a\]${debian_chroot:+($debian_chroot)}\[\033[01;32m\]\u\[\033[00m\]:\[\033[01;34m\]\w\[\033[00m\]\$ VIRTUAL_ENV_PROMPT=(ros2_env) /usr/bin/cmake --build /home/wanglonglong/Learn_ROS2/03.my_robot/build/perception -- -j16 -l16
[0.527s] DEBUG:colcon.colcon_core.event_handler.log_command:Invoking command in '/home/wanglonglong/Learn_ROS2/03.my_robot/build/perception': CMAKE_PREFIX_PATH=${CMAKE_PREFIX_PATH}:/home/wanglonglong/Learn_ROS2/03.my_robot/install/detect:/opt/ros/jazzy DEBUGINFOD_URLS=https://debuginfod.ubuntu.com PS1=(ros2_env) \[\e]0;\u@\h: \w\a\]${debian_chroot:+($debian_chroot)}\[\033[01;32m\]\u\[\033[00m\]:\[\033[01;34m\]\w\[\033[00m\]\$ VIRTUAL_ENV_PROMPT=(ros2_env) /usr/bin/cmake --install /home/wanglonglong/Learn_ROS2/03.my_robot/build/perception
[0.540s] Level 1:colcon.colcon_core.environment:create_environment_scripts_only(perception)
[0.540s] Level 1:colcon.colcon_core.environment:checking '/home/wanglonglong/Learn_ROS2/03.my_robot/install/perception' for CMake module files
[0.540s] DEBUG:colcon.colcon_core.event_handler.log_command:Invoked command in '/home/wanglonglong/Learn_ROS2/03.my_robot/build/perception' returned '0': CMAKE_PREFIX_PATH=${CMAKE_PREFIX_PATH}:/home/wanglonglong/Learn_ROS2/03.my_robot/install/detect:/opt/ros/jazzy DEBUGINFOD_URLS=https://debuginfod.ubuntu.com PS1=(ros2_env) \[\e]0;\u@\h: \w\a\]${debian_chroot:+($debian_chroot)}\[\033[01;32m\]\u\[\033[00m\]:\[\033[01;34m\]\w\[\033[00m\]\$ VIRTUAL_ENV_PROMPT=(ros2_env) /usr/bin/cmake --install /home/wanglonglong/Learn_ROS2/03.my_robot/build/perception
[0.541s] Level 1:colcon.colcon_core.environment:checking '/home/wanglonglong/Learn_ROS2/03.my_robot/install/perception' for CMake config files
[0.541s] Level 1:colcon.colcon_core.shell:create_environment_hook('perception', 'cmake_prefix_path')
[0.541s] INFO:colcon.colcon_core.shell:Creating environment hook '/home/wanglonglong/Learn_ROS2/03.my_robot/install/perception/share/perception/hook/cmake_prefix_path.ps1'
[0.541s] INFO:colcon.colcon_core.shell:Creating environment descriptor '/home/wanglonglong/Learn_ROS2/03.my_robot/install/perception/share/perception/hook/cmake_prefix_path.dsv'
[0.542s] INFO:colcon.colcon_core.shell:Creating environment hook '/home/wanglonglong/Learn_ROS2/03.my_robot/install/perception/share/perception/hook/cmake_prefix_path.sh'
[0.542s] Level 1:colcon.colcon_core.environment:checking '/home/wanglonglong/Learn_ROS2/03.my_robot/install/perception/lib'
[0.543s] Level 1:colcon.colcon_core.environment:checking '/home/wanglonglong/Learn_ROS2/03.my_robot/install/perception/bin'
[0.543s] Level 1:colcon.colcon_core.environment:checking '/home/wanglonglong/Learn_ROS2/03.my_robot/install/perception/lib/pkgconfig/perception.pc'
[0.543s] Level 1:colcon.colcon_core.environment:checking '/home/wanglonglong/Learn_ROS2/03.my_robot/install/perception/lib/python3.12/site-packages'
[0.543s] Level 1:colcon.colcon_core.environment:checking '/home/wanglonglong/Learn_ROS2/03.my_robot/install/perception/bin'
[0.543s] INFO:colcon.colcon_core.shell:Creating package script '/home/wanglonglong/Learn_ROS2/03.my_robot/install/perception/share/perception/package.ps1'
[0.544s] INFO:colcon.colcon_core.shell:Creating package descriptor '/home/wanglonglong/Learn_ROS2/03.my_robot/install/perception/share/perception/package.dsv'
[0.544s] INFO:colcon.colcon_core.shell:Creating package script '/home/wanglonglong/Learn_ROS2/03.my_robot/install/perception/share/perception/package.sh'
[0.545s] INFO:colcon.colcon_core.shell:Creating package script '/home/wanglonglong/Learn_ROS2/03.my_robot/install/perception/share/perception/package.bash'
[0.545s] INFO:colcon.colcon_core.shell:Creating package script '/home/wanglonglong/Learn_ROS2/03.my_robot/install/perception/share/perception/package.zsh'
[0.545s] Level 1:colcon.colcon_core.environment:create_file_with_runtime_dependencies(/home/wanglonglong/Learn_ROS2/03.my_robot/install/perception/share/colcon-core/packages/perception)
[0.546s] Level 1:colcon.colcon_core.environment:create_environment_scripts_only(perception)
[0.546s] Level 1:colcon.colcon_core.environment:checking '/home/wanglonglong/Learn_ROS2/03.my_robot/install/perception' for CMake module files
[0.546s] Level 1:colcon.colcon_core.environment:checking '/home/wanglonglong/Learn_ROS2/03.my_robot/install/perception' for CMake config files
[0.547s] Level 1:colcon.colcon_core.shell:create_environment_hook('perception', 'cmake_prefix_path')
[0.547s] INFO:colcon.colcon_core.shell:Creating environment hook '/home/wanglonglong/Learn_ROS2/03.my_robot/install/perception/share/perception/hook/cmake_prefix_path.ps1'
[0.547s] INFO:colcon.colcon_core.shell:Creating environment descriptor '/home/wanglonglong/Learn_ROS2/03.my_robot/install/perception/share/perception/hook/cmake_prefix_path.dsv'
[0.547s] INFO:colcon.colcon_core.shell:Creating environment hook '/home/wanglonglong/Learn_ROS2/03.my_robot/install/perception/share/perception/hook/cmake_prefix_path.sh'
[0.548s] Level 1:colcon.colcon_core.environment:checking '/home/wanglonglong/Learn_ROS2/03.my_robot/install/perception/lib'
[0.548s] Level 1:colcon.colcon_core.environment:checking '/home/wanglonglong/Learn_ROS2/03.my_robot/install/perception/bin'
[0.548s] Level 1:colcon.colcon_core.environment:checking '/home/wanglonglong/Learn_ROS2/03.my_robot/install/perception/lib/pkgconfig/perception.pc'
[0.549s] Level 1:colcon.colcon_core.environment:checking '/home/wanglonglong/Learn_ROS2/03.my_robot/install/perception/lib/python3.12/site-packages'
[0.549s] Level 1:colcon.colcon_core.environment:checking '/home/wanglonglong/Learn_ROS2/03.my_robot/install/perception/bin'
[0.549s] INFO:colcon.colcon_core.shell:Creating package script '/home/wanglonglong/Learn_ROS2/03.my_robot/install/perception/share/perception/package.ps1'
[0.549s] INFO:colcon.colcon_core.shell:Creating package descriptor '/home/wanglonglong/Learn_ROS2/03.my_robot/install/perception/share/perception/package.dsv'
[0.550s] INFO:colcon.colcon_core.shell:Creating package script '/home/wanglonglong/Learn_ROS2/03.my_robot/install/perception/share/perception/package.sh'
[0.551s] INFO:colcon.colcon_core.shell:Creating package script '/home/wanglonglong/Learn_ROS2/03.my_robot/install/perception/share/perception/package.bash'
[0.552s] INFO:colcon.colcon_core.shell:Creating package script '/home/wanglonglong/Learn_ROS2/03.my_robot/install/perception/share/perception/package.zsh'
[0.552s] Level 1:colcon.colcon_core.environment:create_file_with_runtime_dependencies(/home/wanglonglong/Learn_ROS2/03.my_robot/install/perception/share/colcon-core/packages/perception)
[0.562s] DEBUG:colcon.colcon_core.event_handler.log_command:Invoked command in '/home/wanglonglong/Learn_ROS2/03.my_robot/build/v4l2_camera' returned '0': CMAKE_PREFIX_PATH=${CMAKE_PREFIX_PATH}:/home/wanglonglong/Learn_ROS2/03.my_robot/install/detect:/opt/ros/jazzy DEBUGINFOD_URLS=https://debuginfod.ubuntu.com PS1=(ros2_env) \[\e]0;\u@\h: \w\a\]${debian_chroot:+($debian_chroot)}\[\033[01;32m\]\u\[\033[00m\]:\[\033[01;34m\]\w\[\033[00m\]\$ VIRTUAL_ENV_PROMPT=(ros2_env) /usr/bin/cmake --build /home/wanglonglong/Learn_ROS2/03.my_robot/build/v4l2_camera -- -j16 -l16
[0.564s] DEBUG:colcon.colcon_core.event_handler.log_command:Invoking command in '/home/wanglonglong/Learn_ROS2/03.my_robot/build/v4l2_camera': CMAKE_PREFIX_PATH=${CMAKE_PREFIX_PATH}:/home/wanglonglong/Learn_ROS2/03.my_robot/install/detect:/opt/ros/jazzy DEBUGINFOD_URLS=https://debuginfod.ubuntu.com PS1=(ros2_env) \[\e]0;\u@\h: \w\a\]${debian_chroot:+($debian_chroot)}\[\033[01;32m\]\u\[\033[00m\]:\[\033[01;34m\]\w\[\033[00m\]\$ VIRTUAL_ENV_PROMPT=(ros2_env) /usr/bin/cmake --install /home/wanglonglong/Learn_ROS2/03.my_robot/build/v4l2_camera
[0.579s] Level 1:colcon.colcon_core.environment:create_environment_scripts_only(v4l2_camera)
[0.579s] DEBUG:colcon.colcon_core.event_handler.log_command:Invoked command in '/home/wanglonglong/Learn_ROS2/03.my_robot/build/v4l2_camera' returned '0': CMAKE_PREFIX_PATH=${CMAKE_PREFIX_PATH}:/home/wanglonglong/Learn_ROS2/03.my_robot/install/detect:/opt/ros/jazzy DEBUGINFOD_URLS=https://debuginfod.ubuntu.com PS1=(ros2_env) \[\e]0;\u@\h: \w\a\]${debian_chroot:+($debian_chroot)}\[\033[01;32m\]\u\[\033[00m\]:\[\033[01;34m\]\w\[\033[00m\]\$ VIRTUAL_ENV_PROMPT=(ros2_env) /usr/bin/cmake --install /home/wanglonglong/Learn_ROS2/03.my_robot/build/v4l2_camera
[0.579s] Level 1:colcon.colcon_core.environment:checking '/home/wanglonglong/Learn_ROS2/03.my_robot/install/v4l2_camera' for CMake module files
[0.580s] Level 1:colcon.colcon_core.environment:checking '/home/wanglonglong/Learn_ROS2/03.my_robot/install/v4l2_camera' for CMake config files
[0.580s] Level 1:colcon.colcon_core.shell:create_environment_hook('v4l2_camera', 'cmake_prefix_path')
[0.580s] INFO:colcon.colcon_core.shell:Creating environment hook '/home/wanglonglong/Learn_ROS2/03.my_robot/install/v4l2_camera/share/v4l2_camera/hook/cmake_prefix_path.ps1'
[0.581s] INFO:colcon.colcon_core.shell:Creating environment descriptor '/home/wanglonglong/Learn_ROS2/03.my_robot/install/v4l2_camera/share/v4l2_camera/hook/cmake_prefix_path.dsv'
[0.581s] INFO:colcon.colcon_core.shell:Creating environment hook '/home/wanglonglong/Learn_ROS2/03.my_robot/install/v4l2_camera/share/v4l2_camera/hook/cmake_prefix_path.sh'
[0.581s] Level 1:colcon.colcon_core.environment:checking '/home/wanglonglong/Learn_ROS2/03.my_robot/install/v4l2_camera/lib'
[0.582s] Level 1:colcon.colcon_core.shell:create_environment_hook('v4l2_camera', 'ld_library_path_lib')
[0.582s] INFO:colcon.colcon_core.shell:Creating environment hook '/home/wanglonglong/Learn_ROS2/03.my_robot/install/v4l2_camera/share/v4l2_camera/hook/ld_library_path_lib.ps1'
[0.582s] INFO:colcon.colcon_core.shell:Creating environment descriptor '/home/wanglonglong/Learn_ROS2/03.my_robot/install/v4l2_camera/share/v4l2_camera/hook/ld_library_path_lib.dsv'
[0.582s] INFO:colcon.colcon_core.shell:Creating environment hook '/home/wanglonglong/Learn_ROS2/03.my_robot/install/v4l2_camera/share/v4l2_camera/hook/ld_library_path_lib.sh'
[0.583s] Level 1:colcon.colcon_core.environment:checking '/home/wanglonglong/Learn_ROS2/03.my_robot/install/v4l2_camera/bin'
[0.583s] Level 1:colcon.colcon_core.environment:checking '/home/wanglonglong/Learn_ROS2/03.my_robot/install/v4l2_camera/lib/pkgconfig/v4l2_camera.pc'
[0.583s] Level 1:colcon.colcon_core.environment:checking '/home/wanglonglong/Learn_ROS2/03.my_robot/install/v4l2_camera/lib/python3.12/site-packages'
[0.583s] Level 1:colcon.colcon_core.environment:checking '/home/wanglonglong/Learn_ROS2/03.my_robot/install/v4l2_camera/bin'
[0.583s] INFO:colcon.colcon_core.shell:Creating package script '/home/wanglonglong/Learn_ROS2/03.my_robot/install/v4l2_camera/share/v4l2_camera/package.ps1'
[0.584s] INFO:colcon.colcon_core.shell:Creating package descriptor '/home/wanglonglong/Learn_ROS2/03.my_robot/install/v4l2_camera/share/v4l2_camera/package.dsv'
[0.584s] INFO:colcon.colcon_core.shell:Creating package script '/home/wanglonglong/Learn_ROS2/03.my_robot/install/v4l2_camera/share/v4l2_camera/package.sh'
[0.585s] INFO:colcon.colcon_core.shell:Creating package script '/home/wanglonglong/Learn_ROS2/03.my_robot/install/v4l2_camera/share/v4l2_camera/package.bash'
[0.585s] INFO:colcon.colcon_core.shell:Creating package script '/home/wanglonglong/Learn_ROS2/03.my_robot/install/v4l2_camera/share/v4l2_camera/package.zsh'
[0.585s] Level 1:colcon.colcon_core.environment:create_file_with_runtime_dependencies(/home/wanglonglong/Learn_ROS2/03.my_robot/install/v4l2_camera/share/colcon-core/packages/v4l2_camera)
[0.586s] Level 1:colcon.colcon_core.environment:create_environment_scripts_only(v4l2_camera)
[0.586s] Level 1:colcon.colcon_core.environment:checking '/home/wanglonglong/Learn_ROS2/03.my_robot/install/v4l2_camera' for CMake module files
[0.586s] Level 1:colcon.colcon_core.environment:checking '/home/wanglonglong/Learn_ROS2/03.my_robot/install/v4l2_camera' for CMake config files
[0.586s] Level 1:colcon.colcon_core.shell:create_environment_hook('v4l2_camera', 'cmake_prefix_path')
[0.586s] INFO:colcon.colcon_core.shell:Creating environment hook '/home/wanglonglong/Learn_ROS2/03.my_robot/install/v4l2_camera/share/v4l2_camera/hook/cmake_prefix_path.ps1'
[0.587s] INFO:colcon.colcon_core.shell:Creating environment descriptor '/home/wanglonglong/Learn_ROS2/03.my_robot/install/v4l2_camera/share/v4l2_camera/hook/cmake_prefix_path.dsv'
[0.587s] INFO:colcon.colcon_core.shell:Creating environment hook '/home/wanglonglong/Learn_ROS2/03.my_robot/install/v4l2_camera/share/v4l2_camera/hook/cmake_prefix_path.sh'
[0.588s] Level 1:colcon.colcon_core.environment:checking '/home/wanglonglong/Learn_ROS2/03.my_robot/install/v4l2_camera/lib'
[0.588s] Level 1:colcon.colcon_core.shell:create_environment_hook('v4l2_camera', 'ld_library_path_lib')
[0.588s] INFO:colcon.colcon_core.shell:Creating environment hook '/home/wanglonglong/Learn_ROS2/03.my_robot/install/v4l2_camera/share/v4l2_camera/hook/ld_library_path_lib.ps1'
[0.588s] INFO:colcon.colcon_core.shell:Creating environment descriptor '/home/wanglonglong/Learn_ROS2/03.my_robot/install/v4l2_camera/share/v4l2_camera/hook/ld_library_path_lib.dsv'
[0.589s] INFO:colcon.colcon_core.shell:Creating environment hook '/home/wanglonglong/Learn_ROS2/03.my_robot/install/v4l2_camera/share/v4l2_camera/hook/ld_library_path_lib.sh'
[0.589s] Level 1:colcon.colcon_core.environment:checking '/home/wanglonglong/Learn_ROS2/03.my_robot/install/v4l2_camera/bin'
[0.589s] Level 1:colcon.colcon_core.environment:checking '/home/wanglonglong/Learn_ROS2/03.my_robot/install/v4l2_camera/lib/pkgconfig/v4l2_camera.pc'
[0.589s] Level 1:colcon.colcon_core.environment:checking '/home/wanglonglong/Learn_ROS2/03.my_robot/install/v4l2_camera/lib/python3.12/site-packages'
[0.589s] Level 1:colcon.colcon_core.environment:checking '/home/wanglonglong/Learn_ROS2/03.my_robot/install/v4l2_camera/bin'
[0.590s] INFO:colcon.colcon_core.shell:Creating package script '/home/wanglonglong/Learn_ROS2/03.my_robot/install/v4l2_camera/share/v4l2_camera/package.ps1'
[0.590s] INFO:colcon.colcon_core.shell:Creating package descriptor '/home/wanglonglong/Learn_ROS2/03.my_robot/install/v4l2_camera/share/v4l2_camera/package.dsv'
[0.591s] INFO:colcon.colcon_core.shell:Creating package script '/home/wanglonglong/Learn_ROS2/03.my_robot/install/v4l2_camera/share/v4l2_camera/package.sh'
[0.591s] INFO:colcon.colcon_core.shell:Creating package script '/home/wanglonglong/Learn_ROS2/03.my_robot/install/v4l2_camera/share/v4l2_camera/package.bash'
[0.591s] INFO:colcon.colcon_core.shell:Creating package script '/home/wanglonglong/Learn_ROS2/03.my_robot/install/v4l2_camera/share/v4l2_camera/package.zsh'
[0.592s] Level 1:colcon.colcon_core.environment:create_file_with_runtime_dependencies(/home/wanglonglong/Learn_ROS2/03.my_robot/install/v4l2_camera/share/colcon-core/packages/v4l2_camera)
[1.132s] DEBUG:colcon.colcon_core.event_handler.log_command:Invoking command in '/home/wanglonglong/Learn_ROS2/03.my_robot/src/detect': DEBUGINFOD_URLS=https://debuginfod.ubuntu.com PS1=(ros2_env) \[\e]0;\u@\h: \w\a\]${debian_chroot:+($debian_chroot)}\[\033[01;32m\]\u\[\033[00m\]:\[\033[01;34m\]\w\[\033[00m\]\$ PYTHONPATH=/home/wanglonglong/Learn_ROS2/03.my_robot/build/detect/prefix_override:/usr/lib/python3/dist-packages/colcon_core/task/python/colcon_distutils_commands:/home/wanglonglong/Learn_ROS2/03.my_robot/install/detect/lib/python3.12/site-packages:${PYTHONPATH} VIRTUAL_ENV_PROMPT=(ros2_env) /usr/bin/python3 -W ignore:setup.py install is deprecated -W ignore:easy_install command is deprecated setup.py egg_info --egg-base ../../build/detect build --build-base /home/wanglonglong/Learn_ROS2/03.my_robot/build/detect/build install --record /home/wanglonglong/Learn_ROS2/03.my_robot/build/detect/install.log --single-version-externally-managed install_data
[1.594s] Level 1:colcon.colcon_core.environment:checking '/home/wanglonglong/Learn_ROS2/03.my_robot/install/detect' for CMake module files
[1.595s] DEBUG:colcon.colcon_core.event_handler.log_command:Invoked command in '/home/wanglonglong/Learn_ROS2/03.my_robot/src/detect' returned '0': DEBUGINFOD_URLS=https://debuginfod.ubuntu.com PS1=(ros2_env) \[\e]0;\u@\h: \w\a\]${debian_chroot:+($debian_chroot)}\[\033[01;32m\]\u\[\033[00m\]:\[\033[01;34m\]\w\[\033[00m\]\$ PYTHONPATH=/home/wanglonglong/Learn_ROS2/03.my_robot/build/detect/prefix_override:/usr/lib/python3/dist-packages/colcon_core/task/python/colcon_distutils_commands:/home/wanglonglong/Learn_ROS2/03.my_robot/install/detect/lib/python3.12/site-packages:${PYTHONPATH} VIRTUAL_ENV_PROMPT=(ros2_env) /usr/bin/python3 -W ignore:setup.py install is deprecated -W ignore:easy_install command is deprecated setup.py egg_info --egg-base ../../build/detect build --build-base /home/wanglonglong/Learn_ROS2/03.my_robot/build/detect/build install --record /home/wanglonglong/Learn_ROS2/03.my_robot/build/detect/install.log --single-version-externally-managed install_data
[1.596s] Level 1:colcon.colcon_core.environment:checking '/home/wanglonglong/Learn_ROS2/03.my_robot/install/detect' for CMake config files
[1.596s] Level 1:colcon.colcon_core.environment:checking '/home/wanglonglong/Learn_ROS2/03.my_robot/install/detect/lib'
[1.596s] Level 1:colcon.colcon_core.environment:checking '/home/wanglonglong/Learn_ROS2/03.my_robot/install/detect/bin'
[1.596s] Level 1:colcon.colcon_core.environment:checking '/home/wanglonglong/Learn_ROS2/03.my_robot/install/detect/lib/pkgconfig/detect.pc'
[1.597s] Level 1:colcon.colcon_core.environment:checking '/home/wanglonglong/Learn_ROS2/03.my_robot/install/detect/lib/python3.12/site-packages'
[1.597s] Level 1:colcon.colcon_core.shell:create_environment_hook('detect', 'pythonpath')
[1.597s] INFO:colcon.colcon_core.shell:Creating environment hook '/home/wanglonglong/Learn_ROS2/03.my_robot/install/detect/share/detect/hook/pythonpath.ps1'
[1.598s] INFO:colcon.colcon_core.shell:Creating environment descriptor '/home/wanglonglong/Learn_ROS2/03.my_robot/install/detect/share/detect/hook/pythonpath.dsv'
[1.598s] INFO:colcon.colcon_core.shell:Creating environment hook '/home/wanglonglong/Learn_ROS2/03.my_robot/install/detect/share/detect/hook/pythonpath.sh'
[1.599s] Level 1:colcon.colcon_core.environment:checking '/home/wanglonglong/Learn_ROS2/03.my_robot/install/detect/bin'
[1.599s] Level 1:colcon.colcon_core.environment:create_environment_scripts_only(detect)
[1.599s] INFO:colcon.colcon_core.shell:Creating package script '/home/wanglonglong/Learn_ROS2/03.my_robot/install/detect/share/detect/package.ps1'
[1.600s] INFO:colcon.colcon_core.shell:Creating package descriptor '/home/wanglonglong/Learn_ROS2/03.my_robot/install/detect/share/detect/package.dsv'
[1.600s] INFO:colcon.colcon_core.shell:Creating package script '/home/wanglonglong/Learn_ROS2/03.my_robot/install/detect/share/detect/package.sh'
[1.600s] INFO:colcon.colcon_core.shell:Creating package script '/home/wanglonglong/Learn_ROS2/03.my_robot/install/detect/share/detect/package.bash'
[1.601s] INFO:colcon.colcon_core.shell:Creating package script '/home/wanglonglong/Learn_ROS2/03.my_robot/install/detect/share/detect/package.zsh'
[1.601s] Level 1:colcon.colcon_core.environment:create_file_with_runtime_dependencies(/home/wanglonglong/Learn_ROS2/03.my_robot/install/detect/share/colcon-core/packages/detect)
[1.602s] DEBUG:colcon.colcon_parallel_executor.executor.parallel:closing loop
[1.602s] DEBUG:colcon.colcon_parallel_executor.executor.parallel:loop closed
[1.603s] DEBUG:colcon.colcon_parallel_executor.executor.parallel:run_until_complete finished with '0'
[1.603s] DEBUG:colcon.colcon_core.event_reactor:joining thread
[1.614s] INFO:colcon.colcon_core.plugin_system:Skipping extension 'colcon_notification.desktop_notification.terminal_notifier': Not used on non-Darwin systems
[1.614s] INFO:colcon.colcon_core.plugin_system:Skipping extension 'colcon_notification.desktop_notification.win32': Not used on non-Windows systems
[1.614s] INFO:colcon.colcon_notification.desktop_notification:Sending desktop notification using 'notify2'
[1.646s] DEBUG:colcon.colcon_core.event_reactor:joined thread
[1.646s] INFO:colcon.colcon_core.shell:Creating prefix script '/home/wanglonglong/Learn_ROS2/03.my_robot/install/local_setup.ps1'
[1.649s] INFO:colcon.colcon_core.shell:Creating prefix util module '/home/wanglonglong/Learn_ROS2/03.my_robot/install/_local_setup_util_ps1.py'
[1.650s] INFO:colcon.colcon_core.shell:Creating prefix chain script '/home/wanglonglong/Learn_ROS2/03.my_robot/install/setup.ps1'
[1.652s] INFO:colcon.colcon_core.shell:Creating prefix script '/home/wanglonglong/Learn_ROS2/03.my_robot/install/local_setup.sh'
[1.653s] INFO:colcon.colcon_core.shell:Creating prefix util module '/home/wanglonglong/Learn_ROS2/03.my_robot/install/_local_setup_util_sh.py'
[1.654s] INFO:colcon.colcon_core.shell:Creating prefix chain script '/home/wanglonglong/Learn_ROS2/03.my_robot/install/setup.sh'
[1.655s] INFO:colcon.colcon_core.shell:Creating prefix script '/home/wanglonglong/Learn_ROS2/03.my_robot/install/local_setup.bash'
[1.656s] INFO:colcon.colcon_core.shell:Creating prefix chain script '/home/wanglonglong/Learn_ROS2/03.my_robot/install/setup.bash'
[1.658s] INFO:colcon.colcon_core.shell:Creating prefix script '/home/wanglonglong/Learn_ROS2/03.my_robot/install/local_setup.zsh'
[1.659s] INFO:colcon.colcon_core.shell:Creating prefix chain script '/home/wanglonglong/Learn_ROS2/03.my_robot/install/setup.zsh'
