[0.067s] DEBUG:colcon:Command line arguments: ['/usr/bin/colcon', 'build']
[0.067s] DEBUG:colcon:Parsed command line arguments: Namespace(log_base=None, log_level=None, verb_name='build', build_base='build', install_base='install', merge_install=False, symlink_install=False, test_result_base=None, continue_on_error=False, executor='parallel', parallel_workers=16, event_handlers=None, ignore_user_meta=False, metas=['./colcon.meta'], base_paths=['.'], packages_ignore=None, packages_ignore_regex=None, paths=None, packages_up_to=None, packages_up_to_regex=None, packages_above=None, packages_above_and_dependencies=None, packages_above_depth=None, packages_select_by_dep=None, packages_skip_by_dep=None, packages_skip_up_to=None, packages_select_build_failed=False, packages_skip_build_finished=False, packages_select_test_failures=False, packages_skip_test_passed=False, packages_select=None, packages_skip=None, packages_select_regex=None, packages_skip_regex=None, packages_start=None, packages_end=None, allow_overriding=[], cmake_args=None, cmake_target=None, cmake_target_skip_unavailable=False, cmake_clean_cache=False, cmake_clean_first=False, cmake_force_configure=False, ament_cmake_args=None, catkin_cmake_args=None, catkin_skip_building_tests=False, verb_parser=<colcon_defaults.argument_parser.defaults.DefaultArgumentsDecorator object at 0x740cf3f7d0d0>, verb_extension=<colcon_core.verb.build.BuildVerb object at 0x740cf40f70e0>, main=<bound method BuildVerb.main of <colcon_core.verb.build.BuildVerb object at 0x740cf40f70e0>>)
[0.094s] Level 1:colcon.colcon_core.package_discovery:discover_packages(colcon_meta) check parameters
[0.095s] Level 1:colcon.colcon_core.package_discovery:discover_packages(recursive) check parameters
[0.095s] Level 1:colcon.colcon_core.package_discovery:discover_packages(ignore) check parameters
[0.095s] Level 1:colcon.colcon_core.package_discovery:discover_packages(path) check parameters
[0.095s] Level 1:colcon.colcon_core.package_discovery:discover_packages(colcon_meta) discover
[0.095s] Level 1:colcon.colcon_core.package_discovery:discover_packages(recursive) discover
[0.095s] INFO:colcon.colcon_core.package_discovery:Crawling recursively for packages in '/home/wanglonglong/Learn_ROS2/03.my_robot'
[0.095s] Level 1:colcon.colcon_core.package_identification:_identify(.) by extensions ['ignore', 'ignore_ament_install']
[0.095s] Level 1:colcon.colcon_core.package_identification:_identify(.) by extension 'ignore'
[0.095s] Level 1:colcon.colcon_core.package_identification:_identify(.) by extension 'ignore_ament_install'
[0.095s] Level 1:colcon.colcon_core.package_identification:_identify(.) by extensions ['colcon_pkg']
[0.095s] Level 1:colcon.colcon_core.package_identification:_identify(.) by extension 'colcon_pkg'
[0.095s] Level 1:colcon.colcon_core.package_identification:_identify(.) by extensions ['colcon_meta']
[0.095s] Level 1:colcon.colcon_core.package_identification:_identify(.) by extension 'colcon_meta'
[0.095s] Level 1:colcon.colcon_core.package_identification:_identify(.) by extensions ['ros']
[0.095s] Level 1:colcon.colcon_core.package_identification:_identify(.) by extension 'ros'
[0.112s] Level 1:colcon.colcon_core.package_identification:_identify(.) by extensions ['cmake', 'python']
[0.112s] Level 1:colcon.colcon_core.package_identification:_identify(.) by extension 'cmake'
[0.112s] Level 1:colcon.colcon_core.package_identification:_identify(.) by extension 'python'
[0.112s] Level 1:colcon.colcon_core.package_identification:_identify(.) by extensions ['python_setup_py']
[0.112s] Level 1:colcon.colcon_core.package_identification:_identify(.) by extension 'python_setup_py'
[0.112s] Level 1:colcon.colcon_core.package_identification:_identify(build) by extensions ['ignore', 'ignore_ament_install']
[0.112s] Level 1:colcon.colcon_core.package_identification:_identify(build) by extension 'ignore'
[0.112s] Level 1:colcon.colcon_core.package_identification:_identify(build) ignored
[0.112s] Level 1:colcon.colcon_core.package_identification:_identify(install) by extensions ['ignore', 'ignore_ament_install']
[0.112s] Level 1:colcon.colcon_core.package_identification:_identify(install) by extension 'ignore'
[0.113s] Level 1:colcon.colcon_core.package_identification:_identify(install) ignored
[0.113s] Level 1:colcon.colcon_core.package_identification:_identify(log) by extensions ['ignore', 'ignore_ament_install']
[0.113s] Level 1:colcon.colcon_core.package_identification:_identify(log) by extension 'ignore'
[0.113s] Level 1:colcon.colcon_core.package_identification:_identify(log) ignored
[0.113s] Level 1:colcon.colcon_core.package_identification:_identify(src) by extensions ['ignore', 'ignore_ament_install']
[0.113s] Level 1:colcon.colcon_core.package_identification:_identify(src) by extension 'ignore'
[0.113s] Level 1:colcon.colcon_core.package_identification:_identify(src) by extension 'ignore_ament_install'
[0.113s] Level 1:colcon.colcon_core.package_identification:_identify(src) by extensions ['colcon_pkg']
[0.113s] Level 1:colcon.colcon_core.package_identification:_identify(src) by extension 'colcon_pkg'
[0.113s] Level 1:colcon.colcon_core.package_identification:_identify(src) by extensions ['colcon_meta']
[0.113s] Level 1:colcon.colcon_core.package_identification:_identify(src) by extension 'colcon_meta'
[0.113s] Level 1:colcon.colcon_core.package_identification:_identify(src) by extensions ['ros']
[0.113s] Level 1:colcon.colcon_core.package_identification:_identify(src) by extension 'ros'
[0.113s] Level 1:colcon.colcon_core.package_identification:_identify(src) by extensions ['cmake', 'python']
[0.113s] Level 1:colcon.colcon_core.package_identification:_identify(src) by extension 'cmake'
[0.113s] Level 1:colcon.colcon_core.package_identification:_identify(src) by extension 'python'
[0.113s] Level 1:colcon.colcon_core.package_identification:_identify(src) by extensions ['python_setup_py']
[0.113s] Level 1:colcon.colcon_core.package_identification:_identify(src) by extension 'python_setup_py'
[0.113s] Level 1:colcon.colcon_core.package_identification:_identify(src/bringup) by extensions ['ignore', 'ignore_ament_install']
[0.113s] Level 1:colcon.colcon_core.package_identification:_identify(src/bringup) by extension 'ignore'
[0.113s] Level 1:colcon.colcon_core.package_identification:_identify(src/bringup) by extension 'ignore_ament_install'
[0.113s] Level 1:colcon.colcon_core.package_identification:_identify(src/bringup) by extensions ['colcon_pkg']
[0.113s] Level 1:colcon.colcon_core.package_identification:_identify(src/bringup) by extension 'colcon_pkg'
[0.113s] Level 1:colcon.colcon_core.package_identification:_identify(src/bringup) by extensions ['colcon_meta']
[0.113s] Level 1:colcon.colcon_core.package_identification:_identify(src/bringup) by extension 'colcon_meta'
[0.113s] Level 1:colcon.colcon_core.package_identification:_identify(src/bringup) by extensions ['ros']
[0.113s] Level 1:colcon.colcon_core.package_identification:_identify(src/bringup) by extension 'ros'
[0.115s] DEBUG:colcon.colcon_core.package_identification:Package 'src/bringup' with type 'ros.ament_cmake' and name 'bringup'
[0.115s] Level 1:colcon.colcon_core.package_identification:_identify(src/detect) by extensions ['ignore', 'ignore_ament_install']
[0.115s] Level 1:colcon.colcon_core.package_identification:_identify(src/detect) by extension 'ignore'
[0.115s] Level 1:colcon.colcon_core.package_identification:_identify(src/detect) by extension 'ignore_ament_install'
[0.115s] Level 1:colcon.colcon_core.package_identification:_identify(src/detect) by extensions ['colcon_pkg']
[0.115s] Level 1:colcon.colcon_core.package_identification:_identify(src/detect) by extension 'colcon_pkg'
[0.115s] Level 1:colcon.colcon_core.package_identification:_identify(src/detect) by extensions ['colcon_meta']
[0.115s] Level 1:colcon.colcon_core.package_identification:_identify(src/detect) by extension 'colcon_meta'
[0.115s] Level 1:colcon.colcon_core.package_identification:_identify(src/detect) by extensions ['ros']
[0.115s] Level 1:colcon.colcon_core.package_identification:_identify(src/detect) by extension 'ros'
[0.116s] DEBUG:colcon.colcon_core.package_identification:Package 'src/detect' with type 'ros.ament_python' and name 'detect'
[0.116s] Level 1:colcon.colcon_core.package_identification:_identify(src/perception) by extensions ['ignore', 'ignore_ament_install']
[0.116s] Level 1:colcon.colcon_core.package_identification:_identify(src/perception) by extension 'ignore'
[0.116s] Level 1:colcon.colcon_core.package_identification:_identify(src/perception) by extension 'ignore_ament_install'
[0.116s] Level 1:colcon.colcon_core.package_identification:_identify(src/perception) by extensions ['colcon_pkg']
[0.116s] Level 1:colcon.colcon_core.package_identification:_identify(src/perception) by extension 'colcon_pkg'
[0.116s] Level 1:colcon.colcon_core.package_identification:_identify(src/perception) by extensions ['colcon_meta']
[0.116s] Level 1:colcon.colcon_core.package_identification:_identify(src/perception) by extension 'colcon_meta'
[0.116s] Level 1:colcon.colcon_core.package_identification:_identify(src/perception) by extensions ['ros']
[0.116s] Level 1:colcon.colcon_core.package_identification:_identify(src/perception) by extension 'ros'
[0.116s] DEBUG:colcon.colcon_core.package_identification:Package 'src/perception' with type 'ros.ament_cmake' and name 'perception'
[0.116s] Level 1:colcon.colcon_core.package_identification:_identify(src/v4l2_camera) by extensions ['ignore', 'ignore_ament_install']
[0.116s] Level 1:colcon.colcon_core.package_identification:_identify(src/v4l2_camera) by extension 'ignore'
[0.117s] Level 1:colcon.colcon_core.package_identification:_identify(src/v4l2_camera) by extension 'ignore_ament_install'
[0.117s] Level 1:colcon.colcon_core.package_identification:_identify(src/v4l2_camera) by extensions ['colcon_pkg']
[0.117s] Level 1:colcon.colcon_core.package_identification:_identify(src/v4l2_camera) by extension 'colcon_pkg'
[0.117s] Level 1:colcon.colcon_core.package_identification:_identify(src/v4l2_camera) by extensions ['colcon_meta']
[0.117s] Level 1:colcon.colcon_core.package_identification:_identify(src/v4l2_camera) by extension 'colcon_meta'
[0.117s] Level 1:colcon.colcon_core.package_identification:_identify(src/v4l2_camera) by extensions ['ros']
[0.117s] Level 1:colcon.colcon_core.package_identification:_identify(src/v4l2_camera) by extension 'ros'
[0.117s] DEBUG:colcon.colcon_core.package_identification:Package 'src/v4l2_camera' with type 'ros.ament_cmake' and name 'v4l2_camera'
[0.117s] Level 1:colcon.colcon_core.package_discovery:discover_packages(recursive) using defaults
[0.117s] Level 1:colcon.colcon_core.package_discovery:discover_packages(ignore) discover
[0.117s] Level 1:colcon.colcon_core.package_discovery:discover_packages(ignore) using defaults
[0.117s] Level 1:colcon.colcon_core.package_discovery:discover_packages(path) discover
[0.117s] Level 1:colcon.colcon_core.package_discovery:discover_packages(path) using defaults
[0.129s] Level 1:colcon.colcon_core.package_discovery:discover_packages(prefix_path) check parameters
[0.129s] Level 1:colcon.colcon_core.package_discovery:discover_packages(prefix_path) discover
[0.130s] WARNING:colcon.colcon_ros.prefix_path.ament:The path '/home/wanglonglong/Learn_ROS2/03.my_robot/install' in the environment variable AMENT_PREFIX_PATH doesn't contain any 'local_setup.*' files.
[0.130s] WARNING:colcon.colcon_ros.prefix_path.ament:The path '/home/wanglonglong/Learn_ROS2/03.my_robot/install/v4l2_camera' in the environment variable AMENT_PREFIX_PATH doesn't exist
[0.130s] WARNING:colcon.colcon_ros.prefix_path.ament:The path '/home/wanglonglong/Learn_ROS2/03.my_robot/install/perception' in the environment variable AMENT_PREFIX_PATH doesn't exist
[0.130s] WARNING:colcon.colcon_ros.prefix_path.ament:The path '/home/wanglonglong/Learn_ROS2/03.my_robot/install/detect' in the environment variable AMENT_PREFIX_PATH doesn't exist
[0.130s] WARNING:colcon.colcon_ros.prefix_path.ament:The path '/home/wanglonglong/Learn_ROS2/03.my_robot/install/bringup' in the environment variable AMENT_PREFIX_PATH doesn't exist
[0.130s] WARNING:colcon.colcon_ros.prefix_path.catkin:The path '/home/wanglonglong/Learn_ROS2/03.my_robot/install/v4l2_camera' in the environment variable CMAKE_PREFIX_PATH doesn't exist
[0.130s] WARNING:colcon.colcon_ros.prefix_path.catkin:The path '/home/wanglonglong/Learn_ROS2/03.my_robot/install/perception' in the environment variable CMAKE_PREFIX_PATH doesn't exist
[0.130s] WARNING:colcon.colcon_ros.prefix_path.catkin:The path '/home/wanglonglong/Learn_ROS2/03.my_robot/install/bringup' in the environment variable CMAKE_PREFIX_PATH doesn't exist
[0.131s] DEBUG:colcon.colcon_installed_package_information.package_discovery:Found 0 installed packages in /home/wanglonglong/Learn_ROS2/03.my_robot/install
[0.132s] DEBUG:colcon.colcon_installed_package_information.package_discovery:Found 288 installed packages in /opt/ros/jazzy
[0.132s] Level 1:colcon.colcon_core.package_discovery:discover_packages(prefix_path) using defaults
[0.161s] Level 5:colcon.colcon_core.verb:set package 'bringup' build argument 'cmake_args' from command line to 'None'
[0.161s] Level 5:colcon.colcon_core.verb:set package 'bringup' build argument 'cmake_target' from command line to 'None'
[0.161s] Level 5:colcon.colcon_core.verb:set package 'bringup' build argument 'cmake_target_skip_unavailable' from command line to 'False'
[0.161s] Level 5:colcon.colcon_core.verb:set package 'bringup' build argument 'cmake_clean_cache' from command line to 'False'
[0.161s] Level 5:colcon.colcon_core.verb:set package 'bringup' build argument 'cmake_clean_first' from command line to 'False'
[0.161s] Level 5:colcon.colcon_core.verb:set package 'bringup' build argument 'cmake_force_configure' from command line to 'False'
[0.161s] Level 5:colcon.colcon_core.verb:set package 'bringup' build argument 'ament_cmake_args' from command line to 'None'
[0.161s] Level 5:colcon.colcon_core.verb:set package 'bringup' build argument 'catkin_cmake_args' from command line to 'None'
[0.161s] Level 5:colcon.colcon_core.verb:set package 'bringup' build argument 'catkin_skip_building_tests' from command line to 'False'
[0.161s] DEBUG:colcon.colcon_core.verb:Building package 'bringup' with the following arguments: {'ament_cmake_args': None, 'build_base': '/home/wanglonglong/Learn_ROS2/03.my_robot/build/bringup', 'catkin_cmake_args': None, 'catkin_skip_building_tests': False, 'cmake_args': None, 'cmake_clean_cache': False, 'cmake_clean_first': False, 'cmake_force_configure': False, 'cmake_target': None, 'cmake_target_skip_unavailable': False, 'install_base': '/home/wanglonglong/Learn_ROS2/03.my_robot/install/bringup', 'merge_install': False, 'path': '/home/wanglonglong/Learn_ROS2/03.my_robot/src/bringup', 'symlink_install': False, 'test_result_base': None}
[0.161s] Level 5:colcon.colcon_core.verb:set package 'detect' build argument 'cmake_args' from command line to 'None'
[0.161s] Level 5:colcon.colcon_core.verb:set package 'detect' build argument 'cmake_target' from command line to 'None'
[0.161s] Level 5:colcon.colcon_core.verb:set package 'detect' build argument 'cmake_target_skip_unavailable' from command line to 'False'
[0.161s] Level 5:colcon.colcon_core.verb:set package 'detect' build argument 'cmake_clean_cache' from command line to 'False'
[0.161s] Level 5:colcon.colcon_core.verb:set package 'detect' build argument 'cmake_clean_first' from command line to 'False'
[0.161s] Level 5:colcon.colcon_core.verb:set package 'detect' build argument 'cmake_force_configure' from command line to 'False'
[0.161s] Level 5:colcon.colcon_core.verb:set package 'detect' build argument 'ament_cmake_args' from command line to 'None'
[0.161s] Level 5:colcon.colcon_core.verb:set package 'detect' build argument 'catkin_cmake_args' from command line to 'None'
[0.161s] Level 5:colcon.colcon_core.verb:set package 'detect' build argument 'catkin_skip_building_tests' from command line to 'False'
[0.161s] DEBUG:colcon.colcon_core.verb:Building package 'detect' with the following arguments: {'ament_cmake_args': None, 'build_base': '/home/wanglonglong/Learn_ROS2/03.my_robot/build/detect', 'catkin_cmake_args': None, 'catkin_skip_building_tests': False, 'cmake_args': None, 'cmake_clean_cache': False, 'cmake_clean_first': False, 'cmake_force_configure': False, 'cmake_target': None, 'cmake_target_skip_unavailable': False, 'install_base': '/home/wanglonglong/Learn_ROS2/03.my_robot/install/detect', 'merge_install': False, 'path': '/home/wanglonglong/Learn_ROS2/03.my_robot/src/detect', 'symlink_install': False, 'test_result_base': None}
[0.162s] Level 5:colcon.colcon_core.verb:set package 'perception' build argument 'cmake_args' from command line to 'None'
[0.162s] Level 5:colcon.colcon_core.verb:set package 'perception' build argument 'cmake_target' from command line to 'None'
[0.162s] Level 5:colcon.colcon_core.verb:set package 'perception' build argument 'cmake_target_skip_unavailable' from command line to 'False'
[0.162s] Level 5:colcon.colcon_core.verb:set package 'perception' build argument 'cmake_clean_cache' from command line to 'False'
[0.162s] Level 5:colcon.colcon_core.verb:set package 'perception' build argument 'cmake_clean_first' from command line to 'False'
[0.162s] Level 5:colcon.colcon_core.verb:set package 'perception' build argument 'cmake_force_configure' from command line to 'False'
[0.162s] Level 5:colcon.colcon_core.verb:set package 'perception' build argument 'ament_cmake_args' from command line to 'None'
[0.162s] Level 5:colcon.colcon_core.verb:set package 'perception' build argument 'catkin_cmake_args' from command line to 'None'
[0.162s] Level 5:colcon.colcon_core.verb:set package 'perception' build argument 'catkin_skip_building_tests' from command line to 'False'
[0.162s] DEBUG:colcon.colcon_core.verb:Building package 'perception' with the following arguments: {'ament_cmake_args': None, 'build_base': '/home/wanglonglong/Learn_ROS2/03.my_robot/build/perception', 'catkin_cmake_args': None, 'catkin_skip_building_tests': False, 'cmake_args': None, 'cmake_clean_cache': False, 'cmake_clean_first': False, 'cmake_force_configure': False, 'cmake_target': None, 'cmake_target_skip_unavailable': False, 'install_base': '/home/wanglonglong/Learn_ROS2/03.my_robot/install/perception', 'merge_install': False, 'path': '/home/wanglonglong/Learn_ROS2/03.my_robot/src/perception', 'symlink_install': False, 'test_result_base': None}
[0.162s] Level 5:colcon.colcon_core.verb:set package 'v4l2_camera' build argument 'cmake_args' from command line to 'None'
[0.162s] Level 5:colcon.colcon_core.verb:set package 'v4l2_camera' build argument 'cmake_target' from command line to 'None'
[0.162s] Level 5:colcon.colcon_core.verb:set package 'v4l2_camera' build argument 'cmake_target_skip_unavailable' from command line to 'False'
[0.162s] Level 5:colcon.colcon_core.verb:set package 'v4l2_camera' build argument 'cmake_clean_cache' from command line to 'False'
[0.162s] Level 5:colcon.colcon_core.verb:set package 'v4l2_camera' build argument 'cmake_clean_first' from command line to 'False'
[0.162s] Level 5:colcon.colcon_core.verb:set package 'v4l2_camera' build argument 'cmake_force_configure' from command line to 'False'
[0.162s] Level 5:colcon.colcon_core.verb:set package 'v4l2_camera' build argument 'ament_cmake_args' from command line to 'None'
[0.162s] Level 5:colcon.colcon_core.verb:set package 'v4l2_camera' build argument 'catkin_cmake_args' from command line to 'None'
[0.162s] Level 5:colcon.colcon_core.verb:set package 'v4l2_camera' build argument 'catkin_skip_building_tests' from command line to 'False'
[0.162s] DEBUG:colcon.colcon_core.verb:Building package 'v4l2_camera' with the following arguments: {'ament_cmake_args': None, 'build_base': '/home/wanglonglong/Learn_ROS2/03.my_robot/build/v4l2_camera', 'catkin_cmake_args': None, 'catkin_skip_building_tests': False, 'cmake_args': None, 'cmake_clean_cache': False, 'cmake_clean_first': False, 'cmake_force_configure': False, 'cmake_target': None, 'cmake_target_skip_unavailable': False, 'install_base': '/home/wanglonglong/Learn_ROS2/03.my_robot/install/v4l2_camera', 'merge_install': False, 'path': '/home/wanglonglong/Learn_ROS2/03.my_robot/src/v4l2_camera', 'symlink_install': False, 'test_result_base': None}
[0.162s] INFO:colcon.colcon_core.executor:Executing jobs using 'parallel' executor
[0.163s] DEBUG:colcon.colcon_parallel_executor.executor.parallel:run_until_complete
[0.163s] INFO:colcon.colcon_ros.task.ament_cmake.build:Building ROS package in '/home/wanglonglong/Learn_ROS2/03.my_robot/src/bringup' with build type 'ament_cmake'
[0.163s] INFO:colcon.colcon_cmake.task.cmake.build:Building CMake package in '/home/wanglonglong/Learn_ROS2/03.my_robot/src/bringup'
[0.165s] INFO:colcon.colcon_core.plugin_system:Skipping extension 'colcon_core.shell.bat': Not used on non-Windows systems
[0.165s] INFO:colcon.colcon_core.shell:Skip shell extension 'powershell' for command environment: Not usable outside of PowerShell
[0.165s] DEBUG:colcon.colcon_core.shell:Skip shell extension 'dsv' for command environment
[0.167s] INFO:colcon.colcon_ros.task.ament_python.build:Building ROS package in '/home/wanglonglong/Learn_ROS2/03.my_robot/src/detect' with build type 'ament_python'
[0.167s] Level 1:colcon.colcon_core.shell:create_environment_hook('detect', 'ament_prefix_path')
[0.167s] INFO:colcon.colcon_core.shell:Creating environment hook '/home/wanglonglong/Learn_ROS2/03.my_robot/install/detect/share/detect/hook/ament_prefix_path.ps1'
[0.168s] INFO:colcon.colcon_core.shell:Creating environment descriptor '/home/wanglonglong/Learn_ROS2/03.my_robot/install/detect/share/detect/hook/ament_prefix_path.dsv'
[0.168s] INFO:colcon.colcon_core.shell:Creating environment hook '/home/wanglonglong/Learn_ROS2/03.my_robot/install/detect/share/detect/hook/ament_prefix_path.sh'
[0.169s] INFO:colcon.colcon_core.shell:Skip shell extension 'powershell' for command environment: Not usable outside of PowerShell
[0.169s] DEBUG:colcon.colcon_core.shell:Skip shell extension 'dsv' for command environment
[0.171s] INFO:colcon.colcon_ros.task.ament_cmake.build:Building ROS package in '/home/wanglonglong/Learn_ROS2/03.my_robot/src/perception' with build type 'ament_cmake'
[0.171s] INFO:colcon.colcon_cmake.task.cmake.build:Building CMake package in '/home/wanglonglong/Learn_ROS2/03.my_robot/src/perception'
[0.171s] INFO:colcon.colcon_core.shell:Skip shell extension 'powershell' for command environment: Not usable outside of PowerShell
[0.171s] DEBUG:colcon.colcon_core.shell:Skip shell extension 'dsv' for command environment
[0.174s] INFO:colcon.colcon_ros.task.ament_cmake.build:Building ROS package in '/home/wanglonglong/Learn_ROS2/03.my_robot/src/v4l2_camera' with build type 'ament_cmake'
[0.174s] INFO:colcon.colcon_cmake.task.cmake.build:Building CMake package in '/home/wanglonglong/Learn_ROS2/03.my_robot/src/v4l2_camera'
[0.174s] INFO:colcon.colcon_core.shell:Skip shell extension 'powershell' for command environment: Not usable outside of PowerShell
[0.174s] DEBUG:colcon.colcon_core.shell:Skip shell extension 'dsv' for command environment
[0.179s] DEBUG:colcon.colcon_core.event_handler.log_command:Invoking command in '/home/wanglonglong/Learn_ROS2/03.my_robot/build/bringup': CMAKE_PREFIX_PATH=${CMAKE_PREFIX_PATH}:/home/wanglonglong/Learn_ROS2/03.my_robot/install/detect:/opt/ros/jazzy DEBUGINFOD_URLS=https://debuginfod.ubuntu.com PS1=(ros2_env) \[\e]0;\u@\h: \w\a\]${debian_chroot:+($debian_chroot)}\[\033[01;32m\]\u@\h\[\033[00m\]:\[\033[01;34m\]\w\[\033[00m\]\$ VIRTUAL_ENV_PROMPT=(ros2_env) /usr/bin/cmake /home/wanglonglong/Learn_ROS2/03.my_robot/src/bringup -DCMAKE_INSTALL_PREFIX=/home/wanglonglong/Learn_ROS2/03.my_robot/install/bringup
[0.315s] INFO:colcon.colcon_core.task.python.build:Building Python package in '/home/wanglonglong/Learn_ROS2/03.my_robot/src/detect'
[0.315s] INFO:colcon.colcon_core.shell:Skip shell extension 'powershell' for command environment: Not usable outside of PowerShell
[0.315s] DEBUG:colcon.colcon_core.shell:Skip shell extension 'dsv' for command environment
[0.319s] DEBUG:colcon.colcon_core.event_handler.log_command:Invoking command in '/home/wanglonglong/Learn_ROS2/03.my_robot/build/perception': CMAKE_PREFIX_PATH=${CMAKE_PREFIX_PATH}:/home/wanglonglong/Learn_ROS2/03.my_robot/install/detect:/opt/ros/jazzy DEBUGINFOD_URLS=https://debuginfod.ubuntu.com PS1=(ros2_env) \[\e]0;\u@\h: \w\a\]${debian_chroot:+($debian_chroot)}\[\033[01;32m\]\u@\h\[\033[00m\]:\[\033[01;34m\]\w\[\033[00m\]\$ VIRTUAL_ENV_PROMPT=(ros2_env) /usr/bin/cmake /home/wanglonglong/Learn_ROS2/03.my_robot/src/perception -DCMAKE_INSTALL_PREFIX=/home/wanglonglong/Learn_ROS2/03.my_robot/install/perception
[0.322s] DEBUG:colcon.colcon_core.event_handler.log_command:Invoking command in '/home/wanglonglong/Learn_ROS2/03.my_robot/build/v4l2_camera': CMAKE_PREFIX_PATH=${CMAKE_PREFIX_PATH}:/home/wanglonglong/Learn_ROS2/03.my_robot/install/detect:/opt/ros/jazzy DEBUGINFOD_URLS=https://debuginfod.ubuntu.com PS1=(ros2_env) \[\e]0;\u@\h: \w\a\]${debian_chroot:+($debian_chroot)}\[\033[01;32m\]\u@\h\[\033[00m\]:\[\033[01;34m\]\w\[\033[00m\]\$ VIRTUAL_ENV_PROMPT=(ros2_env) /usr/bin/cmake /home/wanglonglong/Learn_ROS2/03.my_robot/src/v4l2_camera -DCMAKE_INSTALL_PREFIX=/home/wanglonglong/Learn_ROS2/03.my_robot/install/v4l2_camera
[0.698s] DEBUG:colcon.colcon_core.event_handler.log_command:Invoking command in '/home/wanglonglong/Learn_ROS2/03.my_robot/src/detect': DEBUGINFOD_URLS=https://debuginfod.ubuntu.com PS1=(ros2_env) \[\e]0;\u@\h: \w\a\]${debian_chroot:+($debian_chroot)}\[\033[01;32m\]\u@\h\[\033[00m\]:\[\033[01;34m\]\w\[\033[00m\]\$ PYTHONPATH=/home/wanglonglong/Learn_ROS2/03.my_robot/build/detect/prefix_override:/usr/lib/python3/dist-packages/colcon_core/task/python/colcon_distutils_commands:/home/wanglonglong/Learn_ROS2/03.my_robot/install/detect/lib/python3.12/site-packages:${PYTHONPATH} VIRTUAL_ENV_PROMPT=(ros2_env) /usr/bin/python3 -W ignore:setup.py install is deprecated -W ignore:easy_install command is deprecated setup.py egg_info --egg-base ../../build/detect build --build-base /home/wanglonglong/Learn_ROS2/03.my_robot/build/detect/build install --record /home/wanglonglong/Learn_ROS2/03.my_robot/build/detect/install.log --single-version-externally-managed install_data
[0.703s] DEBUG:colcon.colcon_core.event_handler.log_command:Invoked command in '/home/wanglonglong/Learn_ROS2/03.my_robot/build/bringup' returned '0': CMAKE_PREFIX_PATH=${CMAKE_PREFIX_PATH}:/home/wanglonglong/Learn_ROS2/03.my_robot/install/detect:/opt/ros/jazzy DEBUGINFOD_URLS=https://debuginfod.ubuntu.com PS1=(ros2_env) \[\e]0;\u@\h: \w\a\]${debian_chroot:+($debian_chroot)}\[\033[01;32m\]\u@\h\[\033[00m\]:\[\033[01;34m\]\w\[\033[00m\]\$ VIRTUAL_ENV_PROMPT=(ros2_env) /usr/bin/cmake /home/wanglonglong/Learn_ROS2/03.my_robot/src/bringup -DCMAKE_INSTALL_PREFIX=/home/wanglonglong/Learn_ROS2/03.my_robot/install/bringup
[0.704s] DEBUG:colcon.colcon_core.event_handler.log_command:Invoking command in '/home/wanglonglong/Learn_ROS2/03.my_robot/build/bringup': CMAKE_PREFIX_PATH=${CMAKE_PREFIX_PATH}:/home/wanglonglong/Learn_ROS2/03.my_robot/install/detect:/opt/ros/jazzy DEBUGINFOD_URLS=https://debuginfod.ubuntu.com PS1=(ros2_env) \[\e]0;\u@\h: \w\a\]${debian_chroot:+($debian_chroot)}\[\033[01;32m\]\u@\h\[\033[00m\]:\[\033[01;34m\]\w\[\033[00m\]\$ VIRTUAL_ENV_PROMPT=(ros2_env) /usr/bin/cmake --build /home/wanglonglong/Learn_ROS2/03.my_robot/build/bringup -- -j16 -l16
[0.736s] DEBUG:colcon.colcon_core.event_handler.log_command:Invoked command in '/home/wanglonglong/Learn_ROS2/03.my_robot/build/bringup' returned '0': CMAKE_PREFIX_PATH=${CMAKE_PREFIX_PATH}:/home/wanglonglong/Learn_ROS2/03.my_robot/install/detect:/opt/ros/jazzy DEBUGINFOD_URLS=https://debuginfod.ubuntu.com PS1=(ros2_env) \[\e]0;\u@\h: \w\a\]${debian_chroot:+($debian_chroot)}\[\033[01;32m\]\u@\h\[\033[00m\]:\[\033[01;34m\]\w\[\033[00m\]\$ VIRTUAL_ENV_PROMPT=(ros2_env) /usr/bin/cmake --build /home/wanglonglong/Learn_ROS2/03.my_robot/build/bringup -- -j16 -l16
[0.745s] DEBUG:colcon.colcon_core.event_handler.log_command:Invoking command in '/home/wanglonglong/Learn_ROS2/03.my_robot/build/bringup': CMAKE_PREFIX_PATH=${CMAKE_PREFIX_PATH}:/home/wanglonglong/Learn_ROS2/03.my_robot/install/detect:/opt/ros/jazzy DEBUGINFOD_URLS=https://debuginfod.ubuntu.com PS1=(ros2_env) \[\e]0;\u@\h: \w\a\]${debian_chroot:+($debian_chroot)}\[\033[01;32m\]\u@\h\[\033[00m\]:\[\033[01;34m\]\w\[\033[00m\]\$ VIRTUAL_ENV_PROMPT=(ros2_env) /usr/bin/cmake --install /home/wanglonglong/Learn_ROS2/03.my_robot/build/bringup
[0.756s] Level 1:colcon.colcon_core.environment:create_environment_scripts_only(bringup)
[0.756s] DEBUG:colcon.colcon_core.event_handler.log_command:Invoked command in '/home/wanglonglong/Learn_ROS2/03.my_robot/build/bringup' returned '0': CMAKE_PREFIX_PATH=${CMAKE_PREFIX_PATH}:/home/wanglonglong/Learn_ROS2/03.my_robot/install/detect:/opt/ros/jazzy DEBUGINFOD_URLS=https://debuginfod.ubuntu.com PS1=(ros2_env) \[\e]0;\u@\h: \w\a\]${debian_chroot:+($debian_chroot)}\[\033[01;32m\]\u@\h\[\033[00m\]:\[\033[01;34m\]\w\[\033[00m\]\$ VIRTUAL_ENV_PROMPT=(ros2_env) /usr/bin/cmake --install /home/wanglonglong/Learn_ROS2/03.my_robot/build/bringup
[0.757s] Level 1:colcon.colcon_core.environment:checking '/home/wanglonglong/Learn_ROS2/03.my_robot/install/bringup' for CMake module files
[0.758s] Level 1:colcon.colcon_core.environment:checking '/home/wanglonglong/Learn_ROS2/03.my_robot/install/bringup' for CMake config files
[0.758s] Level 1:colcon.colcon_core.shell:create_environment_hook('bringup', 'cmake_prefix_path')
[0.758s] INFO:colcon.colcon_core.shell:Creating environment hook '/home/wanglonglong/Learn_ROS2/03.my_robot/install/bringup/share/bringup/hook/cmake_prefix_path.ps1'
[0.758s] INFO:colcon.colcon_core.shell:Creating environment descriptor '/home/wanglonglong/Learn_ROS2/03.my_robot/install/bringup/share/bringup/hook/cmake_prefix_path.dsv'
[0.758s] INFO:colcon.colcon_core.shell:Creating environment hook '/home/wanglonglong/Learn_ROS2/03.my_robot/install/bringup/share/bringup/hook/cmake_prefix_path.sh'
[0.759s] Level 1:colcon.colcon_core.environment:checking '/home/wanglonglong/Learn_ROS2/03.my_robot/install/bringup/bin'
[0.759s] Level 1:colcon.colcon_core.environment:checking '/home/wanglonglong/Learn_ROS2/03.my_robot/install/bringup/lib/pkgconfig/bringup.pc'
[0.759s] Level 1:colcon.colcon_core.environment:checking '/home/wanglonglong/Learn_ROS2/03.my_robot/install/bringup/lib/python3.12/site-packages'
[0.759s] Level 1:colcon.colcon_core.environment:checking '/home/wanglonglong/Learn_ROS2/03.my_robot/install/bringup/bin'
[0.759s] INFO:colcon.colcon_core.shell:Creating package script '/home/wanglonglong/Learn_ROS2/03.my_robot/install/bringup/share/bringup/package.ps1'
[0.760s] INFO:colcon.colcon_core.shell:Creating package descriptor '/home/wanglonglong/Learn_ROS2/03.my_robot/install/bringup/share/bringup/package.dsv'
[0.760s] INFO:colcon.colcon_core.shell:Creating package script '/home/wanglonglong/Learn_ROS2/03.my_robot/install/bringup/share/bringup/package.sh'
[0.761s] INFO:colcon.colcon_core.shell:Creating package script '/home/wanglonglong/Learn_ROS2/03.my_robot/install/bringup/share/bringup/package.bash'
[0.761s] INFO:colcon.colcon_core.shell:Creating package script '/home/wanglonglong/Learn_ROS2/03.my_robot/install/bringup/share/bringup/package.zsh'
[0.762s] Level 1:colcon.colcon_core.environment:create_file_with_runtime_dependencies(/home/wanglonglong/Learn_ROS2/03.my_robot/install/bringup/share/colcon-core/packages/bringup)
[0.762s] Level 1:colcon.colcon_core.environment:create_environment_scripts_only(bringup)
[0.762s] Level 1:colcon.colcon_core.environment:checking '/home/wanglonglong/Learn_ROS2/03.my_robot/install/bringup' for CMake module files
[0.762s] Level 1:colcon.colcon_core.environment:checking '/home/wanglonglong/Learn_ROS2/03.my_robot/install/bringup' for CMake config files
[0.762s] Level 1:colcon.colcon_core.shell:create_environment_hook('bringup', 'cmake_prefix_path')
[0.763s] INFO:colcon.colcon_core.shell:Creating environment hook '/home/wanglonglong/Learn_ROS2/03.my_robot/install/bringup/share/bringup/hook/cmake_prefix_path.ps1'
[0.763s] INFO:colcon.colcon_core.shell:Creating environment descriptor '/home/wanglonglong/Learn_ROS2/03.my_robot/install/bringup/share/bringup/hook/cmake_prefix_path.dsv'
[0.764s] INFO:colcon.colcon_core.shell:Creating environment hook '/home/wanglonglong/Learn_ROS2/03.my_robot/install/bringup/share/bringup/hook/cmake_prefix_path.sh'
[0.764s] Level 1:colcon.colcon_core.environment:checking '/home/wanglonglong/Learn_ROS2/03.my_robot/install/bringup/bin'
[0.764s] Level 1:colcon.colcon_core.environment:checking '/home/wanglonglong/Learn_ROS2/03.my_robot/install/bringup/lib/pkgconfig/bringup.pc'
[0.764s] Level 1:colcon.colcon_core.environment:checking '/home/wanglonglong/Learn_ROS2/03.my_robot/install/bringup/lib/python3.12/site-packages'
[0.764s] Level 1:colcon.colcon_core.environment:checking '/home/wanglonglong/Learn_ROS2/03.my_robot/install/bringup/bin'
[0.765s] INFO:colcon.colcon_core.shell:Creating package script '/home/wanglonglong/Learn_ROS2/03.my_robot/install/bringup/share/bringup/package.ps1'
[0.765s] INFO:colcon.colcon_core.shell:Creating package descriptor '/home/wanglonglong/Learn_ROS2/03.my_robot/install/bringup/share/bringup/package.dsv'
[0.765s] INFO:colcon.colcon_core.shell:Creating package script '/home/wanglonglong/Learn_ROS2/03.my_robot/install/bringup/share/bringup/package.sh'
[0.766s] INFO:colcon.colcon_core.shell:Creating package script '/home/wanglonglong/Learn_ROS2/03.my_robot/install/bringup/share/bringup/package.bash'
[0.766s] INFO:colcon.colcon_core.shell:Creating package script '/home/wanglonglong/Learn_ROS2/03.my_robot/install/bringup/share/bringup/package.zsh'
[0.766s] Level 1:colcon.colcon_core.environment:create_file_with_runtime_dependencies(/home/wanglonglong/Learn_ROS2/03.my_robot/install/bringup/share/colcon-core/packages/bringup)
[1.027s] Level 1:colcon.colcon_core.environment:checking '/home/wanglonglong/Learn_ROS2/03.my_robot/install/detect' for CMake module files
[1.028s] DEBUG:colcon.colcon_core.event_handler.log_command:Invoked command in '/home/wanglonglong/Learn_ROS2/03.my_robot/src/detect' returned '0': DEBUGINFOD_URLS=https://debuginfod.ubuntu.com PS1=(ros2_env) \[\e]0;\u@\h: \w\a\]${debian_chroot:+($debian_chroot)}\[\033[01;32m\]\u@\h\[\033[00m\]:\[\033[01;34m\]\w\[\033[00m\]\$ PYTHONPATH=/home/wanglonglong/Learn_ROS2/03.my_robot/build/detect/prefix_override:/usr/lib/python3/dist-packages/colcon_core/task/python/colcon_distutils_commands:/home/wanglonglong/Learn_ROS2/03.my_robot/install/detect/lib/python3.12/site-packages:${PYTHONPATH} VIRTUAL_ENV_PROMPT=(ros2_env) /usr/bin/python3 -W ignore:setup.py install is deprecated -W ignore:easy_install command is deprecated setup.py egg_info --egg-base ../../build/detect build --build-base /home/wanglonglong/Learn_ROS2/03.my_robot/build/detect/build install --record /home/wanglonglong/Learn_ROS2/03.my_robot/build/detect/install.log --single-version-externally-managed install_data
[1.029s] Level 1:colcon.colcon_core.environment:checking '/home/wanglonglong/Learn_ROS2/03.my_robot/install/detect' for CMake config files
[1.029s] Level 1:colcon.colcon_core.environment:checking '/home/wanglonglong/Learn_ROS2/03.my_robot/install/detect/lib'
[1.029s] Level 1:colcon.colcon_core.environment:checking '/home/wanglonglong/Learn_ROS2/03.my_robot/install/detect/bin'
[1.029s] Level 1:colcon.colcon_core.environment:checking '/home/wanglonglong/Learn_ROS2/03.my_robot/install/detect/lib/pkgconfig/detect.pc'
[1.029s] Level 1:colcon.colcon_core.environment:checking '/home/wanglonglong/Learn_ROS2/03.my_robot/install/detect/lib/python3.12/site-packages'
[1.029s] Level 1:colcon.colcon_core.shell:create_environment_hook('detect', 'pythonpath')
[1.030s] INFO:colcon.colcon_core.shell:Creating environment hook '/home/wanglonglong/Learn_ROS2/03.my_robot/install/detect/share/detect/hook/pythonpath.ps1'
[1.030s] INFO:colcon.colcon_core.shell:Creating environment descriptor '/home/wanglonglong/Learn_ROS2/03.my_robot/install/detect/share/detect/hook/pythonpath.dsv'
[1.030s] INFO:colcon.colcon_core.shell:Creating environment hook '/home/wanglonglong/Learn_ROS2/03.my_robot/install/detect/share/detect/hook/pythonpath.sh'
[1.030s] Level 1:colcon.colcon_core.environment:checking '/home/wanglonglong/Learn_ROS2/03.my_robot/install/detect/bin'
[1.030s] Level 1:colcon.colcon_core.environment:create_environment_scripts_only(detect)
[1.031s] INFO:colcon.colcon_core.shell:Creating package script '/home/wanglonglong/Learn_ROS2/03.my_robot/install/detect/share/detect/package.ps1'
[1.031s] INFO:colcon.colcon_core.shell:Creating package descriptor '/home/wanglonglong/Learn_ROS2/03.my_robot/install/detect/share/detect/package.dsv'
[1.031s] INFO:colcon.colcon_core.shell:Creating package script '/home/wanglonglong/Learn_ROS2/03.my_robot/install/detect/share/detect/package.sh'
[1.031s] INFO:colcon.colcon_core.shell:Creating package script '/home/wanglonglong/Learn_ROS2/03.my_robot/install/detect/share/detect/package.bash'
[1.031s] INFO:colcon.colcon_core.shell:Creating package script '/home/wanglonglong/Learn_ROS2/03.my_robot/install/detect/share/detect/package.zsh'
[1.032s] Level 1:colcon.colcon_core.environment:create_file_with_runtime_dependencies(/home/wanglonglong/Learn_ROS2/03.my_robot/install/detect/share/colcon-core/packages/detect)
[1.176s] DEBUG:colcon.colcon_core.event_handler.log_command:Invoked command in '/home/wanglonglong/Learn_ROS2/03.my_robot/build/perception' returned '0': CMAKE_PREFIX_PATH=${CMAKE_PREFIX_PATH}:/home/wanglonglong/Learn_ROS2/03.my_robot/install/detect:/opt/ros/jazzy DEBUGINFOD_URLS=https://debuginfod.ubuntu.com PS1=(ros2_env) \[\e]0;\u@\h: \w\a\]${debian_chroot:+($debian_chroot)}\[\033[01;32m\]\u@\h\[\033[00m\]:\[\033[01;34m\]\w\[\033[00m\]\$ VIRTUAL_ENV_PROMPT=(ros2_env) /usr/bin/cmake /home/wanglonglong/Learn_ROS2/03.my_robot/src/perception -DCMAKE_INSTALL_PREFIX=/home/wanglonglong/Learn_ROS2/03.my_robot/install/perception
[1.177s] DEBUG:colcon.colcon_core.event_handler.log_command:Invoking command in '/home/wanglonglong/Learn_ROS2/03.my_robot/build/perception': CMAKE_PREFIX_PATH=${CMAKE_PREFIX_PATH}:/home/wanglonglong/Learn_ROS2/03.my_robot/install/detect:/opt/ros/jazzy DEBUGINFOD_URLS=https://debuginfod.ubuntu.com PS1=(ros2_env) \[\e]0;\u@\h: \w\a\]${debian_chroot:+($debian_chroot)}\[\033[01;32m\]\u@\h\[\033[00m\]:\[\033[01;34m\]\w\[\033[00m\]\$ VIRTUAL_ENV_PROMPT=(ros2_env) /usr/bin/cmake --build /home/wanglonglong/Learn_ROS2/03.my_robot/build/perception -- -j16 -l16
[1.269s] DEBUG:colcon.colcon_core.event_handler.log_command:Invoked command in '/home/wanglonglong/Learn_ROS2/03.my_robot/build/v4l2_camera' returned '0': CMAKE_PREFIX_PATH=${CMAKE_PREFIX_PATH}:/home/wanglonglong/Learn_ROS2/03.my_robot/install/detect:/opt/ros/jazzy DEBUGINFOD_URLS=https://debuginfod.ubuntu.com PS1=(ros2_env) \[\e]0;\u@\h: \w\a\]${debian_chroot:+($debian_chroot)}\[\033[01;32m\]\u@\h\[\033[00m\]:\[\033[01;34m\]\w\[\033[00m\]\$ VIRTUAL_ENV_PROMPT=(ros2_env) /usr/bin/cmake /home/wanglonglong/Learn_ROS2/03.my_robot/src/v4l2_camera -DCMAKE_INSTALL_PREFIX=/home/wanglonglong/Learn_ROS2/03.my_robot/install/v4l2_camera
[1.270s] DEBUG:colcon.colcon_core.event_handler.log_command:Invoking command in '/home/wanglonglong/Learn_ROS2/03.my_robot/build/v4l2_camera': CMAKE_PREFIX_PATH=${CMAKE_PREFIX_PATH}:/home/wanglonglong/Learn_ROS2/03.my_robot/install/detect:/opt/ros/jazzy DEBUGINFOD_URLS=https://debuginfod.ubuntu.com PS1=(ros2_env) \[\e]0;\u@\h: \w\a\]${debian_chroot:+($debian_chroot)}\[\033[01;32m\]\u@\h\[\033[00m\]:\[\033[01;34m\]\w\[\033[00m\]\$ VIRTUAL_ENV_PROMPT=(ros2_env) /usr/bin/cmake --build /home/wanglonglong/Learn_ROS2/03.my_robot/build/v4l2_camera -- -j16 -l16
[8.573s] DEBUG:colcon.colcon_core.event_handler.log_command:Invoked command in '/home/wanglonglong/Learn_ROS2/03.my_robot/build/perception' returned '0': CMAKE_PREFIX_PATH=${CMAKE_PREFIX_PATH}:/home/wanglonglong/Learn_ROS2/03.my_robot/install/detect:/opt/ros/jazzy DEBUGINFOD_URLS=https://debuginfod.ubuntu.com PS1=(ros2_env) \[\e]0;\u@\h: \w\a\]${debian_chroot:+($debian_chroot)}\[\033[01;32m\]\u@\h\[\033[00m\]:\[\033[01;34m\]\w\[\033[00m\]\$ VIRTUAL_ENV_PROMPT=(ros2_env) /usr/bin/cmake --build /home/wanglonglong/Learn_ROS2/03.my_robot/build/perception -- -j16 -l16
[8.574s] DEBUG:colcon.colcon_core.event_handler.log_command:Invoking command in '/home/wanglonglong/Learn_ROS2/03.my_robot/build/perception': CMAKE_PREFIX_PATH=${CMAKE_PREFIX_PATH}:/home/wanglonglong/Learn_ROS2/03.my_robot/install/detect:/opt/ros/jazzy DEBUGINFOD_URLS=https://debuginfod.ubuntu.com PS1=(ros2_env) \[\e]0;\u@\h: \w\a\]${debian_chroot:+($debian_chroot)}\[\033[01;32m\]\u@\h\[\033[00m\]:\[\033[01;34m\]\w\[\033[00m\]\$ VIRTUAL_ENV_PROMPT=(ros2_env) /usr/bin/cmake --install /home/wanglonglong/Learn_ROS2/03.my_robot/build/perception
[8.589s] Level 1:colcon.colcon_core.environment:create_environment_scripts_only(perception)
[8.590s] DEBUG:colcon.colcon_core.event_handler.log_command:Invoked command in '/home/wanglonglong/Learn_ROS2/03.my_robot/build/perception' returned '0': CMAKE_PREFIX_PATH=${CMAKE_PREFIX_PATH}:/home/wanglonglong/Learn_ROS2/03.my_robot/install/detect:/opt/ros/jazzy DEBUGINFOD_URLS=https://debuginfod.ubuntu.com PS1=(ros2_env) \[\e]0;\u@\h: \w\a\]${debian_chroot:+($debian_chroot)}\[\033[01;32m\]\u@\h\[\033[00m\]:\[\033[01;34m\]\w\[\033[00m\]\$ VIRTUAL_ENV_PROMPT=(ros2_env) /usr/bin/cmake --install /home/wanglonglong/Learn_ROS2/03.my_robot/build/perception
[8.590s] Level 1:colcon.colcon_core.environment:checking '/home/wanglonglong/Learn_ROS2/03.my_robot/install/perception' for CMake module files
[8.590s] Level 1:colcon.colcon_core.environment:checking '/home/wanglonglong/Learn_ROS2/03.my_robot/install/perception' for CMake config files
[8.590s] Level 1:colcon.colcon_core.shell:create_environment_hook('perception', 'cmake_prefix_path')
[8.591s] INFO:colcon.colcon_core.shell:Creating environment hook '/home/wanglonglong/Learn_ROS2/03.my_robot/install/perception/share/perception/hook/cmake_prefix_path.ps1'
[8.591s] INFO:colcon.colcon_core.shell:Creating environment descriptor '/home/wanglonglong/Learn_ROS2/03.my_robot/install/perception/share/perception/hook/cmake_prefix_path.dsv'
[8.591s] INFO:colcon.colcon_core.shell:Creating environment hook '/home/wanglonglong/Learn_ROS2/03.my_robot/install/perception/share/perception/hook/cmake_prefix_path.sh'
[8.592s] Level 1:colcon.colcon_core.environment:checking '/home/wanglonglong/Learn_ROS2/03.my_robot/install/perception/lib'
[8.592s] Level 1:colcon.colcon_core.environment:checking '/home/wanglonglong/Learn_ROS2/03.my_robot/install/perception/bin'
[8.592s] Level 1:colcon.colcon_core.environment:checking '/home/wanglonglong/Learn_ROS2/03.my_robot/install/perception/lib/pkgconfig/perception.pc'
[8.592s] Level 1:colcon.colcon_core.environment:checking '/home/wanglonglong/Learn_ROS2/03.my_robot/install/perception/lib/python3.12/site-packages'
[8.592s] Level 1:colcon.colcon_core.environment:checking '/home/wanglonglong/Learn_ROS2/03.my_robot/install/perception/bin'
[8.592s] INFO:colcon.colcon_core.shell:Creating package script '/home/wanglonglong/Learn_ROS2/03.my_robot/install/perception/share/perception/package.ps1'
[8.592s] INFO:colcon.colcon_core.shell:Creating package descriptor '/home/wanglonglong/Learn_ROS2/03.my_robot/install/perception/share/perception/package.dsv'
[8.593s] INFO:colcon.colcon_core.shell:Creating package script '/home/wanglonglong/Learn_ROS2/03.my_robot/install/perception/share/perception/package.sh'
[8.593s] INFO:colcon.colcon_core.shell:Creating package script '/home/wanglonglong/Learn_ROS2/03.my_robot/install/perception/share/perception/package.bash'
[8.593s] INFO:colcon.colcon_core.shell:Creating package script '/home/wanglonglong/Learn_ROS2/03.my_robot/install/perception/share/perception/package.zsh'
[8.593s] Level 1:colcon.colcon_core.environment:create_file_with_runtime_dependencies(/home/wanglonglong/Learn_ROS2/03.my_robot/install/perception/share/colcon-core/packages/perception)
[8.594s] Level 1:colcon.colcon_core.environment:create_environment_scripts_only(perception)
[8.594s] Level 1:colcon.colcon_core.environment:checking '/home/wanglonglong/Learn_ROS2/03.my_robot/install/perception' for CMake module files
[8.594s] Level 1:colcon.colcon_core.environment:checking '/home/wanglonglong/Learn_ROS2/03.my_robot/install/perception' for CMake config files
[8.594s] Level 1:colcon.colcon_core.shell:create_environment_hook('perception', 'cmake_prefix_path')
[8.594s] INFO:colcon.colcon_core.shell:Creating environment hook '/home/wanglonglong/Learn_ROS2/03.my_robot/install/perception/share/perception/hook/cmake_prefix_path.ps1'
[8.595s] INFO:colcon.colcon_core.shell:Creating environment descriptor '/home/wanglonglong/Learn_ROS2/03.my_robot/install/perception/share/perception/hook/cmake_prefix_path.dsv'
[8.595s] INFO:colcon.colcon_core.shell:Creating environment hook '/home/wanglonglong/Learn_ROS2/03.my_robot/install/perception/share/perception/hook/cmake_prefix_path.sh'
[8.596s] Level 1:colcon.colcon_core.environment:checking '/home/wanglonglong/Learn_ROS2/03.my_robot/install/perception/lib'
[8.596s] Level 1:colcon.colcon_core.environment:checking '/home/wanglonglong/Learn_ROS2/03.my_robot/install/perception/bin'
[8.596s] Level 1:colcon.colcon_core.environment:checking '/home/wanglonglong/Learn_ROS2/03.my_robot/install/perception/lib/pkgconfig/perception.pc'
[8.596s] Level 1:colcon.colcon_core.environment:checking '/home/wanglonglong/Learn_ROS2/03.my_robot/install/perception/lib/python3.12/site-packages'
[8.596s] Level 1:colcon.colcon_core.environment:checking '/home/wanglonglong/Learn_ROS2/03.my_robot/install/perception/bin'
[8.596s] INFO:colcon.colcon_core.shell:Creating package script '/home/wanglonglong/Learn_ROS2/03.my_robot/install/perception/share/perception/package.ps1'
[8.596s] INFO:colcon.colcon_core.shell:Creating package descriptor '/home/wanglonglong/Learn_ROS2/03.my_robot/install/perception/share/perception/package.dsv'
[8.597s] INFO:colcon.colcon_core.shell:Creating package script '/home/wanglonglong/Learn_ROS2/03.my_robot/install/perception/share/perception/package.sh'
[8.597s] INFO:colcon.colcon_core.shell:Creating package script '/home/wanglonglong/Learn_ROS2/03.my_robot/install/perception/share/perception/package.bash'
[8.598s] INFO:colcon.colcon_core.shell:Creating package script '/home/wanglonglong/Learn_ROS2/03.my_robot/install/perception/share/perception/package.zsh'
[8.598s] Level 1:colcon.colcon_core.environment:create_file_with_runtime_dependencies(/home/wanglonglong/Learn_ROS2/03.my_robot/install/perception/share/colcon-core/packages/perception)
[12.861s] DEBUG:colcon.colcon_core.event_handler.log_command:Invoked command in '/home/wanglonglong/Learn_ROS2/03.my_robot/build/v4l2_camera' returned '0': CMAKE_PREFIX_PATH=${CMAKE_PREFIX_PATH}:/home/wanglonglong/Learn_ROS2/03.my_robot/install/detect:/opt/ros/jazzy DEBUGINFOD_URLS=https://debuginfod.ubuntu.com PS1=(ros2_env) \[\e]0;\u@\h: \w\a\]${debian_chroot:+($debian_chroot)}\[\033[01;32m\]\u@\h\[\033[00m\]:\[\033[01;34m\]\w\[\033[00m\]\$ VIRTUAL_ENV_PROMPT=(ros2_env) /usr/bin/cmake --build /home/wanglonglong/Learn_ROS2/03.my_robot/build/v4l2_camera -- -j16 -l16
[12.862s] DEBUG:colcon.colcon_core.event_handler.log_command:Invoking command in '/home/wanglonglong/Learn_ROS2/03.my_robot/build/v4l2_camera': CMAKE_PREFIX_PATH=${CMAKE_PREFIX_PATH}:/home/wanglonglong/Learn_ROS2/03.my_robot/install/detect:/opt/ros/jazzy DEBUGINFOD_URLS=https://debuginfod.ubuntu.com PS1=(ros2_env) \[\e]0;\u@\h: \w\a\]${debian_chroot:+($debian_chroot)}\[\033[01;32m\]\u@\h\[\033[00m\]:\[\033[01;34m\]\w\[\033[00m\]\$ VIRTUAL_ENV_PROMPT=(ros2_env) /usr/bin/cmake --install /home/wanglonglong/Learn_ROS2/03.my_robot/build/v4l2_camera
[12.880s] Level 1:colcon.colcon_core.environment:create_environment_scripts_only(v4l2_camera)
[12.880s] Level 1:colcon.colcon_core.environment:checking '/home/wanglonglong/Learn_ROS2/03.my_robot/install/v4l2_camera' for CMake module files
[12.880s] DEBUG:colcon.colcon_core.event_handler.log_command:Invoked command in '/home/wanglonglong/Learn_ROS2/03.my_robot/build/v4l2_camera' returned '0': CMAKE_PREFIX_PATH=${CMAKE_PREFIX_PATH}:/home/wanglonglong/Learn_ROS2/03.my_robot/install/detect:/opt/ros/jazzy DEBUGINFOD_URLS=https://debuginfod.ubuntu.com PS1=(ros2_env) \[\e]0;\u@\h: \w\a\]${debian_chroot:+($debian_chroot)}\[\033[01;32m\]\u@\h\[\033[00m\]:\[\033[01;34m\]\w\[\033[00m\]\$ VIRTUAL_ENV_PROMPT=(ros2_env) /usr/bin/cmake --install /home/wanglonglong/Learn_ROS2/03.my_robot/build/v4l2_camera
[12.881s] Level 1:colcon.colcon_core.environment:checking '/home/wanglonglong/Learn_ROS2/03.my_robot/install/v4l2_camera' for CMake config files
[12.881s] Level 1:colcon.colcon_core.shell:create_environment_hook('v4l2_camera', 'cmake_prefix_path')
[12.881s] INFO:colcon.colcon_core.shell:Creating environment hook '/home/wanglonglong/Learn_ROS2/03.my_robot/install/v4l2_camera/share/v4l2_camera/hook/cmake_prefix_path.ps1'
[12.881s] INFO:colcon.colcon_core.shell:Creating environment descriptor '/home/wanglonglong/Learn_ROS2/03.my_robot/install/v4l2_camera/share/v4l2_camera/hook/cmake_prefix_path.dsv'
[12.881s] INFO:colcon.colcon_core.shell:Creating environment hook '/home/wanglonglong/Learn_ROS2/03.my_robot/install/v4l2_camera/share/v4l2_camera/hook/cmake_prefix_path.sh'
[12.882s] Level 1:colcon.colcon_core.environment:checking '/home/wanglonglong/Learn_ROS2/03.my_robot/install/v4l2_camera/lib'
[12.882s] Level 1:colcon.colcon_core.shell:create_environment_hook('v4l2_camera', 'ld_library_path_lib')
[12.882s] INFO:colcon.colcon_core.shell:Creating environment hook '/home/wanglonglong/Learn_ROS2/03.my_robot/install/v4l2_camera/share/v4l2_camera/hook/ld_library_path_lib.ps1'
[12.882s] INFO:colcon.colcon_core.shell:Creating environment descriptor '/home/wanglonglong/Learn_ROS2/03.my_robot/install/v4l2_camera/share/v4l2_camera/hook/ld_library_path_lib.dsv'
[12.882s] INFO:colcon.colcon_core.shell:Creating environment hook '/home/wanglonglong/Learn_ROS2/03.my_robot/install/v4l2_camera/share/v4l2_camera/hook/ld_library_path_lib.sh'
[12.882s] Level 1:colcon.colcon_core.environment:checking '/home/wanglonglong/Learn_ROS2/03.my_robot/install/v4l2_camera/bin'
[12.882s] Level 1:colcon.colcon_core.environment:checking '/home/wanglonglong/Learn_ROS2/03.my_robot/install/v4l2_camera/lib/pkgconfig/v4l2_camera.pc'
[12.883s] Level 1:colcon.colcon_core.environment:checking '/home/wanglonglong/Learn_ROS2/03.my_robot/install/v4l2_camera/lib/python3.12/site-packages'
[12.883s] Level 1:colcon.colcon_core.environment:checking '/home/wanglonglong/Learn_ROS2/03.my_robot/install/v4l2_camera/bin'
[12.883s] INFO:colcon.colcon_core.shell:Creating package script '/home/wanglonglong/Learn_ROS2/03.my_robot/install/v4l2_camera/share/v4l2_camera/package.ps1'
[12.883s] INFO:colcon.colcon_core.shell:Creating package descriptor '/home/wanglonglong/Learn_ROS2/03.my_robot/install/v4l2_camera/share/v4l2_camera/package.dsv'
[12.883s] INFO:colcon.colcon_core.shell:Creating package script '/home/wanglonglong/Learn_ROS2/03.my_robot/install/v4l2_camera/share/v4l2_camera/package.sh'
[12.884s] INFO:colcon.colcon_core.shell:Creating package script '/home/wanglonglong/Learn_ROS2/03.my_robot/install/v4l2_camera/share/v4l2_camera/package.bash'
[12.884s] INFO:colcon.colcon_core.shell:Creating package script '/home/wanglonglong/Learn_ROS2/03.my_robot/install/v4l2_camera/share/v4l2_camera/package.zsh'
[12.884s] Level 1:colcon.colcon_core.environment:create_file_with_runtime_dependencies(/home/wanglonglong/Learn_ROS2/03.my_robot/install/v4l2_camera/share/colcon-core/packages/v4l2_camera)
[12.885s] Level 1:colcon.colcon_core.environment:create_environment_scripts_only(v4l2_camera)
[12.885s] Level 1:colcon.colcon_core.environment:checking '/home/wanglonglong/Learn_ROS2/03.my_robot/install/v4l2_camera' for CMake module files
[12.885s] Level 1:colcon.colcon_core.environment:checking '/home/wanglonglong/Learn_ROS2/03.my_robot/install/v4l2_camera' for CMake config files
[12.885s] Level 1:colcon.colcon_core.shell:create_environment_hook('v4l2_camera', 'cmake_prefix_path')
[12.885s] INFO:colcon.colcon_core.shell:Creating environment hook '/home/wanglonglong/Learn_ROS2/03.my_robot/install/v4l2_camera/share/v4l2_camera/hook/cmake_prefix_path.ps1'
[12.885s] INFO:colcon.colcon_core.shell:Creating environment descriptor '/home/wanglonglong/Learn_ROS2/03.my_robot/install/v4l2_camera/share/v4l2_camera/hook/cmake_prefix_path.dsv'
[12.886s] INFO:colcon.colcon_core.shell:Creating environment hook '/home/wanglonglong/Learn_ROS2/03.my_robot/install/v4l2_camera/share/v4l2_camera/hook/cmake_prefix_path.sh'
[12.886s] Level 1:colcon.colcon_core.environment:checking '/home/wanglonglong/Learn_ROS2/03.my_robot/install/v4l2_camera/lib'
[12.886s] Level 1:colcon.colcon_core.shell:create_environment_hook('v4l2_camera', 'ld_library_path_lib')
[12.886s] INFO:colcon.colcon_core.shell:Creating environment hook '/home/wanglonglong/Learn_ROS2/03.my_robot/install/v4l2_camera/share/v4l2_camera/hook/ld_library_path_lib.ps1'
[12.887s] INFO:colcon.colcon_core.shell:Creating environment descriptor '/home/wanglonglong/Learn_ROS2/03.my_robot/install/v4l2_camera/share/v4l2_camera/hook/ld_library_path_lib.dsv'
[12.887s] INFO:colcon.colcon_core.shell:Creating environment hook '/home/wanglonglong/Learn_ROS2/03.my_robot/install/v4l2_camera/share/v4l2_camera/hook/ld_library_path_lib.sh'
[12.887s] Level 1:colcon.colcon_core.environment:checking '/home/wanglonglong/Learn_ROS2/03.my_robot/install/v4l2_camera/bin'
[12.888s] Level 1:colcon.colcon_core.environment:checking '/home/wanglonglong/Learn_ROS2/03.my_robot/install/v4l2_camera/lib/pkgconfig/v4l2_camera.pc'
[12.888s] Level 1:colcon.colcon_core.environment:checking '/home/wanglonglong/Learn_ROS2/03.my_robot/install/v4l2_camera/lib/python3.12/site-packages'
[12.888s] Level 1:colcon.colcon_core.environment:checking '/home/wanglonglong/Learn_ROS2/03.my_robot/install/v4l2_camera/bin'
[12.888s] INFO:colcon.colcon_core.shell:Creating package script '/home/wanglonglong/Learn_ROS2/03.my_robot/install/v4l2_camera/share/v4l2_camera/package.ps1'
[12.888s] INFO:colcon.colcon_core.shell:Creating package descriptor '/home/wanglonglong/Learn_ROS2/03.my_robot/install/v4l2_camera/share/v4l2_camera/package.dsv'
[12.889s] INFO:colcon.colcon_core.shell:Creating package script '/home/wanglonglong/Learn_ROS2/03.my_robot/install/v4l2_camera/share/v4l2_camera/package.sh'
[12.889s] INFO:colcon.colcon_core.shell:Creating package script '/home/wanglonglong/Learn_ROS2/03.my_robot/install/v4l2_camera/share/v4l2_camera/package.bash'
[12.889s] INFO:colcon.colcon_core.shell:Creating package script '/home/wanglonglong/Learn_ROS2/03.my_robot/install/v4l2_camera/share/v4l2_camera/package.zsh'
[12.890s] Level 1:colcon.colcon_core.environment:create_file_with_runtime_dependencies(/home/wanglonglong/Learn_ROS2/03.my_robot/install/v4l2_camera/share/colcon-core/packages/v4l2_camera)
[12.890s] DEBUG:colcon.colcon_parallel_executor.executor.parallel:closing loop
[12.890s] DEBUG:colcon.colcon_parallel_executor.executor.parallel:loop closed
[12.891s] DEBUG:colcon.colcon_parallel_executor.executor.parallel:run_until_complete finished with '0'
[12.891s] DEBUG:colcon.colcon_core.event_reactor:joining thread
[12.895s] INFO:colcon.colcon_core.plugin_system:Skipping extension 'colcon_notification.desktop_notification.terminal_notifier': Not used on non-Darwin systems
[12.895s] INFO:colcon.colcon_core.plugin_system:Skipping extension 'colcon_notification.desktop_notification.win32': Not used on non-Windows systems
[12.895s] INFO:colcon.colcon_notification.desktop_notification:Sending desktop notification using 'notify2'
[12.908s] DEBUG:colcon.colcon_core.event_reactor:joined thread
[12.908s] INFO:colcon.colcon_core.shell:Creating prefix script '/home/wanglonglong/Learn_ROS2/03.my_robot/install/local_setup.ps1'
[12.908s] INFO:colcon.colcon_core.shell:Creating prefix util module '/home/wanglonglong/Learn_ROS2/03.my_robot/install/_local_setup_util_ps1.py'
[12.909s] INFO:colcon.colcon_core.shell:Creating prefix chain script '/home/wanglonglong/Learn_ROS2/03.my_robot/install/setup.ps1'
[12.910s] INFO:colcon.colcon_core.shell:Creating prefix script '/home/wanglonglong/Learn_ROS2/03.my_robot/install/local_setup.sh'
[12.910s] INFO:colcon.colcon_core.shell:Creating prefix util module '/home/wanglonglong/Learn_ROS2/03.my_robot/install/_local_setup_util_sh.py'
[12.910s] INFO:colcon.colcon_core.shell:Creating prefix chain script '/home/wanglonglong/Learn_ROS2/03.my_robot/install/setup.sh'
[12.911s] INFO:colcon.colcon_core.shell:Creating prefix script '/home/wanglonglong/Learn_ROS2/03.my_robot/install/local_setup.bash'
[12.911s] INFO:colcon.colcon_core.shell:Creating prefix chain script '/home/wanglonglong/Learn_ROS2/03.my_robot/install/setup.bash'
[12.912s] INFO:colcon.colcon_core.shell:Creating prefix script '/home/wanglonglong/Learn_ROS2/03.my_robot/install/local_setup.zsh'
[12.912s] INFO:colcon.colcon_core.shell:Creating prefix chain script '/home/wanglonglong/Learn_ROS2/03.my_robot/install/setup.zsh'
