[0.018s] Invoking command in '/home/wanglonglong/Learn_ROS2/03.my_robot/build/bringup': CMAKE_PREFIX_PATH=${CMAKE_PREFIX_PATH}:/home/wanglonglong/Learn_ROS2/03.my_robot/install/detect:/opt/ros/jazzy DEBUGINFOD_URLS=https://debuginfod.ubuntu.com PS1=(ros2_env) \[\e]0;\u@\h: \w\a\]${debian_chroot:+($debian_chroot)}\[\033[01;32m\]\u\[\033[00m\]:\[\033[01;34m\]\w\[\033[00m\]\$ VIRTUAL_ENV_PROMPT=(ros2_env) /usr/bin/cmake --build /home/wanglonglong/Learn_ROS2/03.my_robot/build/bringup -- -j16 -l16
[0.161s] Invoked command in '/home/wanglonglong/Learn_ROS2/03.my_robot/build/bringup' returned '0': CMAKE_PREFIX_PATH=${CMAKE_PREFIX_PATH}:/home/wanglonglong/Learn_ROS2/03.my_robot/install/detect:/opt/ros/jazzy DEBUGINFOD_URLS=https://debuginfod.ubuntu.com PS1=(ros2_env) \[\e]0;\u@\h: \w\a\]${debian_chroot:+($debian_chroot)}\[\033[01;32m\]\u\[\033[00m\]:\[\033[01;34m\]\w\[\033[00m\]\$ VIRTUAL_ENV_PROMPT=(ros2_env) /usr/bin/cmake --build /home/wanglonglong/Learn_ROS2/03.my_robot/build/bringup -- -j16 -l16
[0.170s] Invoking command in '/home/wanglonglong/Learn_ROS2/03.my_robot/build/bringup': CMAKE_PREFIX_PATH=${CMAKE_PREFIX_PATH}:/home/wanglonglong/Learn_ROS2/03.my_robot/install/detect:/opt/ros/jazzy DEBUGINFOD_URLS=https://debuginfod.ubuntu.com PS1=(ros2_env) \[\e]0;\u@\h: \w\a\]${debian_chroot:+($debian_chroot)}\[\033[01;32m\]\u\[\033[00m\]:\[\033[01;34m\]\w\[\033[00m\]\$ VIRTUAL_ENV_PROMPT=(ros2_env) /usr/bin/cmake --install /home/wanglonglong/Learn_ROS2/03.my_robot/build/bringup
[0.177s] -- Install configuration: ""
[0.177s] -- Up-to-date: /home/wanglonglong/Learn_ROS2/03.my_robot/install/bringup/share/bringup//launch
[0.177s] -- Up-to-date: /home/wanglonglong/Learn_ROS2/03.my_robot/install/bringup/share/bringup//launch/launch.py
[0.177s] -- Up-to-date: /home/wanglonglong/Learn_ROS2/03.my_robot/install/bringup/share/ament_index/resource_index/package_run_dependencies/bringup
[0.177s] -- Up-to-date: /home/wanglonglong/Learn_ROS2/03.my_robot/install/bringup/share/ament_index/resource_index/parent_prefix_path/bringup
[0.177s] -- Up-to-date: /home/wanglonglong/Learn_ROS2/03.my_robot/install/bringup/share/bringup/environment/ament_prefix_path.sh
[0.177s] -- Up-to-date: /home/wanglonglong/Learn_ROS2/03.my_robot/install/bringup/share/bringup/environment/ament_prefix_path.dsv
[0.177s] -- Up-to-date: /home/wanglonglong/Learn_ROS2/03.my_robot/install/bringup/share/bringup/environment/path.sh
[0.177s] -- Up-to-date: /home/wanglonglong/Learn_ROS2/03.my_robot/install/bringup/share/bringup/environment/path.dsv
[0.177s] -- Up-to-date: /home/wanglonglong/Learn_ROS2/03.my_robot/install/bringup/share/bringup/local_setup.bash
[0.178s] -- Up-to-date: /home/wanglonglong/Learn_ROS2/03.my_robot/install/bringup/share/bringup/local_setup.sh
[0.178s] -- Up-to-date: /home/wanglonglong/Learn_ROS2/03.my_robot/install/bringup/share/bringup/local_setup.zsh
[0.178s] -- Up-to-date: /home/wanglonglong/Learn_ROS2/03.my_robot/install/bringup/share/bringup/local_setup.dsv
[0.178s] -- Installing: /home/wanglonglong/Learn_ROS2/03.my_robot/install/bringup/share/bringup/package.dsv
[0.178s] -- Up-to-date: /home/wanglonglong/Learn_ROS2/03.my_robot/install/bringup/share/ament_index/resource_index/packages/bringup
[0.178s] -- Up-to-date: /home/wanglonglong/Learn_ROS2/03.my_robot/install/bringup/share/bringup/cmake/bringupConfig.cmake
[0.178s] -- Up-to-date: /home/wanglonglong/Learn_ROS2/03.my_robot/install/bringup/share/bringup/cmake/bringupConfig-version.cmake
[0.178s] -- Up-to-date: /home/wanglonglong/Learn_ROS2/03.my_robot/install/bringup/share/bringup/package.xml
[0.179s] Invoked command in '/home/wanglonglong/Learn_ROS2/03.my_robot/build/bringup' returned '0': CMAKE_PREFIX_PATH=${CMAKE_PREFIX_PATH}:/home/wanglonglong/Learn_ROS2/03.my_robot/install/detect:/opt/ros/jazzy DEBUGINFOD_URLS=https://debuginfod.ubuntu.com PS1=(ros2_env) \[\e]0;\u@\h: \w\a\]${debian_chroot:+($debian_chroot)}\[\033[01;32m\]\u\[\033[00m\]:\[\033[01;34m\]\w\[\033[00m\]\$ VIRTUAL_ENV_PROMPT=(ros2_env) /usr/bin/cmake --install /home/wanglonglong/Learn_ROS2/03.my_robot/build/bringup
