[0.015s] Invoking command in '/home/wanglonglong/Learn_ROS2/03.my_robot/build/bringup': CMAKE_PREFIX_PATH=${CMAKE_PREFIX_PATH}:/home/wanglonglong/Learn_ROS2/03.my_robot/install/detect:/opt/ros/jazzy DEBUGINFOD_URLS=https://debuginfod.ubuntu.com PS1=(ros2_env) \[\e]0;\u@\h: \w\a\]${debian_chroot:+($debian_chroot)}\[\033[01;32m\]\u@\h\[\033[00m\]:\[\033[01;34m\]\w\[\033[00m\]\$ VIRTUAL_ENV_PROMPT=(ros2_env) /usr/bin/cmake /home/wanglonglong/Learn_ROS2/03.my_robot/src/bringup -DCMAKE_INSTALL_PREFIX=/home/wanglonglong/Learn_ROS2/03.my_robot/install/bringup
[0.157s] -- The C compiler identification is GNU 13.3.0
[0.157s] -- The CXX compiler identification is GNU 13.3.0
[0.157s] -- Detecting C compiler ABI info
[0.191s] -- Detecting C compiler ABI info - done
[0.197s] -- Check for working C compiler: /usr/bin/cc - skipped
[0.197s] -- Detecting C compile features
[0.197s] -- Detecting C compile features - done
[0.207s] -- Detecting CXX compiler ABI info
[0.286s] -- Detecting CXX compiler ABI info - done
[0.292s] -- Check for working CXX compiler: /usr/bin/c++ - skipped
[0.293s] -- Detecting CXX compile features
[0.293s] -- Detecting CXX compile features - done
[0.295s] -- Found ament_cmake: 2.5.4 (/opt/ros/jazzy/share/ament_cmake/cmake)
[0.381s] -- Found Python3: /home/wanglonglong/ros2_env/bin/python3 (found version "3.12.3") found components: Interpreter 
[0.454s] -- Found ament_lint_auto: 0.17.2 (/opt/ros/jazzy/share/ament_lint_auto/cmake)
[0.529s] -- Added test 'flake8' to check Python code syntax and style conventions
[0.529s] -- Configured 'flake8' exclude dirs and/or files: 
[0.529s] -- Added test 'lint_cmake' to check CMake code style
[0.530s] -- Added test 'pep257' to check Python code against some of the docstring style conventions in PEP 257
[0.531s] -- Added test 'xmllint' to check XML markup files
[0.532s] -- Configuring done (0.5s)
[0.535s] -- Generating done (0.0s)
[0.535s] -- Build files have been written to: /home/wanglonglong/Learn_ROS2/03.my_robot/build/bringup
[0.539s] Invoked command in '/home/wanglonglong/Learn_ROS2/03.my_robot/build/bringup' returned '0': CMAKE_PREFIX_PATH=${CMAKE_PREFIX_PATH}:/home/wanglonglong/Learn_ROS2/03.my_robot/install/detect:/opt/ros/jazzy DEBUGINFOD_URLS=https://debuginfod.ubuntu.com PS1=(ros2_env) \[\e]0;\u@\h: \w\a\]${debian_chroot:+($debian_chroot)}\[\033[01;32m\]\u@\h\[\033[00m\]:\[\033[01;34m\]\w\[\033[00m\]\$ VIRTUAL_ENV_PROMPT=(ros2_env) /usr/bin/cmake /home/wanglonglong/Learn_ROS2/03.my_robot/src/bringup -DCMAKE_INSTALL_PREFIX=/home/wanglonglong/Learn_ROS2/03.my_robot/install/bringup
[0.540s] Invoking command in '/home/wanglonglong/Learn_ROS2/03.my_robot/build/bringup': CMAKE_PREFIX_PATH=${CMAKE_PREFIX_PATH}:/home/wanglonglong/Learn_ROS2/03.my_robot/install/detect:/opt/ros/jazzy DEBUGINFOD_URLS=https://debuginfod.ubuntu.com PS1=(ros2_env) \[\e]0;\u@\h: \w\a\]${debian_chroot:+($debian_chroot)}\[\033[01;32m\]\u@\h\[\033[00m\]:\[\033[01;34m\]\w\[\033[00m\]\$ VIRTUAL_ENV_PROMPT=(ros2_env) /usr/bin/cmake --build /home/wanglonglong/Learn_ROS2/03.my_robot/build/bringup -- -j16 -l16
[0.572s] Invoked command in '/home/wanglonglong/Learn_ROS2/03.my_robot/build/bringup' returned '0': CMAKE_PREFIX_PATH=${CMAKE_PREFIX_PATH}:/home/wanglonglong/Learn_ROS2/03.my_robot/install/detect:/opt/ros/jazzy DEBUGINFOD_URLS=https://debuginfod.ubuntu.com PS1=(ros2_env) \[\e]0;\u@\h: \w\a\]${debian_chroot:+($debian_chroot)}\[\033[01;32m\]\u@\h\[\033[00m\]:\[\033[01;34m\]\w\[\033[00m\]\$ VIRTUAL_ENV_PROMPT=(ros2_env) /usr/bin/cmake --build /home/wanglonglong/Learn_ROS2/03.my_robot/build/bringup -- -j16 -l16
[0.581s] Invoking command in '/home/wanglonglong/Learn_ROS2/03.my_robot/build/bringup': CMAKE_PREFIX_PATH=${CMAKE_PREFIX_PATH}:/home/wanglonglong/Learn_ROS2/03.my_robot/install/detect:/opt/ros/jazzy DEBUGINFOD_URLS=https://debuginfod.ubuntu.com PS1=(ros2_env) \[\e]0;\u@\h: \w\a\]${debian_chroot:+($debian_chroot)}\[\033[01;32m\]\u@\h\[\033[00m\]:\[\033[01;34m\]\w\[\033[00m\]\$ VIRTUAL_ENV_PROMPT=(ros2_env) /usr/bin/cmake --install /home/wanglonglong/Learn_ROS2/03.my_robot/build/bringup
[0.590s] -- Install configuration: ""
[0.591s] -- Installing: /home/wanglonglong/Learn_ROS2/03.my_robot/install/bringup/share/bringup//launch
[0.591s] -- Installing: /home/wanglonglong/Learn_ROS2/03.my_robot/install/bringup/share/bringup//launch/launch.py
[0.591s] -- Installing: /home/wanglonglong/Learn_ROS2/03.my_robot/install/bringup/share/ament_index/resource_index/package_run_dependencies/bringup
[0.591s] -- Installing: /home/wanglonglong/Learn_ROS2/03.my_robot/install/bringup/share/ament_index/resource_index/parent_prefix_path/bringup
[0.591s] -- Installing: /home/wanglonglong/Learn_ROS2/03.my_robot/install/bringup/share/bringup/environment/ament_prefix_path.sh
[0.591s] -- Installing: /home/wanglonglong/Learn_ROS2/03.my_robot/install/bringup/share/bringup/environment/ament_prefix_path.dsv
[0.591s] -- Installing: /home/wanglonglong/Learn_ROS2/03.my_robot/install/bringup/share/bringup/environment/path.sh
[0.591s] -- Installing: /home/wanglonglong/Learn_ROS2/03.my_robot/install/bringup/share/bringup/environment/path.dsv
[0.591s] -- Installing: /home/wanglonglong/Learn_ROS2/03.my_robot/install/bringup/share/bringup/local_setup.bash
[0.591s] -- Installing: /home/wanglonglong/Learn_ROS2/03.my_robot/install/bringup/share/bringup/local_setup.sh
[0.591s] -- Installing: /home/wanglonglong/Learn_ROS2/03.my_robot/install/bringup/share/bringup/local_setup.zsh
[0.591s] -- Installing: /home/wanglonglong/Learn_ROS2/03.my_robot/install/bringup/share/bringup/local_setup.dsv
[0.592s] -- Installing: /home/wanglonglong/Learn_ROS2/03.my_robot/install/bringup/share/bringup/package.dsv
[0.592s] -- Installing: /home/wanglonglong/Learn_ROS2/03.my_robot/install/bringup/share/ament_index/resource_index/packages/bringup
[0.592s] -- Installing: /home/wanglonglong/Learn_ROS2/03.my_robot/install/bringup/share/bringup/cmake/bringupConfig.cmake
[0.592s] -- Installing: /home/wanglonglong/Learn_ROS2/03.my_robot/install/bringup/share/bringup/cmake/bringupConfig-version.cmake
[0.592s] -- Installing: /home/wanglonglong/Learn_ROS2/03.my_robot/install/bringup/share/bringup/package.xml
[0.593s] Invoked command in '/home/wanglonglong/Learn_ROS2/03.my_robot/build/bringup' returned '0': CMAKE_PREFIX_PATH=${CMAKE_PREFIX_PATH}:/home/wanglonglong/Learn_ROS2/03.my_robot/install/detect:/opt/ros/jazzy DEBUGINFOD_URLS=https://debuginfod.ubuntu.com PS1=(ros2_env) \[\e]0;\u@\h: \w\a\]${debian_chroot:+($debian_chroot)}\[\033[01;32m\]\u@\h\[\033[00m\]:\[\033[01;34m\]\w\[\033[00m\]\$ VIRTUAL_ENV_PROMPT=(ros2_env) /usr/bin/cmake --install /home/wanglonglong/Learn_ROS2/03.my_robot/build/bringup
