[0.149s] Invoking command in '/home/wanglonglong/Learn_ROS2/03.my_robot/build/v4l2_camera': CMAKE_PREFIX_PATH=${CMAKE_PREFIX_PATH}:/home/wanglonglong/Learn_ROS2/03.my_robot/install/detect:/opt/ros/jazzy DEBUGINFOD_URLS=https://debuginfod.ubuntu.com PS1=(ros2_env) \[\e]0;\u@\h: \w\a\]${debian_chroot:+($debian_chroot)}\[\033[01;32m\]\u@\h\[\033[00m\]:\[\033[01;34m\]\w\[\033[00m\]\$ VIRTUAL_ENV_PROMPT=(ros2_env) /usr/bin/cmake /home/wanglonglong/Learn_ROS2/03.my_robot/src/v4l2_camera -DCMAKE_INSTALL_PREFIX=/home/wanglonglong/Learn_ROS2/03.my_robot/install/v4l2_camera
[0.193s] -- The C compiler identification is GNU 13.3.0
[0.236s] -- The CXX compiler identification is GNU 13.3.0
[0.249s] -- Detecting C compiler ABI info
[0.321s] -- Detecting C compiler ABI info - done
[0.327s] -- Check for working C compiler: /usr/bin/cc - skipped
[0.327s] -- Detecting C compile features
[0.327s] -- Detecting C compile features - done
[0.335s] -- Detecting CXX compiler ABI info
[0.422s] -- Detecting CXX compiler ABI info - done
[0.428s] -- Check for working CXX compiler: /usr/bin/c++ - skipped
[0.428s] -- Detecting CXX compile features
[0.428s] -- Detecting CXX compile features - done
[0.430s] -- Found ament_cmake: 2.5.4 (/opt/ros/jazzy/share/ament_cmake/cmake)
[0.515s] -- Found Python3: /home/wanglonglong/ros2_env/bin/python3 (found version "3.12.3") found components: Interpreter 
[0.589s] -- Found ament_cmake_ros: 0.12.0 (/opt/ros/jazzy/share/ament_cmake_ros/cmake)
[0.595s] -- Found rclcpp: 28.1.10 (/opt/ros/jazzy/share/rclcpp/cmake)
[0.622s] -- Found rosidl_generator_c: 4.6.5 (/opt/ros/jazzy/share/rosidl_generator_c/cmake)
[0.632s] -- Found rosidl_generator_cpp: 4.6.5 (/opt/ros/jazzy/share/rosidl_generator_cpp/cmake)
[0.643s] -- Using all available rosidl_typesupport_c: rosidl_typesupport_fastrtps_c;rosidl_typesupport_introspection_c
[0.655s] -- Using all available rosidl_typesupport_cpp: rosidl_typesupport_fastrtps_cpp;rosidl_typesupport_introspection_cpp
[0.708s] -- Found rmw_implementation_cmake: 7.3.2 (/opt/ros/jazzy/share/rmw_implementation_cmake/cmake)
[0.710s] -- Found rmw_fastrtps_cpp: 8.4.2 (/opt/ros/jazzy/share/rmw_fastrtps_cpp/cmake)
[0.771s] -- Found OpenSSL: /usr/lib/x86_64-linux-gnu/libcrypto.so (found version "3.0.13")  
[0.785s] -- Found FastRTPS: /opt/ros/jazzy/include (Required is at least version "2.13") 
[0.804s] -- Using RMW implementation 'rmw_fastrtps_cpp' as default
[0.854s] -- Found rclcpp_components: 28.1.10 (/opt/ros/jazzy/share/rclcpp_components/cmake)
[0.879s] -- Found camera_info_manager: 5.1.7 (/opt/ros/jazzy/share/camera_info_manager/cmake)
[0.924s] -- Setting yaml-cpp_DIR to: '/opt/ros/jazzy/share/yaml_cpp_vendor/cmake/../../../opt/yaml_cpp_vendor/share/cmake/yaml-cpp'
[0.951s] -- Found cv_bridge: 4.1.0 (/opt/ros/jazzy/share/cv_bridge/cmake)
[0.960s] -- Found image_transport: 5.1.7 (/opt/ros/jazzy/share/image_transport/cmake)
[0.972s] -- Found ament_lint_auto: 0.17.2 (/opt/ros/jazzy/share/ament_lint_auto/cmake)
[1.053s] -- Added test 'cppcheck' to perform static code analysis on C / C++ code
[1.053s] -- Configured cppcheck include dirs: $<BUILD_INTERFACE:/home/wanglonglong/Learn_ROS2/03.my_robot/src/v4l2_camera/include>
[1.053s] -- Configured cppcheck exclude dirs and/or files: 
[1.056s] -- Added test 'cpplint' to check C / C++ code against the Google style
[1.056s] -- Configured cpplint exclude dirs and/or files: 
[1.057s] -- Added test 'lint_cmake' to check CMake code style
[1.060s] -- Added test 'uncrustify' to check C / C++ code style
[1.060s] -- Configured uncrustify additional arguments: 
[1.061s] -- Added test 'xmllint' to check XML markup files
[1.063s] -- Configuring done (0.9s)
[1.080s] -- Generating done (0.0s)
[1.086s] -- Build files have been written to: /home/wanglonglong/Learn_ROS2/03.my_robot/build/v4l2_camera
[1.095s] Invoked command in '/home/wanglonglong/Learn_ROS2/03.my_robot/build/v4l2_camera' returned '0': CMAKE_PREFIX_PATH=${CMAKE_PREFIX_PATH}:/home/wanglonglong/Learn_ROS2/03.my_robot/install/detect:/opt/ros/jazzy DEBUGINFOD_URLS=https://debuginfod.ubuntu.com PS1=(ros2_env) \[\e]0;\u@\h: \w\a\]${debian_chroot:+($debian_chroot)}\[\033[01;32m\]\u@\h\[\033[00m\]:\[\033[01;34m\]\w\[\033[00m\]\$ VIRTUAL_ENV_PROMPT=(ros2_env) /usr/bin/cmake /home/wanglonglong/Learn_ROS2/03.my_robot/src/v4l2_camera -DCMAKE_INSTALL_PREFIX=/home/wanglonglong/Learn_ROS2/03.my_robot/install/v4l2_camera
[1.096s] Invoking command in '/home/wanglonglong/Learn_ROS2/03.my_robot/build/v4l2_camera': CMAKE_PREFIX_PATH=${CMAKE_PREFIX_PATH}:/home/wanglonglong/Learn_ROS2/03.my_robot/install/detect:/opt/ros/jazzy DEBUGINFOD_URLS=https://debuginfod.ubuntu.com PS1=(ros2_env) \[\e]0;\u@\h: \w\a\]${debian_chroot:+($debian_chroot)}\[\033[01;32m\]\u@\h\[\033[00m\]:\[\033[01;34m\]\w\[\033[00m\]\$ VIRTUAL_ENV_PROMPT=(ros2_env) /usr/bin/cmake --build /home/wanglonglong/Learn_ROS2/03.my_robot/build/v4l2_camera -- -j16 -l16
[1.140s] [ 37%] [32mBuilding CXX object CMakeFiles/v4l2_camera.dir/src/v4l2_camera_device.cpp.o[0m
[1.141s] [ 37%] [32mBuilding CXX object CMakeFiles/v4l2_camera.dir/src/parameters.cpp.o[0m
[1.141s] [ 37%] [32mBuilding CXX object CMakeFiles/v4l2_camera.dir/src/v4l2_camera.cpp.o[0m
[6.621s] [ 50%] [32m[1mLinking CXX shared library libv4l2_camera.so[0m
[6.848s] [ 50%] Built target v4l2_camera
[6.867s] [ 75%] [32mBuilding CXX object CMakeFiles/v4l2_camera_node.dir/src/v4l2_camera_node.cpp.o[0m
[6.867s] [ 75%] [32mBuilding CXX object CMakeFiles/v4l2_camera_compose_test.dir/src/v4l2_camera_compose_test.cpp.o[0m
[9.080s] [ 87%] [32m[1mLinking CXX executable v4l2_camera_node[0m
[9.394s] [ 87%] Built target v4l2_camera_node
[12.234s] [100%] [32m[1mLinking CXX executable v4l2_camera_compose_test[0m
[12.678s] [100%] Built target v4l2_camera_compose_test
[12.687s] Invoked command in '/home/wanglonglong/Learn_ROS2/03.my_robot/build/v4l2_camera' returned '0': CMAKE_PREFIX_PATH=${CMAKE_PREFIX_PATH}:/home/wanglonglong/Learn_ROS2/03.my_robot/install/detect:/opt/ros/jazzy DEBUGINFOD_URLS=https://debuginfod.ubuntu.com PS1=(ros2_env) \[\e]0;\u@\h: \w\a\]${debian_chroot:+($debian_chroot)}\[\033[01;32m\]\u@\h\[\033[00m\]:\[\033[01;34m\]\w\[\033[00m\]\$ VIRTUAL_ENV_PROMPT=(ros2_env) /usr/bin/cmake --build /home/wanglonglong/Learn_ROS2/03.my_robot/build/v4l2_camera -- -j16 -l16
[12.688s] Invoking command in '/home/wanglonglong/Learn_ROS2/03.my_robot/build/v4l2_camera': CMAKE_PREFIX_PATH=${CMAKE_PREFIX_PATH}:/home/wanglonglong/Learn_ROS2/03.my_robot/install/detect:/opt/ros/jazzy DEBUGINFOD_URLS=https://debuginfod.ubuntu.com PS1=(ros2_env) \[\e]0;\u@\h: \w\a\]${debian_chroot:+($debian_chroot)}\[\033[01;32m\]\u@\h\[\033[00m\]:\[\033[01;34m\]\w\[\033[00m\]\$ VIRTUAL_ENV_PROMPT=(ros2_env) /usr/bin/cmake --install /home/wanglonglong/Learn_ROS2/03.my_robot/build/v4l2_camera
[12.695s] -- Install configuration: ""
[12.695s] -- Installing: /home/wanglonglong/Learn_ROS2/03.my_robot/install/v4l2_camera/include
[12.695s] -- Installing: /home/wanglonglong/Learn_ROS2/03.my_robot/install/v4l2_camera/include/v4l2_camera
[12.695s] -- Installing: /home/wanglonglong/Learn_ROS2/03.my_robot/install/v4l2_camera/include/v4l2_camera/visibility_control.h
[12.695s] -- Installing: /home/wanglonglong/Learn_ROS2/03.my_robot/install/v4l2_camera/include/v4l2_camera/fourcc.hpp
[12.695s] -- Installing: /home/wanglonglong/Learn_ROS2/03.my_robot/install/v4l2_camera/include/v4l2_camera/v4l2_camera.hpp
[12.696s] -- Installing: /home/wanglonglong/Learn_ROS2/03.my_robot/install/v4l2_camera/include/v4l2_camera/control.hpp
[12.696s] -- Installing: /home/wanglonglong/Learn_ROS2/03.my_robot/install/v4l2_camera/include/v4l2_camera/v4l2_camera_device.hpp
[12.696s] -- Installing: /home/wanglonglong/Learn_ROS2/03.my_robot/install/v4l2_camera/include/v4l2_camera/image_format.hpp
[12.696s] -- Installing: /home/wanglonglong/Learn_ROS2/03.my_robot/install/v4l2_camera/include/v4l2_camera/parameters.hpp
[12.696s] -- Installing: /home/wanglonglong/Learn_ROS2/03.my_robot/install/v4l2_camera/include/v4l2_camera/pixel_format.hpp
[12.696s] -- Installing: /home/wanglonglong/Learn_ROS2/03.my_robot/install/v4l2_camera/lib/libv4l2_camera.so
[12.699s] -- Set non-toolchain portion of runtime path of "/home/wanglonglong/Learn_ROS2/03.my_robot/install/v4l2_camera/lib/libv4l2_camera.so" to ""
[12.699s] -- Installing: /home/wanglonglong/Learn_ROS2/03.my_robot/install/v4l2_camera/lib/v4l2_camera/v4l2_camera_node
[12.699s] -- Set non-toolchain portion of runtime path of "/home/wanglonglong/Learn_ROS2/03.my_robot/install/v4l2_camera/lib/v4l2_camera/v4l2_camera_node" to ""
[12.699s] -- Installing: /home/wanglonglong/Learn_ROS2/03.my_robot/install/v4l2_camera/lib/v4l2_camera/v4l2_camera_compose_test
[12.702s] -- Set non-toolchain portion of runtime path of "/home/wanglonglong/Learn_ROS2/03.my_robot/install/v4l2_camera/lib/v4l2_camera/v4l2_camera_compose_test" to ""
[12.703s] -- Installing: /home/wanglonglong/Learn_ROS2/03.my_robot/install/v4l2_camera/share/v4l2_camera/environment/library_path.sh
[12.703s] -- Installing: /home/wanglonglong/Learn_ROS2/03.my_robot/install/v4l2_camera/share/v4l2_camera/environment/library_path.dsv
[12.703s] -- Installing: /home/wanglonglong/Learn_ROS2/03.my_robot/install/v4l2_camera/share/ament_index/resource_index/package_run_dependencies/v4l2_camera
[12.703s] -- Installing: /home/wanglonglong/Learn_ROS2/03.my_robot/install/v4l2_camera/share/ament_index/resource_index/parent_prefix_path/v4l2_camera
[12.703s] -- Installing: /home/wanglonglong/Learn_ROS2/03.my_robot/install/v4l2_camera/share/v4l2_camera/environment/ament_prefix_path.sh
[12.703s] -- Installing: /home/wanglonglong/Learn_ROS2/03.my_robot/install/v4l2_camera/share/v4l2_camera/environment/ament_prefix_path.dsv
[12.703s] -- Installing: /home/wanglonglong/Learn_ROS2/03.my_robot/install/v4l2_camera/share/v4l2_camera/environment/path.sh
[12.703s] -- Installing: /home/wanglonglong/Learn_ROS2/03.my_robot/install/v4l2_camera/share/v4l2_camera/environment/path.dsv
[12.704s] -- Installing: /home/wanglonglong/Learn_ROS2/03.my_robot/install/v4l2_camera/share/v4l2_camera/local_setup.bash
[12.704s] -- Installing: /home/wanglonglong/Learn_ROS2/03.my_robot/install/v4l2_camera/share/v4l2_camera/local_setup.sh
[12.704s] -- Installing: /home/wanglonglong/Learn_ROS2/03.my_robot/install/v4l2_camera/share/v4l2_camera/local_setup.zsh
[12.704s] -- Installing: /home/wanglonglong/Learn_ROS2/03.my_robot/install/v4l2_camera/share/v4l2_camera/local_setup.dsv
[12.704s] -- Installing: /home/wanglonglong/Learn_ROS2/03.my_robot/install/v4l2_camera/share/v4l2_camera/package.dsv
[12.704s] -- Installing: /home/wanglonglong/Learn_ROS2/03.my_robot/install/v4l2_camera/share/ament_index/resource_index/packages/v4l2_camera
[12.704s] -- Installing: /home/wanglonglong/Learn_ROS2/03.my_robot/install/v4l2_camera/share/ament_index/resource_index/rclcpp_components/v4l2_camera
[12.704s] -- Installing: /home/wanglonglong/Learn_ROS2/03.my_robot/install/v4l2_camera/share/v4l2_camera/cmake/export_v4l2_cameraExport.cmake
[12.704s] -- Installing: /home/wanglonglong/Learn_ROS2/03.my_robot/install/v4l2_camera/share/v4l2_camera/cmake/export_v4l2_cameraExport-noconfig.cmake
[12.704s] -- Installing: /home/wanglonglong/Learn_ROS2/03.my_robot/install/v4l2_camera/share/v4l2_camera/cmake/ament_cmake_export_include_directories-extras.cmake
[12.704s] -- Installing: /home/wanglonglong/Learn_ROS2/03.my_robot/install/v4l2_camera/share/v4l2_camera/cmake/ament_cmake_export_targets-extras.cmake
[12.704s] -- Installing: /home/wanglonglong/Learn_ROS2/03.my_robot/install/v4l2_camera/share/v4l2_camera/cmake/ament_cmake_export_libraries-extras.cmake
[12.705s] -- Installing: /home/wanglonglong/Learn_ROS2/03.my_robot/install/v4l2_camera/share/v4l2_camera/cmake/ament_cmake_export_dependencies-extras.cmake
[12.705s] -- Installing: /home/wanglonglong/Learn_ROS2/03.my_robot/install/v4l2_camera/share/v4l2_camera/cmake/v4l2_cameraConfig.cmake
[12.705s] -- Installing: /home/wanglonglong/Learn_ROS2/03.my_robot/install/v4l2_camera/share/v4l2_camera/cmake/v4l2_cameraConfig-version.cmake
[12.705s] -- Installing: /home/wanglonglong/Learn_ROS2/03.my_robot/install/v4l2_camera/share/v4l2_camera/package.xml
[12.706s] Invoked command in '/home/wanglonglong/Learn_ROS2/03.my_robot/build/v4l2_camera' returned '0': CMAKE_PREFIX_PATH=${CMAKE_PREFIX_PATH}:/home/wanglonglong/Learn_ROS2/03.my_robot/install/detect:/opt/ros/jazzy DEBUGINFOD_URLS=https://debuginfod.ubuntu.com PS1=(ros2_env) \[\e]0;\u@\h: \w\a\]${debian_chroot:+($debian_chroot)}\[\033[01;32m\]\u@\h\[\033[00m\]:\[\033[01;34m\]\w\[\033[00m\]\$ VIRTUAL_ENV_PROMPT=(ros2_env) /usr/bin/cmake --install /home/wanglonglong/Learn_ROS2/03.my_robot/build/v4l2_camera
