[0.149s] Invoking command in '/home/wanglonglong/Learn_ROS2/03.my_robot/build/perception': CMAKE_PREFIX_PATH=${CMAKE_PREFIX_PATH}:/home/wanglonglong/Learn_ROS2/03.my_robot/install/detect:/opt/ros/jazzy DEBUGINFOD_URLS=https://debuginfod.ubuntu.com PS1=(ros2_env) \[\e]0;\u@\h: \w\a\]${debian_chroot:+($debian_chroot)}\[\033[01;32m\]\u\[\033[00m\]:\[\033[01;34m\]\w\[\033[00m\]\$ VIRTUAL_ENV_PROMPT=(ros2_env) /usr/bin/cmake --build /home/wanglonglong/Learn_ROS2/03.my_robot/build/perception -- -j16 -l16
[0.199s] [100%] Built target camera_subscriber
[0.199s] [100%] Built target capture_camera_pub
[0.208s] Invoked command in '/home/wanglonglong/Learn_ROS2/03.my_robot/build/perception' returned '0': CMAKE_PREFIX_PATH=${CMAKE_PREFIX_PATH}:/home/wanglonglong/Learn_ROS2/03.my_robot/install/detect:/opt/ros/jazzy DEBUGINFOD_URLS=https://debuginfod.ubuntu.com PS1=(ros2_env) \[\e]0;\u@\h: \w\a\]${debian_chroot:+($debian_chroot)}\[\033[01;32m\]\u\[\033[00m\]:\[\033[01;34m\]\w\[\033[00m\]\$ VIRTUAL_ENV_PROMPT=(ros2_env) /usr/bin/cmake --build /home/wanglonglong/Learn_ROS2/03.my_robot/build/perception -- -j16 -l16
[0.209s] Invoking command in '/home/wanglonglong/Learn_ROS2/03.my_robot/build/perception': CMAKE_PREFIX_PATH=${CMAKE_PREFIX_PATH}:/home/wanglonglong/Learn_ROS2/03.my_robot/install/detect:/opt/ros/jazzy DEBUGINFOD_URLS=https://debuginfod.ubuntu.com PS1=(ros2_env) \[\e]0;\u@\h: \w\a\]${debian_chroot:+($debian_chroot)}\[\033[01;32m\]\u\[\033[00m\]:\[\033[01;34m\]\w\[\033[00m\]\$ VIRTUAL_ENV_PROMPT=(ros2_env) /usr/bin/cmake --install /home/wanglonglong/Learn_ROS2/03.my_robot/build/perception
[0.215s] -- Install configuration: ""
[0.216s] -- Up-to-date: /home/wanglonglong/Learn_ROS2/03.my_robot/install/perception/lib/perception/capture_camera_pub
[0.216s] -- Up-to-date: /home/wanglonglong/Learn_ROS2/03.my_robot/install/perception/lib/perception/camera_subscriber
[0.216s] -- Up-to-date: /home/wanglonglong/Learn_ROS2/03.my_robot/install/perception/share/ament_index/resource_index/package_run_dependencies/perception
[0.216s] -- Up-to-date: /home/wanglonglong/Learn_ROS2/03.my_robot/install/perception/share/ament_index/resource_index/parent_prefix_path/perception
[0.217s] -- Up-to-date: /home/wanglonglong/Learn_ROS2/03.my_robot/install/perception/share/perception/environment/ament_prefix_path.sh
[0.217s] -- Up-to-date: /home/wanglonglong/Learn_ROS2/03.my_robot/install/perception/share/perception/environment/ament_prefix_path.dsv
[0.217s] -- Up-to-date: /home/wanglonglong/Learn_ROS2/03.my_robot/install/perception/share/perception/environment/path.sh
[0.217s] -- Up-to-date: /home/wanglonglong/Learn_ROS2/03.my_robot/install/perception/share/perception/environment/path.dsv
[0.217s] -- Up-to-date: /home/wanglonglong/Learn_ROS2/03.my_robot/install/perception/share/perception/local_setup.bash
[0.217s] -- Up-to-date: /home/wanglonglong/Learn_ROS2/03.my_robot/install/perception/share/perception/local_setup.sh
[0.217s] -- Up-to-date: /home/wanglonglong/Learn_ROS2/03.my_robot/install/perception/share/perception/local_setup.zsh
[0.217s] -- Up-to-date: /home/wanglonglong/Learn_ROS2/03.my_robot/install/perception/share/perception/local_setup.dsv
[0.217s] -- Installing: /home/wanglonglong/Learn_ROS2/03.my_robot/install/perception/share/perception/package.dsv
[0.217s] -- Up-to-date: /home/wanglonglong/Learn_ROS2/03.my_robot/install/perception/share/ament_index/resource_index/packages/perception
[0.217s] -- Up-to-date: /home/wanglonglong/Learn_ROS2/03.my_robot/install/perception/share/perception/cmake/perceptionConfig.cmake
[0.217s] -- Up-to-date: /home/wanglonglong/Learn_ROS2/03.my_robot/install/perception/share/perception/cmake/perceptionConfig-version.cmake
[0.217s] -- Up-to-date: /home/wanglonglong/Learn_ROS2/03.my_robot/install/perception/share/perception/package.xml
[0.219s] Invoked command in '/home/wanglonglong/Learn_ROS2/03.my_robot/build/perception' returned '0': CMAKE_PREFIX_PATH=${CMAKE_PREFIX_PATH}:/home/wanglonglong/Learn_ROS2/03.my_robot/install/detect:/opt/ros/jazzy DEBUGINFOD_URLS=https://debuginfod.ubuntu.com PS1=(ros2_env) \[\e]0;\u@\h: \w\a\]${debian_chroot:+($debian_chroot)}\[\033[01;32m\]\u\[\033[00m\]:\[\033[01;34m\]\w\[\033[00m\]\$ VIRTUAL_ENV_PROMPT=(ros2_env) /usr/bin/cmake --install /home/wanglonglong/Learn_ROS2/03.my_robot/build/perception
