[0.085s] DEBUG:colcon:Command line arguments: ['/usr/bin/colcon', 'build']
[0.085s] DEBUG:colcon:Parsed command line arguments: Namespace(log_base=None, log_level=None, verb_name='build', build_base='build', install_base='install', merge_install=False, symlink_install=False, test_result_base=None, continue_on_error=False, executor='parallel', parallel_workers=16, event_handlers=None, ignore_user_meta=False, metas=['./colcon.meta'], base_paths=['.'], packages_ignore=None, packages_ignore_regex=None, paths=None, packages_up_to=None, packages_up_to_regex=None, packages_above=None, packages_above_and_dependencies=None, packages_above_depth=None, packages_select_by_dep=None, packages_skip_by_dep=None, packages_skip_up_to=None, packages_select_build_failed=False, packages_skip_build_finished=False, packages_select_test_failures=False, packages_skip_test_passed=False, packages_select=None, packages_skip=None, packages_select_regex=None, packages_skip_regex=None, packages_start=None, packages_end=None, allow_overriding=[], cmake_args=None, cmake_target=None, cmake_target_skip_unavailable=False, cmake_clean_cache=False, cmake_clean_first=False, cmake_force_configure=False, ament_cmake_args=None, catkin_cmake_args=None, catkin_skip_building_tests=False, verb_parser=<colcon_defaults.argument_parser.defaults.DefaultArgumentsDecorator object at 0x79ea688690a0>, verb_extension=<colcon_core.verb.build.BuildVerb object at 0x79ea689e2db0>, main=<bound method BuildVerb.main of <colcon_core.verb.build.BuildVerb object at 0x79ea689e2db0>>)
[0.119s] Level 1:colcon.colcon_core.package_discovery:discover_packages(colcon_meta) check parameters
[0.119s] Level 1:colcon.colcon_core.package_discovery:discover_packages(recursive) check parameters
[0.119s] Level 1:colcon.colcon_core.package_discovery:discover_packages(ignore) check parameters
[0.119s] Level 1:colcon.colcon_core.package_discovery:discover_packages(path) check parameters
[0.119s] Level 1:colcon.colcon_core.package_discovery:discover_packages(colcon_meta) discover
[0.120s] Level 1:colcon.colcon_core.package_discovery:discover_packages(recursive) discover
[0.120s] INFO:colcon.colcon_core.package_discovery:Crawling recursively for packages in '/home/wanglonglong/Learn_ROS2/03.my_robot'
[0.120s] Level 1:colcon.colcon_core.package_identification:_identify(.) by extensions ['ignore', 'ignore_ament_install']
[0.120s] Level 1:colcon.colcon_core.package_identification:_identify(.) by extension 'ignore'
[0.120s] Level 1:colcon.colcon_core.package_identification:_identify(.) by extension 'ignore_ament_install'
[0.120s] Level 1:colcon.colcon_core.package_identification:_identify(.) by extensions ['colcon_pkg']
[0.120s] Level 1:colcon.colcon_core.package_identification:_identify(.) by extension 'colcon_pkg'
[0.120s] Level 1:colcon.colcon_core.package_identification:_identify(.) by extensions ['colcon_meta']
[0.120s] Level 1:colcon.colcon_core.package_identification:_identify(.) by extension 'colcon_meta'
[0.120s] Level 1:colcon.colcon_core.package_identification:_identify(.) by extensions ['ros']
[0.120s] Level 1:colcon.colcon_core.package_identification:_identify(.) by extension 'ros'
[0.144s] Level 1:colcon.colcon_core.package_identification:_identify(.) by extensions ['cmake', 'python']
[0.144s] Level 1:colcon.colcon_core.package_identification:_identify(.) by extension 'cmake'
[0.144s] Level 1:colcon.colcon_core.package_identification:_identify(.) by extension 'python'
[0.144s] Level 1:colcon.colcon_core.package_identification:_identify(.) by extensions ['python_setup_py']
[0.144s] Level 1:colcon.colcon_core.package_identification:_identify(.) by extension 'python_setup_py'
[0.145s] Level 1:colcon.colcon_core.package_identification:_identify(build) by extensions ['ignore', 'ignore_ament_install']
[0.145s] Level 1:colcon.colcon_core.package_identification:_identify(build) by extension 'ignore'
[0.145s] Level 1:colcon.colcon_core.package_identification:_identify(build) ignored
[0.145s] Level 1:colcon.colcon_core.package_identification:_identify(install) by extensions ['ignore', 'ignore_ament_install']
[0.145s] Level 1:colcon.colcon_core.package_identification:_identify(install) by extension 'ignore'
[0.145s] Level 1:colcon.colcon_core.package_identification:_identify(install) ignored
[0.145s] Level 1:colcon.colcon_core.package_identification:_identify(log) by extensions ['ignore', 'ignore_ament_install']
[0.145s] Level 1:colcon.colcon_core.package_identification:_identify(log) by extension 'ignore'
[0.145s] Level 1:colcon.colcon_core.package_identification:_identify(log) ignored
[0.145s] Level 1:colcon.colcon_core.package_identification:_identify(src) by extensions ['ignore', 'ignore_ament_install']
[0.145s] Level 1:colcon.colcon_core.package_identification:_identify(src) by extension 'ignore'
[0.145s] Level 1:colcon.colcon_core.package_identification:_identify(src) by extension 'ignore_ament_install'
[0.145s] Level 1:colcon.colcon_core.package_identification:_identify(src) by extensions ['colcon_pkg']
[0.145s] Level 1:colcon.colcon_core.package_identification:_identify(src) by extension 'colcon_pkg'
[0.145s] Level 1:colcon.colcon_core.package_identification:_identify(src) by extensions ['colcon_meta']
[0.145s] Level 1:colcon.colcon_core.package_identification:_identify(src) by extension 'colcon_meta'
[0.145s] Level 1:colcon.colcon_core.package_identification:_identify(src) by extensions ['ros']
[0.145s] Level 1:colcon.colcon_core.package_identification:_identify(src) by extension 'ros'
[0.145s] Level 1:colcon.colcon_core.package_identification:_identify(src) by extensions ['cmake', 'python']
[0.145s] Level 1:colcon.colcon_core.package_identification:_identify(src) by extension 'cmake'
[0.146s] Level 1:colcon.colcon_core.package_identification:_identify(src) by extension 'python'
[0.146s] Level 1:colcon.colcon_core.package_identification:_identify(src) by extensions ['python_setup_py']
[0.146s] Level 1:colcon.colcon_core.package_identification:_identify(src) by extension 'python_setup_py'
[0.146s] Level 1:colcon.colcon_core.package_identification:_identify(src/bringup) by extensions ['ignore', 'ignore_ament_install']
[0.146s] Level 1:colcon.colcon_core.package_identification:_identify(src/bringup) by extension 'ignore'
[0.146s] Level 1:colcon.colcon_core.package_identification:_identify(src/bringup) by extension 'ignore_ament_install'
[0.146s] Level 1:colcon.colcon_core.package_identification:_identify(src/bringup) by extensions ['colcon_pkg']
[0.146s] Level 1:colcon.colcon_core.package_identification:_identify(src/bringup) by extension 'colcon_pkg'
[0.146s] Level 1:colcon.colcon_core.package_identification:_identify(src/bringup) by extensions ['colcon_meta']
[0.146s] Level 1:colcon.colcon_core.package_identification:_identify(src/bringup) by extension 'colcon_meta'
[0.146s] Level 1:colcon.colcon_core.package_identification:_identify(src/bringup) by extensions ['ros']
[0.146s] Level 1:colcon.colcon_core.package_identification:_identify(src/bringup) by extension 'ros'
[0.148s] DEBUG:colcon.colcon_core.package_identification:Package 'src/bringup' with type 'ros.ament_cmake' and name 'bringup'
[0.148s] Level 1:colcon.colcon_core.package_identification:_identify(src/detect) by extensions ['ignore', 'ignore_ament_install']
[0.148s] Level 1:colcon.colcon_core.package_identification:_identify(src/detect) by extension 'ignore'
[0.148s] Level 1:colcon.colcon_core.package_identification:_identify(src/detect) by extension 'ignore_ament_install'
[0.149s] Level 1:colcon.colcon_core.package_identification:_identify(src/detect) by extensions ['colcon_pkg']
[0.149s] Level 1:colcon.colcon_core.package_identification:_identify(src/detect) by extension 'colcon_pkg'
[0.149s] Level 1:colcon.colcon_core.package_identification:_identify(src/detect) by extensions ['colcon_meta']
[0.149s] Level 1:colcon.colcon_core.package_identification:_identify(src/detect) by extension 'colcon_meta'
[0.149s] Level 1:colcon.colcon_core.package_identification:_identify(src/detect) by extensions ['ros']
[0.149s] Level 1:colcon.colcon_core.package_identification:_identify(src/detect) by extension 'ros'
[0.149s] DEBUG:colcon.colcon_core.package_identification:Package 'src/detect' with type 'ros.ament_python' and name 'detect'
[0.149s] Level 1:colcon.colcon_core.package_identification:_identify(src/perception) by extensions ['ignore', 'ignore_ament_install']
[0.149s] Level 1:colcon.colcon_core.package_identification:_identify(src/perception) by extension 'ignore'
[0.149s] Level 1:colcon.colcon_core.package_identification:_identify(src/perception) by extension 'ignore_ament_install'
[0.149s] Level 1:colcon.colcon_core.package_identification:_identify(src/perception) by extensions ['colcon_pkg']
[0.149s] Level 1:colcon.colcon_core.package_identification:_identify(src/perception) by extension 'colcon_pkg'
[0.149s] Level 1:colcon.colcon_core.package_identification:_identify(src/perception) by extensions ['colcon_meta']
[0.149s] Level 1:colcon.colcon_core.package_identification:_identify(src/perception) by extension 'colcon_meta'
[0.150s] Level 1:colcon.colcon_core.package_identification:_identify(src/perception) by extensions ['ros']
[0.150s] Level 1:colcon.colcon_core.package_identification:_identify(src/perception) by extension 'ros'
[0.150s] DEBUG:colcon.colcon_core.package_identification:Package 'src/perception' with type 'ros.ament_cmake' and name 'perception'
[0.150s] Level 1:colcon.colcon_core.package_identification:_identify(src/v4l2_camera) by extensions ['ignore', 'ignore_ament_install']
[0.150s] Level 1:colcon.colcon_core.package_identification:_identify(src/v4l2_camera) by extension 'ignore'
[0.150s] Level 1:colcon.colcon_core.package_identification:_identify(src/v4l2_camera) by extension 'ignore_ament_install'
[0.150s] Level 1:colcon.colcon_core.package_identification:_identify(src/v4l2_camera) by extensions ['colcon_pkg']
[0.150s] Level 1:colcon.colcon_core.package_identification:_identify(src/v4l2_camera) by extension 'colcon_pkg'
[0.150s] Level 1:colcon.colcon_core.package_identification:_identify(src/v4l2_camera) by extensions ['colcon_meta']
[0.150s] Level 1:colcon.colcon_core.package_identification:_identify(src/v4l2_camera) by extension 'colcon_meta'
[0.150s] Level 1:colcon.colcon_core.package_identification:_identify(src/v4l2_camera) by extensions ['ros']
[0.150s] Level 1:colcon.colcon_core.package_identification:_identify(src/v4l2_camera) by extension 'ros'
[0.151s] DEBUG:colcon.colcon_core.package_identification:Package 'src/v4l2_camera' with type 'ros.ament_cmake' and name 'v4l2_camera'
[0.151s] Level 1:colcon.colcon_core.package_discovery:discover_packages(recursive) using defaults
[0.151s] Level 1:colcon.colcon_core.package_discovery:discover_packages(ignore) discover
[0.151s] Level 1:colcon.colcon_core.package_discovery:discover_packages(ignore) using defaults
[0.151s] Level 1:colcon.colcon_core.package_discovery:discover_packages(path) discover
[0.151s] Level 1:colcon.colcon_core.package_discovery:discover_packages(path) using defaults
[0.165s] Level 1:colcon.colcon_core.package_discovery:discover_packages(prefix_path) check parameters
[0.165s] Level 1:colcon.colcon_core.package_discovery:discover_packages(prefix_path) discover
[0.166s] DEBUG:colcon.colcon_installed_package_information.package_discovery:Found 4 installed packages in /home/wanglonglong/Learn_ROS2/03.my_robot/install
[0.168s] DEBUG:colcon.colcon_installed_package_information.package_discovery:Found 288 installed packages in /opt/ros/jazzy
[0.168s] Level 1:colcon.colcon_core.package_discovery:discover_packages(prefix_path) using defaults
[0.195s] Level 5:colcon.colcon_core.verb:set package 'bringup' build argument 'cmake_args' from command line to 'None'
[0.195s] Level 5:colcon.colcon_core.verb:set package 'bringup' build argument 'cmake_target' from command line to 'None'
[0.195s] Level 5:colcon.colcon_core.verb:set package 'bringup' build argument 'cmake_target_skip_unavailable' from command line to 'False'
[0.195s] Level 5:colcon.colcon_core.verb:set package 'bringup' build argument 'cmake_clean_cache' from command line to 'False'
[0.195s] Level 5:colcon.colcon_core.verb:set package 'bringup' build argument 'cmake_clean_first' from command line to 'False'
[0.195s] Level 5:colcon.colcon_core.verb:set package 'bringup' build argument 'cmake_force_configure' from command line to 'False'
[0.195s] Level 5:colcon.colcon_core.verb:set package 'bringup' build argument 'ament_cmake_args' from command line to 'None'
[0.195s] Level 5:colcon.colcon_core.verb:set package 'bringup' build argument 'catkin_cmake_args' from command line to 'None'
[0.195s] Level 5:colcon.colcon_core.verb:set package 'bringup' build argument 'catkin_skip_building_tests' from command line to 'False'
[0.195s] DEBUG:colcon.colcon_core.verb:Building package 'bringup' with the following arguments: {'ament_cmake_args': None, 'build_base': '/home/wanglonglong/Learn_ROS2/03.my_robot/build/bringup', 'catkin_cmake_args': None, 'catkin_skip_building_tests': False, 'cmake_args': None, 'cmake_clean_cache': False, 'cmake_clean_first': False, 'cmake_force_configure': False, 'cmake_target': None, 'cmake_target_skip_unavailable': False, 'install_base': '/home/wanglonglong/Learn_ROS2/03.my_robot/install/bringup', 'merge_install': False, 'path': '/home/wanglonglong/Learn_ROS2/03.my_robot/src/bringup', 'symlink_install': False, 'test_result_base': None}
[0.195s] Level 5:colcon.colcon_core.verb:set package 'detect' build argument 'cmake_args' from command line to 'None'
[0.195s] Level 5:colcon.colcon_core.verb:set package 'detect' build argument 'cmake_target' from command line to 'None'
[0.195s] Level 5:colcon.colcon_core.verb:set package 'detect' build argument 'cmake_target_skip_unavailable' from command line to 'False'
[0.195s] Level 5:colcon.colcon_core.verb:set package 'detect' build argument 'cmake_clean_cache' from command line to 'False'
[0.195s] Level 5:colcon.colcon_core.verb:set package 'detect' build argument 'cmake_clean_first' from command line to 'False'
[0.195s] Level 5:colcon.colcon_core.verb:set package 'detect' build argument 'cmake_force_configure' from command line to 'False'
[0.195s] Level 5:colcon.colcon_core.verb:set package 'detect' build argument 'ament_cmake_args' from command line to 'None'
[0.195s] Level 5:colcon.colcon_core.verb:set package 'detect' build argument 'catkin_cmake_args' from command line to 'None'
[0.195s] Level 5:colcon.colcon_core.verb:set package 'detect' build argument 'catkin_skip_building_tests' from command line to 'False'
[0.195s] DEBUG:colcon.colcon_core.verb:Building package 'detect' with the following arguments: {'ament_cmake_args': None, 'build_base': '/home/wanglonglong/Learn_ROS2/03.my_robot/build/detect', 'catkin_cmake_args': None, 'catkin_skip_building_tests': False, 'cmake_args': None, 'cmake_clean_cache': False, 'cmake_clean_first': False, 'cmake_force_configure': False, 'cmake_target': None, 'cmake_target_skip_unavailable': False, 'install_base': '/home/wanglonglong/Learn_ROS2/03.my_robot/install/detect', 'merge_install': False, 'path': '/home/wanglonglong/Learn_ROS2/03.my_robot/src/detect', 'symlink_install': False, 'test_result_base': None}
[0.195s] Level 5:colcon.colcon_core.verb:set package 'perception' build argument 'cmake_args' from command line to 'None'
[0.195s] Level 5:colcon.colcon_core.verb:set package 'perception' build argument 'cmake_target' from command line to 'None'
[0.196s] Level 5:colcon.colcon_core.verb:set package 'perception' build argument 'cmake_target_skip_unavailable' from command line to 'False'
[0.196s] Level 5:colcon.colcon_core.verb:set package 'perception' build argument 'cmake_clean_cache' from command line to 'False'
[0.196s] Level 5:colcon.colcon_core.verb:set package 'perception' build argument 'cmake_clean_first' from command line to 'False'
[0.196s] Level 5:colcon.colcon_core.verb:set package 'perception' build argument 'cmake_force_configure' from command line to 'False'
[0.196s] Level 5:colcon.colcon_core.verb:set package 'perception' build argument 'ament_cmake_args' from command line to 'None'
[0.196s] Level 5:colcon.colcon_core.verb:set package 'perception' build argument 'catkin_cmake_args' from command line to 'None'
[0.196s] Level 5:colcon.colcon_core.verb:set package 'perception' build argument 'catkin_skip_building_tests' from command line to 'False'
[0.196s] DEBUG:colcon.colcon_core.verb:Building package 'perception' with the following arguments: {'ament_cmake_args': None, 'build_base': '/home/wanglonglong/Learn_ROS2/03.my_robot/build/perception', 'catkin_cmake_args': None, 'catkin_skip_building_tests': False, 'cmake_args': None, 'cmake_clean_cache': False, 'cmake_clean_first': False, 'cmake_force_configure': False, 'cmake_target': None, 'cmake_target_skip_unavailable': False, 'install_base': '/home/wanglonglong/Learn_ROS2/03.my_robot/install/perception', 'merge_install': False, 'path': '/home/wanglonglong/Learn_ROS2/03.my_robot/src/perception', 'symlink_install': False, 'test_result_base': None}
[0.196s] Level 5:colcon.colcon_core.verb:set package 'v4l2_camera' build argument 'cmake_args' from command line to 'None'
[0.196s] Level 5:colcon.colcon_core.verb:set package 'v4l2_camera' build argument 'cmake_target' from command line to 'None'
[0.196s] Level 5:colcon.colcon_core.verb:set package 'v4l2_camera' build argument 'cmake_target_skip_unavailable' from command line to 'False'
[0.196s] Level 5:colcon.colcon_core.verb:set package 'v4l2_camera' build argument 'cmake_clean_cache' from command line to 'False'
[0.196s] Level 5:colcon.colcon_core.verb:set package 'v4l2_camera' build argument 'cmake_clean_first' from command line to 'False'
[0.196s] Level 5:colcon.colcon_core.verb:set package 'v4l2_camera' build argument 'cmake_force_configure' from command line to 'False'
[0.196s] Level 5:colcon.colcon_core.verb:set package 'v4l2_camera' build argument 'ament_cmake_args' from command line to 'None'
[0.196s] Level 5:colcon.colcon_core.verb:set package 'v4l2_camera' build argument 'catkin_cmake_args' from command line to 'None'
[0.196s] Level 5:colcon.colcon_core.verb:set package 'v4l2_camera' build argument 'catkin_skip_building_tests' from command line to 'False'
[0.196s] DEBUG:colcon.colcon_core.verb:Building package 'v4l2_camera' with the following arguments: {'ament_cmake_args': None, 'build_base': '/home/wanglonglong/Learn_ROS2/03.my_robot/build/v4l2_camera', 'catkin_cmake_args': None, 'catkin_skip_building_tests': False, 'cmake_args': None, 'cmake_clean_cache': False, 'cmake_clean_first': False, 'cmake_force_configure': False, 'cmake_target': None, 'cmake_target_skip_unavailable': False, 'install_base': '/home/wanglonglong/Learn_ROS2/03.my_robot/install/v4l2_camera', 'merge_install': False, 'path': '/home/wanglonglong/Learn_ROS2/03.my_robot/src/v4l2_camera', 'symlink_install': False, 'test_result_base': None}
[0.196s] INFO:colcon.colcon_core.executor:Executing jobs using 'parallel' executor
[0.197s] DEBUG:colcon.colcon_parallel_executor.executor.parallel:run_until_complete
[0.197s] INFO:colcon.colcon_ros.task.ament_cmake.build:Building ROS package in '/home/wanglonglong/Learn_ROS2/03.my_robot/src/bringup' with build type 'ament_cmake'
[0.197s] INFO:colcon.colcon_cmake.task.cmake.build:Building CMake package in '/home/wanglonglong/Learn_ROS2/03.my_robot/src/bringup'
[0.199s] INFO:colcon.colcon_core.plugin_system:Skipping extension 'colcon_core.shell.bat': Not used on non-Windows systems
[0.199s] INFO:colcon.colcon_core.shell:Skip shell extension 'powershell' for command environment: Not usable outside of PowerShell
[0.199s] DEBUG:colcon.colcon_core.shell:Skip shell extension 'dsv' for command environment
[0.202s] INFO:colcon.colcon_ros.task.ament_python.build:Building ROS package in '/home/wanglonglong/Learn_ROS2/03.my_robot/src/detect' with build type 'ament_python'
[0.202s] Level 1:colcon.colcon_core.shell:create_environment_hook('detect', 'ament_prefix_path')
[0.202s] INFO:colcon.colcon_core.shell:Creating environment hook '/home/wanglonglong/Learn_ROS2/03.my_robot/install/detect/share/detect/hook/ament_prefix_path.ps1'
[0.204s] INFO:colcon.colcon_core.shell:Creating environment descriptor '/home/wanglonglong/Learn_ROS2/03.my_robot/install/detect/share/detect/hook/ament_prefix_path.dsv'
[0.204s] INFO:colcon.colcon_core.shell:Creating environment hook '/home/wanglonglong/Learn_ROS2/03.my_robot/install/detect/share/detect/hook/ament_prefix_path.sh'
[0.205s] INFO:colcon.colcon_core.shell:Skip shell extension 'powershell' for command environment: Not usable outside of PowerShell
[0.205s] DEBUG:colcon.colcon_core.shell:Skip shell extension 'dsv' for command environment
[0.207s] INFO:colcon.colcon_ros.task.ament_cmake.build:Building ROS package in '/home/wanglonglong/Learn_ROS2/03.my_robot/src/perception' with build type 'ament_cmake'
[0.208s] INFO:colcon.colcon_cmake.task.cmake.build:Building CMake package in '/home/wanglonglong/Learn_ROS2/03.my_robot/src/perception'
[0.208s] INFO:colcon.colcon_core.shell:Skip shell extension 'powershell' for command environment: Not usable outside of PowerShell
[0.208s] DEBUG:colcon.colcon_core.shell:Skip shell extension 'dsv' for command environment
[0.210s] INFO:colcon.colcon_ros.task.ament_cmake.build:Building ROS package in '/home/wanglonglong/Learn_ROS2/03.my_robot/src/v4l2_camera' with build type 'ament_cmake'
[0.210s] INFO:colcon.colcon_cmake.task.cmake.build:Building CMake package in '/home/wanglonglong/Learn_ROS2/03.my_robot/src/v4l2_camera'
[0.210s] INFO:colcon.colcon_core.shell:Skip shell extension 'powershell' for command environment: Not usable outside of PowerShell
[0.211s] DEBUG:colcon.colcon_core.shell:Skip shell extension 'dsv' for command environment
[0.219s] DEBUG:colcon.colcon_core.event_handler.log_command:Invoking command in '/home/wanglonglong/Learn_ROS2/03.my_robot/build/bringup': CMAKE_PREFIX_PATH=${CMAKE_PREFIX_PATH}:/home/wanglonglong/Learn_ROS2/03.my_robot/install/detect:/opt/ros/jazzy DEBUGINFOD_URLS=https://debuginfod.ubuntu.com PS1=(ros2_env) \[\e]0;\u@\h: \w\a\]${debian_chroot:+($debian_chroot)}\[\033[01;32m\]\u\[\033[00m\]:\[\033[01;34m\]\w\[\033[00m\]\$ VIRTUAL_ENV_PROMPT=(ros2_env) /usr/bin/cmake --build /home/wanglonglong/Learn_ROS2/03.my_robot/build/bringup -- -j16 -l16
[0.362s] INFO:colcon.colcon_core.task.python.build:Building Python package in '/home/wanglonglong/Learn_ROS2/03.my_robot/src/detect'
[0.363s] INFO:colcon.colcon_core.shell:Skip shell extension 'powershell' for command environment: Not usable outside of PowerShell
[0.363s] DEBUG:colcon.colcon_core.shell:Skip shell extension 'dsv' for command environment
[0.368s] DEBUG:colcon.colcon_core.event_handler.log_command:Invoking command in '/home/wanglonglong/Learn_ROS2/03.my_robot/build/perception': CMAKE_PREFIX_PATH=${CMAKE_PREFIX_PATH}:/home/wanglonglong/Learn_ROS2/03.my_robot/install/detect:/opt/ros/jazzy DEBUGINFOD_URLS=https://debuginfod.ubuntu.com PS1=(ros2_env) \[\e]0;\u@\h: \w\a\]${debian_chroot:+($debian_chroot)}\[\033[01;32m\]\u\[\033[00m\]:\[\033[01;34m\]\w\[\033[00m\]\$ VIRTUAL_ENV_PROMPT=(ros2_env) /usr/bin/cmake --build /home/wanglonglong/Learn_ROS2/03.my_robot/build/perception -- -j16 -l16
[0.370s] DEBUG:colcon.colcon_core.event_handler.log_command:Invoked command in '/home/wanglonglong/Learn_ROS2/03.my_robot/build/bringup' returned '0': CMAKE_PREFIX_PATH=${CMAKE_PREFIX_PATH}:/home/wanglonglong/Learn_ROS2/03.my_robot/install/detect:/opt/ros/jazzy DEBUGINFOD_URLS=https://debuginfod.ubuntu.com PS1=(ros2_env) \[\e]0;\u@\h: \w\a\]${debian_chroot:+($debian_chroot)}\[\033[01;32m\]\u\[\033[00m\]:\[\033[01;34m\]\w\[\033[00m\]\$ VIRTUAL_ENV_PROMPT=(ros2_env) /usr/bin/cmake --build /home/wanglonglong/Learn_ROS2/03.my_robot/build/bringup -- -j16 -l16
[0.378s] DEBUG:colcon.colcon_core.event_handler.log_command:Invoking command in '/home/wanglonglong/Learn_ROS2/03.my_robot/build/bringup': CMAKE_PREFIX_PATH=${CMAKE_PREFIX_PATH}:/home/wanglonglong/Learn_ROS2/03.my_robot/install/detect:/opt/ros/jazzy DEBUGINFOD_URLS=https://debuginfod.ubuntu.com PS1=(ros2_env) \[\e]0;\u@\h: \w\a\]${debian_chroot:+($debian_chroot)}\[\033[01;32m\]\u\[\033[00m\]:\[\033[01;34m\]\w\[\033[00m\]\$ VIRTUAL_ENV_PROMPT=(ros2_env) /usr/bin/cmake --install /home/wanglonglong/Learn_ROS2/03.my_robot/build/bringup
[0.381s] DEBUG:colcon.colcon_core.event_handler.log_command:Invoking command in '/home/wanglonglong/Learn_ROS2/03.my_robot/build/v4l2_camera': CMAKE_PREFIX_PATH=${CMAKE_PREFIX_PATH}:/home/wanglonglong/Learn_ROS2/03.my_robot/install/detect:/opt/ros/jazzy DEBUGINFOD_URLS=https://debuginfod.ubuntu.com PS1=(ros2_env) \[\e]0;\u@\h: \w\a\]${debian_chroot:+($debian_chroot)}\[\033[01;32m\]\u\[\033[00m\]:\[\033[01;34m\]\w\[\033[00m\]\$ VIRTUAL_ENV_PROMPT=(ros2_env) /usr/bin/cmake --build /home/wanglonglong/Learn_ROS2/03.my_robot/build/v4l2_camera -- -j16 -l16
[0.388s] Level 1:colcon.colcon_core.environment:create_environment_scripts_only(bringup)
[0.389s] DEBUG:colcon.colcon_core.event_handler.log_command:Invoked command in '/home/wanglonglong/Learn_ROS2/03.my_robot/build/bringup' returned '0': CMAKE_PREFIX_PATH=${CMAKE_PREFIX_PATH}:/home/wanglonglong/Learn_ROS2/03.my_robot/install/detect:/opt/ros/jazzy DEBUGINFOD_URLS=https://debuginfod.ubuntu.com PS1=(ros2_env) \[\e]0;\u@\h: \w\a\]${debian_chroot:+($debian_chroot)}\[\033[01;32m\]\u\[\033[00m\]:\[\033[01;34m\]\w\[\033[00m\]\$ VIRTUAL_ENV_PROMPT=(ros2_env) /usr/bin/cmake --install /home/wanglonglong/Learn_ROS2/03.my_robot/build/bringup
[0.390s] Level 1:colcon.colcon_core.environment:checking '/home/wanglonglong/Learn_ROS2/03.my_robot/install/bringup' for CMake module files
[0.390s] Level 1:colcon.colcon_core.environment:checking '/home/wanglonglong/Learn_ROS2/03.my_robot/install/bringup' for CMake config files
[0.390s] Level 1:colcon.colcon_core.shell:create_environment_hook('bringup', 'cmake_prefix_path')
[0.391s] INFO:colcon.colcon_core.shell:Creating environment hook '/home/wanglonglong/Learn_ROS2/03.my_robot/install/bringup/share/bringup/hook/cmake_prefix_path.ps1'
[0.391s] INFO:colcon.colcon_core.shell:Creating environment descriptor '/home/wanglonglong/Learn_ROS2/03.my_robot/install/bringup/share/bringup/hook/cmake_prefix_path.dsv'
[0.391s] INFO:colcon.colcon_core.shell:Creating environment hook '/home/wanglonglong/Learn_ROS2/03.my_robot/install/bringup/share/bringup/hook/cmake_prefix_path.sh'
[0.392s] Level 1:colcon.colcon_core.environment:checking '/home/wanglonglong/Learn_ROS2/03.my_robot/install/bringup/bin'
[0.392s] Level 1:colcon.colcon_core.environment:checking '/home/wanglonglong/Learn_ROS2/03.my_robot/install/bringup/lib/pkgconfig/bringup.pc'
[0.392s] Level 1:colcon.colcon_core.environment:checking '/home/wanglonglong/Learn_ROS2/03.my_robot/install/bringup/lib/python3.12/site-packages'
[0.392s] Level 1:colcon.colcon_core.environment:checking '/home/wanglonglong/Learn_ROS2/03.my_robot/install/bringup/bin'
[0.392s] INFO:colcon.colcon_core.shell:Creating package script '/home/wanglonglong/Learn_ROS2/03.my_robot/install/bringup/share/bringup/package.ps1'
[0.393s] INFO:colcon.colcon_core.shell:Creating package descriptor '/home/wanglonglong/Learn_ROS2/03.my_robot/install/bringup/share/bringup/package.dsv'
[0.393s] INFO:colcon.colcon_core.shell:Creating package script '/home/wanglonglong/Learn_ROS2/03.my_robot/install/bringup/share/bringup/package.sh'
[0.394s] INFO:colcon.colcon_core.shell:Creating package script '/home/wanglonglong/Learn_ROS2/03.my_robot/install/bringup/share/bringup/package.bash'
[0.394s] INFO:colcon.colcon_core.shell:Creating package script '/home/wanglonglong/Learn_ROS2/03.my_robot/install/bringup/share/bringup/package.zsh'
[0.395s] Level 1:colcon.colcon_core.environment:create_file_with_runtime_dependencies(/home/wanglonglong/Learn_ROS2/03.my_robot/install/bringup/share/colcon-core/packages/bringup)
[0.395s] Level 1:colcon.colcon_core.environment:create_environment_scripts_only(bringup)
[0.395s] Level 1:colcon.colcon_core.environment:checking '/home/wanglonglong/Learn_ROS2/03.my_robot/install/bringup' for CMake module files
[0.396s] Level 1:colcon.colcon_core.environment:checking '/home/wanglonglong/Learn_ROS2/03.my_robot/install/bringup' for CMake config files
[0.396s] Level 1:colcon.colcon_core.shell:create_environment_hook('bringup', 'cmake_prefix_path')
[0.396s] INFO:colcon.colcon_core.shell:Creating environment hook '/home/wanglonglong/Learn_ROS2/03.my_robot/install/bringup/share/bringup/hook/cmake_prefix_path.ps1'
[0.396s] INFO:colcon.colcon_core.shell:Creating environment descriptor '/home/wanglonglong/Learn_ROS2/03.my_robot/install/bringup/share/bringup/hook/cmake_prefix_path.dsv'
[0.396s] INFO:colcon.colcon_core.shell:Creating environment hook '/home/wanglonglong/Learn_ROS2/03.my_robot/install/bringup/share/bringup/hook/cmake_prefix_path.sh'
[0.397s] Level 1:colcon.colcon_core.environment:checking '/home/wanglonglong/Learn_ROS2/03.my_robot/install/bringup/bin'
[0.397s] Level 1:colcon.colcon_core.environment:checking '/home/wanglonglong/Learn_ROS2/03.my_robot/install/bringup/lib/pkgconfig/bringup.pc'
[0.398s] Level 1:colcon.colcon_core.environment:checking '/home/wanglonglong/Learn_ROS2/03.my_robot/install/bringup/lib/python3.12/site-packages'
[0.398s] Level 1:colcon.colcon_core.environment:checking '/home/wanglonglong/Learn_ROS2/03.my_robot/install/bringup/bin'
[0.398s] INFO:colcon.colcon_core.shell:Creating package script '/home/wanglonglong/Learn_ROS2/03.my_robot/install/bringup/share/bringup/package.ps1'
[0.398s] INFO:colcon.colcon_core.shell:Creating package descriptor '/home/wanglonglong/Learn_ROS2/03.my_robot/install/bringup/share/bringup/package.dsv'
[0.399s] INFO:colcon.colcon_core.shell:Creating package script '/home/wanglonglong/Learn_ROS2/03.my_robot/install/bringup/share/bringup/package.sh'
[0.399s] INFO:colcon.colcon_core.shell:Creating package script '/home/wanglonglong/Learn_ROS2/03.my_robot/install/bringup/share/bringup/package.bash'
[0.399s] INFO:colcon.colcon_core.shell:Creating package script '/home/wanglonglong/Learn_ROS2/03.my_robot/install/bringup/share/bringup/package.zsh'
[0.400s] Level 1:colcon.colcon_core.environment:create_file_with_runtime_dependencies(/home/wanglonglong/Learn_ROS2/03.my_robot/install/bringup/share/colcon-core/packages/bringup)
[0.434s] DEBUG:colcon.colcon_core.event_handler.log_command:Invoked command in '/home/wanglonglong/Learn_ROS2/03.my_robot/build/perception' returned '0': CMAKE_PREFIX_PATH=${CMAKE_PREFIX_PATH}:/home/wanglonglong/Learn_ROS2/03.my_robot/install/detect:/opt/ros/jazzy DEBUGINFOD_URLS=https://debuginfod.ubuntu.com PS1=(ros2_env) \[\e]0;\u@\h: \w\a\]${debian_chroot:+($debian_chroot)}\[\033[01;32m\]\u\[\033[00m\]:\[\033[01;34m\]\w\[\033[00m\]\$ VIRTUAL_ENV_PROMPT=(ros2_env) /usr/bin/cmake --build /home/wanglonglong/Learn_ROS2/03.my_robot/build/perception -- -j16 -l16
[0.435s] DEBUG:colcon.colcon_core.event_handler.log_command:Invoking command in '/home/wanglonglong/Learn_ROS2/03.my_robot/build/perception': CMAKE_PREFIX_PATH=${CMAKE_PREFIX_PATH}:/home/wanglonglong/Learn_ROS2/03.my_robot/install/detect:/opt/ros/jazzy DEBUGINFOD_URLS=https://debuginfod.ubuntu.com PS1=(ros2_env) \[\e]0;\u@\h: \w\a\]${debian_chroot:+($debian_chroot)}\[\033[01;32m\]\u\[\033[00m\]:\[\033[01;34m\]\w\[\033[00m\]\$ VIRTUAL_ENV_PROMPT=(ros2_env) /usr/bin/cmake --install /home/wanglonglong/Learn_ROS2/03.my_robot/build/perception
[0.444s] Level 1:colcon.colcon_core.environment:create_environment_scripts_only(perception)
[0.444s] Level 1:colcon.colcon_core.environment:checking '/home/wanglonglong/Learn_ROS2/03.my_robot/install/perception' for CMake module files
[0.445s] DEBUG:colcon.colcon_core.event_handler.log_command:Invoked command in '/home/wanglonglong/Learn_ROS2/03.my_robot/build/perception' returned '0': CMAKE_PREFIX_PATH=${CMAKE_PREFIX_PATH}:/home/wanglonglong/Learn_ROS2/03.my_robot/install/detect:/opt/ros/jazzy DEBUGINFOD_URLS=https://debuginfod.ubuntu.com PS1=(ros2_env) \[\e]0;\u@\h: \w\a\]${debian_chroot:+($debian_chroot)}\[\033[01;32m\]\u\[\033[00m\]:\[\033[01;34m\]\w\[\033[00m\]\$ VIRTUAL_ENV_PROMPT=(ros2_env) /usr/bin/cmake --install /home/wanglonglong/Learn_ROS2/03.my_robot/build/perception
[0.445s] Level 1:colcon.colcon_core.environment:checking '/home/wanglonglong/Learn_ROS2/03.my_robot/install/perception' for CMake config files
[0.445s] Level 1:colcon.colcon_core.shell:create_environment_hook('perception', 'cmake_prefix_path')
[0.445s] INFO:colcon.colcon_core.shell:Creating environment hook '/home/wanglonglong/Learn_ROS2/03.my_robot/install/perception/share/perception/hook/cmake_prefix_path.ps1'
[0.446s] INFO:colcon.colcon_core.shell:Creating environment descriptor '/home/wanglonglong/Learn_ROS2/03.my_robot/install/perception/share/perception/hook/cmake_prefix_path.dsv'
[0.446s] INFO:colcon.colcon_core.shell:Creating environment hook '/home/wanglonglong/Learn_ROS2/03.my_robot/install/perception/share/perception/hook/cmake_prefix_path.sh'
[0.447s] Level 1:colcon.colcon_core.environment:checking '/home/wanglonglong/Learn_ROS2/03.my_robot/install/perception/lib'
[0.447s] Level 1:colcon.colcon_core.environment:checking '/home/wanglonglong/Learn_ROS2/03.my_robot/install/perception/bin'
[0.447s] Level 1:colcon.colcon_core.environment:checking '/home/wanglonglong/Learn_ROS2/03.my_robot/install/perception/lib/pkgconfig/perception.pc'
[0.447s] Level 1:colcon.colcon_core.environment:checking '/home/wanglonglong/Learn_ROS2/03.my_robot/install/perception/lib/python3.12/site-packages'
[0.447s] Level 1:colcon.colcon_core.environment:checking '/home/wanglonglong/Learn_ROS2/03.my_robot/install/perception/bin'
[0.447s] INFO:colcon.colcon_core.shell:Creating package script '/home/wanglonglong/Learn_ROS2/03.my_robot/install/perception/share/perception/package.ps1'
[0.448s] INFO:colcon.colcon_core.shell:Creating package descriptor '/home/wanglonglong/Learn_ROS2/03.my_robot/install/perception/share/perception/package.dsv'
[0.448s] INFO:colcon.colcon_core.shell:Creating package script '/home/wanglonglong/Learn_ROS2/03.my_robot/install/perception/share/perception/package.sh'
[0.448s] INFO:colcon.colcon_core.shell:Creating package script '/home/wanglonglong/Learn_ROS2/03.my_robot/install/perception/share/perception/package.bash'
[0.449s] INFO:colcon.colcon_core.shell:Creating package script '/home/wanglonglong/Learn_ROS2/03.my_robot/install/perception/share/perception/package.zsh'
[0.449s] Level 1:colcon.colcon_core.environment:create_file_with_runtime_dependencies(/home/wanglonglong/Learn_ROS2/03.my_robot/install/perception/share/colcon-core/packages/perception)
[0.449s] Level 1:colcon.colcon_core.environment:create_environment_scripts_only(perception)
[0.449s] Level 1:colcon.colcon_core.environment:checking '/home/wanglonglong/Learn_ROS2/03.my_robot/install/perception' for CMake module files
[0.450s] Level 1:colcon.colcon_core.environment:checking '/home/wanglonglong/Learn_ROS2/03.my_robot/install/perception' for CMake config files
[0.450s] Level 1:colcon.colcon_core.shell:create_environment_hook('perception', 'cmake_prefix_path')
[0.450s] INFO:colcon.colcon_core.shell:Creating environment hook '/home/wanglonglong/Learn_ROS2/03.my_robot/install/perception/share/perception/hook/cmake_prefix_path.ps1'
[0.450s] INFO:colcon.colcon_core.shell:Creating environment descriptor '/home/wanglonglong/Learn_ROS2/03.my_robot/install/perception/share/perception/hook/cmake_prefix_path.dsv'
[0.451s] INFO:colcon.colcon_core.shell:Creating environment hook '/home/wanglonglong/Learn_ROS2/03.my_robot/install/perception/share/perception/hook/cmake_prefix_path.sh'
[0.451s] Level 1:colcon.colcon_core.environment:checking '/home/wanglonglong/Learn_ROS2/03.my_robot/install/perception/lib'
[0.451s] Level 1:colcon.colcon_core.environment:checking '/home/wanglonglong/Learn_ROS2/03.my_robot/install/perception/bin'
[0.451s] Level 1:colcon.colcon_core.environment:checking '/home/wanglonglong/Learn_ROS2/03.my_robot/install/perception/lib/pkgconfig/perception.pc'
[0.451s] Level 1:colcon.colcon_core.environment:checking '/home/wanglonglong/Learn_ROS2/03.my_robot/install/perception/lib/python3.12/site-packages'
[0.451s] Level 1:colcon.colcon_core.environment:checking '/home/wanglonglong/Learn_ROS2/03.my_robot/install/perception/bin'
[0.452s] INFO:colcon.colcon_core.shell:Creating package script '/home/wanglonglong/Learn_ROS2/03.my_robot/install/perception/share/perception/package.ps1'
[0.452s] INFO:colcon.colcon_core.shell:Creating package descriptor '/home/wanglonglong/Learn_ROS2/03.my_robot/install/perception/share/perception/package.dsv'
[0.452s] INFO:colcon.colcon_core.shell:Creating package script '/home/wanglonglong/Learn_ROS2/03.my_robot/install/perception/share/perception/package.sh'
[0.453s] INFO:colcon.colcon_core.shell:Creating package script '/home/wanglonglong/Learn_ROS2/03.my_robot/install/perception/share/perception/package.bash'
[0.453s] INFO:colcon.colcon_core.shell:Creating package script '/home/wanglonglong/Learn_ROS2/03.my_robot/install/perception/share/perception/package.zsh'
[0.453s] Level 1:colcon.colcon_core.environment:create_file_with_runtime_dependencies(/home/wanglonglong/Learn_ROS2/03.my_robot/install/perception/share/colcon-core/packages/perception)
[0.472s] DEBUG:colcon.colcon_core.event_handler.log_command:Invoked command in '/home/wanglonglong/Learn_ROS2/03.my_robot/build/v4l2_camera' returned '0': CMAKE_PREFIX_PATH=${CMAKE_PREFIX_PATH}:/home/wanglonglong/Learn_ROS2/03.my_robot/install/detect:/opt/ros/jazzy DEBUGINFOD_URLS=https://debuginfod.ubuntu.com PS1=(ros2_env) \[\e]0;\u@\h: \w\a\]${debian_chroot:+($debian_chroot)}\[\033[01;32m\]\u\[\033[00m\]:\[\033[01;34m\]\w\[\033[00m\]\$ VIRTUAL_ENV_PROMPT=(ros2_env) /usr/bin/cmake --build /home/wanglonglong/Learn_ROS2/03.my_robot/build/v4l2_camera -- -j16 -l16
[0.472s] DEBUG:colcon.colcon_core.event_handler.log_command:Invoking command in '/home/wanglonglong/Learn_ROS2/03.my_robot/build/v4l2_camera': CMAKE_PREFIX_PATH=${CMAKE_PREFIX_PATH}:/home/wanglonglong/Learn_ROS2/03.my_robot/install/detect:/opt/ros/jazzy DEBUGINFOD_URLS=https://debuginfod.ubuntu.com PS1=(ros2_env) \[\e]0;\u@\h: \w\a\]${debian_chroot:+($debian_chroot)}\[\033[01;32m\]\u\[\033[00m\]:\[\033[01;34m\]\w\[\033[00m\]\$ VIRTUAL_ENV_PROMPT=(ros2_env) /usr/bin/cmake --install /home/wanglonglong/Learn_ROS2/03.my_robot/build/v4l2_camera
[0.483s] Level 1:colcon.colcon_core.environment:create_environment_scripts_only(v4l2_camera)
[0.483s] Level 1:colcon.colcon_core.environment:checking '/home/wanglonglong/Learn_ROS2/03.my_robot/install/v4l2_camera' for CMake module files
[0.483s] DEBUG:colcon.colcon_core.event_handler.log_command:Invoked command in '/home/wanglonglong/Learn_ROS2/03.my_robot/build/v4l2_camera' returned '0': CMAKE_PREFIX_PATH=${CMAKE_PREFIX_PATH}:/home/wanglonglong/Learn_ROS2/03.my_robot/install/detect:/opt/ros/jazzy DEBUGINFOD_URLS=https://debuginfod.ubuntu.com PS1=(ros2_env) \[\e]0;\u@\h: \w\a\]${debian_chroot:+($debian_chroot)}\[\033[01;32m\]\u\[\033[00m\]:\[\033[01;34m\]\w\[\033[00m\]\$ VIRTUAL_ENV_PROMPT=(ros2_env) /usr/bin/cmake --install /home/wanglonglong/Learn_ROS2/03.my_robot/build/v4l2_camera
[0.484s] Level 1:colcon.colcon_core.environment:checking '/home/wanglonglong/Learn_ROS2/03.my_robot/install/v4l2_camera' for CMake config files
[0.484s] Level 1:colcon.colcon_core.shell:create_environment_hook('v4l2_camera', 'cmake_prefix_path')
[0.484s] INFO:colcon.colcon_core.shell:Creating environment hook '/home/wanglonglong/Learn_ROS2/03.my_robot/install/v4l2_camera/share/v4l2_camera/hook/cmake_prefix_path.ps1'
[0.484s] INFO:colcon.colcon_core.shell:Creating environment descriptor '/home/wanglonglong/Learn_ROS2/03.my_robot/install/v4l2_camera/share/v4l2_camera/hook/cmake_prefix_path.dsv'
[0.485s] INFO:colcon.colcon_core.shell:Creating environment hook '/home/wanglonglong/Learn_ROS2/03.my_robot/install/v4l2_camera/share/v4l2_camera/hook/cmake_prefix_path.sh'
[0.485s] Level 1:colcon.colcon_core.environment:checking '/home/wanglonglong/Learn_ROS2/03.my_robot/install/v4l2_camera/lib'
[0.485s] Level 1:colcon.colcon_core.shell:create_environment_hook('v4l2_camera', 'ld_library_path_lib')
[0.485s] INFO:colcon.colcon_core.shell:Creating environment hook '/home/wanglonglong/Learn_ROS2/03.my_robot/install/v4l2_camera/share/v4l2_camera/hook/ld_library_path_lib.ps1'
[0.486s] INFO:colcon.colcon_core.shell:Creating environment descriptor '/home/wanglonglong/Learn_ROS2/03.my_robot/install/v4l2_camera/share/v4l2_camera/hook/ld_library_path_lib.dsv'
[0.486s] INFO:colcon.colcon_core.shell:Creating environment hook '/home/wanglonglong/Learn_ROS2/03.my_robot/install/v4l2_camera/share/v4l2_camera/hook/ld_library_path_lib.sh'
[0.486s] Level 1:colcon.colcon_core.environment:checking '/home/wanglonglong/Learn_ROS2/03.my_robot/install/v4l2_camera/bin'
[0.486s] Level 1:colcon.colcon_core.environment:checking '/home/wanglonglong/Learn_ROS2/03.my_robot/install/v4l2_camera/lib/pkgconfig/v4l2_camera.pc'
[0.487s] Level 1:colcon.colcon_core.environment:checking '/home/wanglonglong/Learn_ROS2/03.my_robot/install/v4l2_camera/lib/python3.12/site-packages'
[0.487s] Level 1:colcon.colcon_core.environment:checking '/home/wanglonglong/Learn_ROS2/03.my_robot/install/v4l2_camera/bin'
[0.487s] INFO:colcon.colcon_core.shell:Creating package script '/home/wanglonglong/Learn_ROS2/03.my_robot/install/v4l2_camera/share/v4l2_camera/package.ps1'
[0.487s] INFO:colcon.colcon_core.shell:Creating package descriptor '/home/wanglonglong/Learn_ROS2/03.my_robot/install/v4l2_camera/share/v4l2_camera/package.dsv'
[0.488s] INFO:colcon.colcon_core.shell:Creating package script '/home/wanglonglong/Learn_ROS2/03.my_robot/install/v4l2_camera/share/v4l2_camera/package.sh'
[0.488s] INFO:colcon.colcon_core.shell:Creating package script '/home/wanglonglong/Learn_ROS2/03.my_robot/install/v4l2_camera/share/v4l2_camera/package.bash'
[0.488s] INFO:colcon.colcon_core.shell:Creating package script '/home/wanglonglong/Learn_ROS2/03.my_robot/install/v4l2_camera/share/v4l2_camera/package.zsh'
[0.489s] Level 1:colcon.colcon_core.environment:create_file_with_runtime_dependencies(/home/wanglonglong/Learn_ROS2/03.my_robot/install/v4l2_camera/share/colcon-core/packages/v4l2_camera)
[0.489s] Level 1:colcon.colcon_core.environment:create_environment_scripts_only(v4l2_camera)
[0.489s] Level 1:colcon.colcon_core.environment:checking '/home/wanglonglong/Learn_ROS2/03.my_robot/install/v4l2_camera' for CMake module files
[0.489s] Level 1:colcon.colcon_core.environment:checking '/home/wanglonglong/Learn_ROS2/03.my_robot/install/v4l2_camera' for CMake config files
[0.490s] Level 1:colcon.colcon_core.shell:create_environment_hook('v4l2_camera', 'cmake_prefix_path')
[0.490s] INFO:colcon.colcon_core.shell:Creating environment hook '/home/wanglonglong/Learn_ROS2/03.my_robot/install/v4l2_camera/share/v4l2_camera/hook/cmake_prefix_path.ps1'
[0.490s] INFO:colcon.colcon_core.shell:Creating environment descriptor '/home/wanglonglong/Learn_ROS2/03.my_robot/install/v4l2_camera/share/v4l2_camera/hook/cmake_prefix_path.dsv'
[0.490s] INFO:colcon.colcon_core.shell:Creating environment hook '/home/wanglonglong/Learn_ROS2/03.my_robot/install/v4l2_camera/share/v4l2_camera/hook/cmake_prefix_path.sh'
[0.491s] Level 1:colcon.colcon_core.environment:checking '/home/wanglonglong/Learn_ROS2/03.my_robot/install/v4l2_camera/lib'
[0.491s] Level 1:colcon.colcon_core.shell:create_environment_hook('v4l2_camera', 'ld_library_path_lib')
[0.491s] INFO:colcon.colcon_core.shell:Creating environment hook '/home/wanglonglong/Learn_ROS2/03.my_robot/install/v4l2_camera/share/v4l2_camera/hook/ld_library_path_lib.ps1'
[0.491s] INFO:colcon.colcon_core.shell:Creating environment descriptor '/home/wanglonglong/Learn_ROS2/03.my_robot/install/v4l2_camera/share/v4l2_camera/hook/ld_library_path_lib.dsv'
[0.492s] INFO:colcon.colcon_core.shell:Creating environment hook '/home/wanglonglong/Learn_ROS2/03.my_robot/install/v4l2_camera/share/v4l2_camera/hook/ld_library_path_lib.sh'
[0.492s] Level 1:colcon.colcon_core.environment:checking '/home/wanglonglong/Learn_ROS2/03.my_robot/install/v4l2_camera/bin'
[0.492s] Level 1:colcon.colcon_core.environment:checking '/home/wanglonglong/Learn_ROS2/03.my_robot/install/v4l2_camera/lib/pkgconfig/v4l2_camera.pc'
[0.492s] Level 1:colcon.colcon_core.environment:checking '/home/wanglonglong/Learn_ROS2/03.my_robot/install/v4l2_camera/lib/python3.12/site-packages'
[0.492s] Level 1:colcon.colcon_core.environment:checking '/home/wanglonglong/Learn_ROS2/03.my_robot/install/v4l2_camera/bin'
[0.492s] INFO:colcon.colcon_core.shell:Creating package script '/home/wanglonglong/Learn_ROS2/03.my_robot/install/v4l2_camera/share/v4l2_camera/package.ps1'
[0.493s] INFO:colcon.colcon_core.shell:Creating package descriptor '/home/wanglonglong/Learn_ROS2/03.my_robot/install/v4l2_camera/share/v4l2_camera/package.dsv'
[0.493s] INFO:colcon.colcon_core.shell:Creating package script '/home/wanglonglong/Learn_ROS2/03.my_robot/install/v4l2_camera/share/v4l2_camera/package.sh'
[0.493s] INFO:colcon.colcon_core.shell:Creating package script '/home/wanglonglong/Learn_ROS2/03.my_robot/install/v4l2_camera/share/v4l2_camera/package.bash'
[0.494s] INFO:colcon.colcon_core.shell:Creating package script '/home/wanglonglong/Learn_ROS2/03.my_robot/install/v4l2_camera/share/v4l2_camera/package.zsh'
[0.494s] Level 1:colcon.colcon_core.environment:create_file_with_runtime_dependencies(/home/wanglonglong/Learn_ROS2/03.my_robot/install/v4l2_camera/share/colcon-core/packages/v4l2_camera)
[0.777s] DEBUG:colcon.colcon_core.event_handler.log_command:Invoking command in '/home/wanglonglong/Learn_ROS2/03.my_robot/src/detect': DEBUGINFOD_URLS=https://debuginfod.ubuntu.com PS1=(ros2_env) \[\e]0;\u@\h: \w\a\]${debian_chroot:+($debian_chroot)}\[\033[01;32m\]\u\[\033[00m\]:\[\033[01;34m\]\w\[\033[00m\]\$ PYTHONPATH=/home/wanglonglong/Learn_ROS2/03.my_robot/build/detect/prefix_override:/usr/lib/python3/dist-packages/colcon_core/task/python/colcon_distutils_commands:/home/wanglonglong/Learn_ROS2/03.my_robot/install/detect/lib/python3.12/site-packages:${PYTHONPATH} VIRTUAL_ENV_PROMPT=(ros2_env) /usr/bin/python3 -W ignore:setup.py install is deprecated -W ignore:easy_install command is deprecated setup.py egg_info --egg-base ../../build/detect build --build-base /home/wanglonglong/Learn_ROS2/03.my_robot/build/detect/build install --record /home/wanglonglong/Learn_ROS2/03.my_robot/build/detect/install.log --single-version-externally-managed install_data
[1.104s] Level 1:colcon.colcon_core.environment:checking '/home/wanglonglong/Learn_ROS2/03.my_robot/install/detect' for CMake module files
[1.105s] Level 1:colcon.colcon_core.environment:checking '/home/wanglonglong/Learn_ROS2/03.my_robot/install/detect' for CMake config files
[1.106s] DEBUG:colcon.colcon_core.event_handler.log_command:Invoked command in '/home/wanglonglong/Learn_ROS2/03.my_robot/src/detect' returned '0': DEBUGINFOD_URLS=https://debuginfod.ubuntu.com PS1=(ros2_env) \[\e]0;\u@\h: \w\a\]${debian_chroot:+($debian_chroot)}\[\033[01;32m\]\u\[\033[00m\]:\[\033[01;34m\]\w\[\033[00m\]\$ PYTHONPATH=/home/wanglonglong/Learn_ROS2/03.my_robot/build/detect/prefix_override:/usr/lib/python3/dist-packages/colcon_core/task/python/colcon_distutils_commands:/home/wanglonglong/Learn_ROS2/03.my_robot/install/detect/lib/python3.12/site-packages:${PYTHONPATH} VIRTUAL_ENV_PROMPT=(ros2_env) /usr/bin/python3 -W ignore:setup.py install is deprecated -W ignore:easy_install command is deprecated setup.py egg_info --egg-base ../../build/detect build --build-base /home/wanglonglong/Learn_ROS2/03.my_robot/build/detect/build install --record /home/wanglonglong/Learn_ROS2/03.my_robot/build/detect/install.log --single-version-externally-managed install_data
[1.106s] Level 1:colcon.colcon_core.environment:checking '/home/wanglonglong/Learn_ROS2/03.my_robot/install/detect/lib'
[1.106s] Level 1:colcon.colcon_core.environment:checking '/home/wanglonglong/Learn_ROS2/03.my_robot/install/detect/bin'
[1.106s] Level 1:colcon.colcon_core.environment:checking '/home/wanglonglong/Learn_ROS2/03.my_robot/install/detect/lib/pkgconfig/detect.pc'
[1.107s] Level 1:colcon.colcon_core.environment:checking '/home/wanglonglong/Learn_ROS2/03.my_robot/install/detect/lib/python3.12/site-packages'
[1.107s] Level 1:colcon.colcon_core.shell:create_environment_hook('detect', 'pythonpath')
[1.107s] INFO:colcon.colcon_core.shell:Creating environment hook '/home/wanglonglong/Learn_ROS2/03.my_robot/install/detect/share/detect/hook/pythonpath.ps1'
[1.107s] INFO:colcon.colcon_core.shell:Creating environment descriptor '/home/wanglonglong/Learn_ROS2/03.my_robot/install/detect/share/detect/hook/pythonpath.dsv'
[1.108s] INFO:colcon.colcon_core.shell:Creating environment hook '/home/wanglonglong/Learn_ROS2/03.my_robot/install/detect/share/detect/hook/pythonpath.sh'
[1.108s] Level 1:colcon.colcon_core.environment:checking '/home/wanglonglong/Learn_ROS2/03.my_robot/install/detect/bin'
[1.108s] Level 1:colcon.colcon_core.environment:create_environment_scripts_only(detect)
[1.108s] INFO:colcon.colcon_core.shell:Creating package script '/home/wanglonglong/Learn_ROS2/03.my_robot/install/detect/share/detect/package.ps1'
[1.109s] INFO:colcon.colcon_core.shell:Creating package descriptor '/home/wanglonglong/Learn_ROS2/03.my_robot/install/detect/share/detect/package.dsv'
[1.109s] INFO:colcon.colcon_core.shell:Creating package script '/home/wanglonglong/Learn_ROS2/03.my_robot/install/detect/share/detect/package.sh'
[1.109s] INFO:colcon.colcon_core.shell:Creating package script '/home/wanglonglong/Learn_ROS2/03.my_robot/install/detect/share/detect/package.bash'
[1.110s] INFO:colcon.colcon_core.shell:Creating package script '/home/wanglonglong/Learn_ROS2/03.my_robot/install/detect/share/detect/package.zsh'
[1.110s] Level 1:colcon.colcon_core.environment:create_file_with_runtime_dependencies(/home/wanglonglong/Learn_ROS2/03.my_robot/install/detect/share/colcon-core/packages/detect)
[1.110s] DEBUG:colcon.colcon_parallel_executor.executor.parallel:closing loop
[1.111s] DEBUG:colcon.colcon_parallel_executor.executor.parallel:loop closed
[1.111s] DEBUG:colcon.colcon_parallel_executor.executor.parallel:run_until_complete finished with '0'
[1.111s] DEBUG:colcon.colcon_core.event_reactor:joining thread
[1.115s] INFO:colcon.colcon_core.plugin_system:Skipping extension 'colcon_notification.desktop_notification.terminal_notifier': Not used on non-Darwin systems
[1.115s] INFO:colcon.colcon_core.plugin_system:Skipping extension 'colcon_notification.desktop_notification.win32': Not used on non-Windows systems
[1.115s] INFO:colcon.colcon_notification.desktop_notification:Sending desktop notification using 'notify2'
[1.129s] DEBUG:colcon.colcon_core.event_reactor:joined thread
[1.129s] INFO:colcon.colcon_core.shell:Creating prefix script '/home/wanglonglong/Learn_ROS2/03.my_robot/install/local_setup.ps1'
[1.130s] INFO:colcon.colcon_core.shell:Creating prefix util module '/home/wanglonglong/Learn_ROS2/03.my_robot/install/_local_setup_util_ps1.py'
[1.130s] INFO:colcon.colcon_core.shell:Creating prefix chain script '/home/wanglonglong/Learn_ROS2/03.my_robot/install/setup.ps1'
[1.131s] INFO:colcon.colcon_core.shell:Creating prefix script '/home/wanglonglong/Learn_ROS2/03.my_robot/install/local_setup.sh'
[1.132s] INFO:colcon.colcon_core.shell:Creating prefix util module '/home/wanglonglong/Learn_ROS2/03.my_robot/install/_local_setup_util_sh.py'
[1.132s] INFO:colcon.colcon_core.shell:Creating prefix chain script '/home/wanglonglong/Learn_ROS2/03.my_robot/install/setup.sh'
[1.133s] INFO:colcon.colcon_core.shell:Creating prefix script '/home/wanglonglong/Learn_ROS2/03.my_robot/install/local_setup.bash'
[1.134s] INFO:colcon.colcon_core.shell:Creating prefix chain script '/home/wanglonglong/Learn_ROS2/03.my_robot/install/setup.bash'
[1.135s] INFO:colcon.colcon_core.shell:Creating prefix script '/home/wanglonglong/Learn_ROS2/03.my_robot/install/local_setup.zsh'
[1.135s] INFO:colcon.colcon_core.shell:Creating prefix chain script '/home/wanglonglong/Learn_ROS2/03.my_robot/install/setup.zsh'
