-- The C compiler identification is GNU 13.3.0
-- The CXX compiler identification is GNU 13.3.0
-- Detecting C compiler ABI info
-- Detecting C compiler ABI info - done
-- Check for working C compiler: /usr/bin/cc - skipped
-- Detecting C compile features
-- Detecting C compile features - done
-- Detecting CXX compiler ABI info
-- Detecting CXX compiler ABI info - done
-- Check for working CXX compiler: /usr/bin/c++ - skipped
-- Detecting CXX compile features
-- Detecting CXX compile features - done
-- Found ament_cmake: 2.5.4 (/opt/ros/jazzy/share/ament_cmake/cmake)
-- Found Python3: /home/wanglonglong/ros2_env/bin/python3 (found version "3.12.3") found components: Interpreter 
-- Found rclcpp: 28.1.10 (/opt/ros/jazzy/share/rclcpp/cmake)
-- Found rosidl_generator_c: 4.6.5 (/opt/ros/jazzy/share/rosidl_generator_c/cmake)
-- Found rosidl_generator_cpp: 4.6.5 (/opt/ros/jazzy/share/rosidl_generator_cpp/cmake)
-- Using all available rosidl_typesupport_c: rosidl_typesupport_fastrtps_c;rosidl_typesupport_introspection_c
-- Using all available rosidl_typesupport_cpp: rosidl_typesupport_fastrtps_cpp;rosidl_typesupport_introspection_cpp
-- Found rmw_implementation_cmake: 7.3.2 (/opt/ros/jazzy/share/rmw_implementation_cmake/cmake)
-- Found rmw_fastrtps_cpp: 8.4.2 (/opt/ros/jazzy/share/rmw_fastrtps_cpp/cmake)
-- Found OpenSSL: /usr/lib/x86_64-linux-gnu/libcrypto.so (found version "3.0.13")  
-- Found FastRTPS: /opt/ros/jazzy/include (Required is at least version "2.13") 
-- Using RMW implementation 'rmw_fastrtps_cpp' as default
-- Found OpenCV: /usr (found version "4.6.0") 
-- Found cv_bridge: 4.1.0 (/opt/ros/jazzy/share/cv_bridge/cmake)
-- Found ament_lint_auto: 0.17.2 (/opt/ros/jazzy/share/ament_lint_auto/cmake)
-- Added test 'cppcheck' to perform static code analysis on C / C++ code
-- Configured cppcheck include dirs: $<BUILD_INTERFACE:/home/wanglonglong/Learn_ROS2/03.my_robot/src/perception/include>
-- Configured cppcheck exclude dirs and/or files: 
-- Added test 'lint_cmake' to check CMake code style
-- Added test 'uncrustify' to check C / C++ code style
-- Configured uncrustify additional arguments: 
-- Added test 'xmllint' to check XML markup files
-- Configuring done (0.8s)
-- Generating done (0.0s)
-- Build files have been written to: /home/wanglonglong/Learn_ROS2/03.my_robot/build/perception
[ 50%] [32mBuilding CXX object CMakeFiles/camera_subscriber.dir/src/camera_subscriber.cpp.o[0m
[ 50%] [32mBuilding CXX object CMakeFiles/capture_camera_pub.dir/src/capture_camera_pub.cpp.o[0m
[ 75%] [32m[1mLinking CXX executable capture_camera_pub[0m
[ 75%] Built target capture_camera_pub
[100%] [32m[1mLinking CXX executable camera_subscriber[0m
[100%] Built target camera_subscriber
-- Install configuration: ""
-- Installing: /home/wanglonglong/Learn_ROS2/03.my_robot/install/perception/lib/perception/capture_camera_pub
-- Set non-toolchain portion of runtime path of "/home/wanglonglong/Learn_ROS2/03.my_robot/install/perception/lib/perception/capture_camera_pub" to ""
-- Installing: /home/wanglonglong/Learn_ROS2/03.my_robot/install/perception/lib/perception/camera_subscriber
-- Set non-toolchain portion of runtime path of "/home/wanglonglong/Learn_ROS2/03.my_robot/install/perception/lib/perception/camera_subscriber" to ""
-- Installing: /home/wanglonglong/Learn_ROS2/03.my_robot/install/perception/share/ament_index/resource_index/package_run_dependencies/perception
-- Installing: /home/wanglonglong/Learn_ROS2/03.my_robot/install/perception/share/ament_index/resource_index/parent_prefix_path/perception
-- Installing: /home/wanglonglong/Learn_ROS2/03.my_robot/install/perception/share/perception/environment/ament_prefix_path.sh
-- Installing: /home/wanglonglong/Learn_ROS2/03.my_robot/install/perception/share/perception/environment/ament_prefix_path.dsv
-- Installing: /home/wanglonglong/Learn_ROS2/03.my_robot/install/perception/share/perception/environment/path.sh
-- Installing: /home/wanglonglong/Learn_ROS2/03.my_robot/install/perception/share/perception/environment/path.dsv
-- Installing: /home/wanglonglong/Learn_ROS2/03.my_robot/install/perception/share/perception/local_setup.bash
-- Installing: /home/wanglonglong/Learn_ROS2/03.my_robot/install/perception/share/perception/local_setup.sh
-- Installing: /home/wanglonglong/Learn_ROS2/03.my_robot/install/perception/share/perception/local_setup.zsh
-- Installing: /home/wanglonglong/Learn_ROS2/03.my_robot/install/perception/share/perception/local_setup.dsv
-- Installing: /home/wanglonglong/Learn_ROS2/03.my_robot/install/perception/share/perception/package.dsv
-- Installing: /home/wanglonglong/Learn_ROS2/03.my_robot/install/perception/share/ament_index/resource_index/packages/perception
-- Installing: /home/wanglonglong/Learn_ROS2/03.my_robot/install/perception/share/perception/cmake/perceptionConfig.cmake
-- Installing: /home/wanglonglong/Learn_ROS2/03.my_robot/install/perception/share/perception/cmake/perceptionConfig-version.cmake
-- Installing: /home/wanglonglong/Learn_ROS2/03.my_robot/install/perception/share/perception/package.xml
