[0.147s] Invoking command in '/home/wanglonglong/Learn_ROS2/03.my_robot/build/perception': CMAKE_PREFIX_PATH=${CMAKE_PREFIX_PATH}:/home/wanglonglong/Learn_ROS2/03.my_robot/install/detect:/opt/ros/jazzy DEBUGINFOD_URLS=https://debuginfod.ubuntu.com PS1=(ros2_env) \[\e]0;\u@\h: \w\a\]${debian_chroot:+($debian_chroot)}\[\033[01;32m\]\u@\h\[\033[00m\]:\[\033[01;34m\]\w\[\033[00m\]\$ VIRTUAL_ENV_PROMPT=(ros2_env) /usr/bin/cmake /home/wanglonglong/Learn_ROS2/03.my_robot/src/perception -DCMAKE_INSTALL_PREFIX=/home/wanglonglong/Learn_ROS2/03.my_robot/install/perception
[0.195s] -- The C compiler identification is GNU 13.3.0
[0.239s] -- The CXX compiler identification is GNU 13.3.0
[0.252s] -- Detecting C compiler ABI info
[0.323s] -- Detecting C compiler ABI info - done
[0.329s] -- Check for working C compiler: /usr/bin/cc - skipped
[0.329s] -- Detecting C compile features
[0.329s] -- Detecting C compile features - done
[0.337s] -- Detecting CXX compiler ABI info
[0.417s] -- Detecting CXX compiler ABI info - done
[0.423s] -- Check for working CXX compiler: /usr/bin/c++ - skipped
[0.423s] -- Detecting CXX compile features
[0.423s] -- Detecting CXX compile features - done
[0.425s] -- Found ament_cmake: 2.5.4 (/opt/ros/jazzy/share/ament_cmake/cmake)
[0.510s] -- Found Python3: /home/wanglonglong/ros2_env/bin/python3 (found version "3.12.3") found components: Interpreter 
[0.589s] -- Found rclcpp: 28.1.10 (/opt/ros/jazzy/share/rclcpp/cmake)
[0.618s] -- Found rosidl_generator_c: 4.6.5 (/opt/ros/jazzy/share/rosidl_generator_c/cmake)
[0.627s] -- Found rosidl_generator_cpp: 4.6.5 (/opt/ros/jazzy/share/rosidl_generator_cpp/cmake)
[0.637s] -- Using all available rosidl_typesupport_c: rosidl_typesupport_fastrtps_c;rosidl_typesupport_introspection_c
[0.649s] -- Using all available rosidl_typesupport_cpp: rosidl_typesupport_fastrtps_cpp;rosidl_typesupport_introspection_cpp
[0.701s] -- Found rmw_implementation_cmake: 7.3.2 (/opt/ros/jazzy/share/rmw_implementation_cmake/cmake)
[0.703s] -- Found rmw_fastrtps_cpp: 8.4.2 (/opt/ros/jazzy/share/rmw_fastrtps_cpp/cmake)
[0.768s] -- Found OpenSSL: /usr/lib/x86_64-linux-gnu/libcrypto.so (found version "3.0.13")  
[0.782s] -- Found FastRTPS: /opt/ros/jazzy/include (Required is at least version "2.13") 
[0.800s] -- Using RMW implementation 'rmw_fastrtps_cpp' as default
[0.856s] -- Found OpenCV: /usr (found version "4.6.0") 
[0.857s] -- Found cv_bridge: 4.1.0 (/opt/ros/jazzy/share/cv_bridge/cmake)
[0.903s] -- Found ament_lint_auto: 0.17.2 (/opt/ros/jazzy/share/ament_lint_auto/cmake)
[0.974s] -- Added test 'cppcheck' to perform static code analysis on C / C++ code
[0.975s] -- Configured cppcheck include dirs: $<BUILD_INTERFACE:/home/wanglonglong/Learn_ROS2/03.my_robot/src/perception/include>
[0.975s] -- Configured cppcheck exclude dirs and/or files: 
[0.975s] -- Added test 'lint_cmake' to check CMake code style
[0.976s] -- Added test 'uncrustify' to check C / C++ code style
[0.976s] -- Configured uncrustify additional arguments: 
[0.976s] -- Added test 'xmllint' to check XML markup files
[0.978s] -- Configuring done (0.8s)
[0.993s] -- Generating done (0.0s)
[0.997s] -- Build files have been written to: /home/wanglonglong/Learn_ROS2/03.my_robot/build/perception
[1.005s] Invoked command in '/home/wanglonglong/Learn_ROS2/03.my_robot/build/perception' returned '0': CMAKE_PREFIX_PATH=${CMAKE_PREFIX_PATH}:/home/wanglonglong/Learn_ROS2/03.my_robot/install/detect:/opt/ros/jazzy DEBUGINFOD_URLS=https://debuginfod.ubuntu.com PS1=(ros2_env) \[\e]0;\u@\h: \w\a\]${debian_chroot:+($debian_chroot)}\[\033[01;32m\]\u@\h\[\033[00m\]:\[\033[01;34m\]\w\[\033[00m\]\$ VIRTUAL_ENV_PROMPT=(ros2_env) /usr/bin/cmake /home/wanglonglong/Learn_ROS2/03.my_robot/src/perception -DCMAKE_INSTALL_PREFIX=/home/wanglonglong/Learn_ROS2/03.my_robot/install/perception
[1.006s] Invoking command in '/home/wanglonglong/Learn_ROS2/03.my_robot/build/perception': CMAKE_PREFIX_PATH=${CMAKE_PREFIX_PATH}:/home/wanglonglong/Learn_ROS2/03.my_robot/install/detect:/opt/ros/jazzy DEBUGINFOD_URLS=https://debuginfod.ubuntu.com PS1=(ros2_env) \[\e]0;\u@\h: \w\a\]${debian_chroot:+($debian_chroot)}\[\033[01;32m\]\u@\h\[\033[00m\]:\[\033[01;34m\]\w\[\033[00m\]\$ VIRTUAL_ENV_PROMPT=(ros2_env) /usr/bin/cmake --build /home/wanglonglong/Learn_ROS2/03.my_robot/build/perception -- -j16 -l16
[1.050s] [ 50%] [32mBuilding CXX object CMakeFiles/camera_subscriber.dir/src/camera_subscriber.cpp.o[0m
[1.050s] [ 50%] [32mBuilding CXX object CMakeFiles/capture_camera_pub.dir/src/capture_camera_pub.cpp.o[0m
[6.069s] [ 75%] [32m[1mLinking CXX executable capture_camera_pub[0m
[6.480s] [ 75%] Built target capture_camera_pub
[7.926s] [100%] [32m[1mLinking CXX executable camera_subscriber[0m
[8.392s] [100%] Built target camera_subscriber
[8.402s] Invoked command in '/home/wanglonglong/Learn_ROS2/03.my_robot/build/perception' returned '0': CMAKE_PREFIX_PATH=${CMAKE_PREFIX_PATH}:/home/wanglonglong/Learn_ROS2/03.my_robot/install/detect:/opt/ros/jazzy DEBUGINFOD_URLS=https://debuginfod.ubuntu.com PS1=(ros2_env) \[\e]0;\u@\h: \w\a\]${debian_chroot:+($debian_chroot)}\[\033[01;32m\]\u@\h\[\033[00m\]:\[\033[01;34m\]\w\[\033[00m\]\$ VIRTUAL_ENV_PROMPT=(ros2_env) /usr/bin/cmake --build /home/wanglonglong/Learn_ROS2/03.my_robot/build/perception -- -j16 -l16
[8.403s] Invoking command in '/home/wanglonglong/Learn_ROS2/03.my_robot/build/perception': CMAKE_PREFIX_PATH=${CMAKE_PREFIX_PATH}:/home/wanglonglong/Learn_ROS2/03.my_robot/install/detect:/opt/ros/jazzy DEBUGINFOD_URLS=https://debuginfod.ubuntu.com PS1=(ros2_env) \[\e]0;\u@\h: \w\a\]${debian_chroot:+($debian_chroot)}\[\033[01;32m\]\u@\h\[\033[00m\]:\[\033[01;34m\]\w\[\033[00m\]\$ VIRTUAL_ENV_PROMPT=(ros2_env) /usr/bin/cmake --install /home/wanglonglong/Learn_ROS2/03.my_robot/build/perception
[8.410s] -- Install configuration: ""
[8.411s] -- Installing: /home/wanglonglong/Learn_ROS2/03.my_robot/install/perception/lib/perception/capture_camera_pub
[8.412s] -- Set non-toolchain portion of runtime path of "/home/wanglonglong/Learn_ROS2/03.my_robot/install/perception/lib/perception/capture_camera_pub" to ""
[8.412s] -- Installing: /home/wanglonglong/Learn_ROS2/03.my_robot/install/perception/lib/perception/camera_subscriber
[8.415s] -- Set non-toolchain portion of runtime path of "/home/wanglonglong/Learn_ROS2/03.my_robot/install/perception/lib/perception/camera_subscriber" to ""
[8.416s] -- Installing: /home/wanglonglong/Learn_ROS2/03.my_robot/install/perception/share/ament_index/resource_index/package_run_dependencies/perception
[8.416s] -- Installing: /home/wanglonglong/Learn_ROS2/03.my_robot/install/perception/share/ament_index/resource_index/parent_prefix_path/perception
[8.416s] -- Installing: /home/wanglonglong/Learn_ROS2/03.my_robot/install/perception/share/perception/environment/ament_prefix_path.sh
[8.416s] -- Installing: /home/wanglonglong/Learn_ROS2/03.my_robot/install/perception/share/perception/environment/ament_prefix_path.dsv
[8.416s] -- Installing: /home/wanglonglong/Learn_ROS2/03.my_robot/install/perception/share/perception/environment/path.sh
[8.416s] -- Installing: /home/wanglonglong/Learn_ROS2/03.my_robot/install/perception/share/perception/environment/path.dsv
[8.416s] -- Installing: /home/wanglonglong/Learn_ROS2/03.my_robot/install/perception/share/perception/local_setup.bash
[8.416s] -- Installing: /home/wanglonglong/Learn_ROS2/03.my_robot/install/perception/share/perception/local_setup.sh
[8.416s] -- Installing: /home/wanglonglong/Learn_ROS2/03.my_robot/install/perception/share/perception/local_setup.zsh
[8.416s] -- Installing: /home/wanglonglong/Learn_ROS2/03.my_robot/install/perception/share/perception/local_setup.dsv
[8.416s] -- Installing: /home/wanglonglong/Learn_ROS2/03.my_robot/install/perception/share/perception/package.dsv
[8.417s] -- Installing: /home/wanglonglong/Learn_ROS2/03.my_robot/install/perception/share/ament_index/resource_index/packages/perception
[8.417s] -- Installing: /home/wanglonglong/Learn_ROS2/03.my_robot/install/perception/share/perception/cmake/perceptionConfig.cmake
[8.417s] -- Installing: /home/wanglonglong/Learn_ROS2/03.my_robot/install/perception/share/perception/cmake/perceptionConfig-version.cmake
[8.417s] -- Installing: /home/wanglonglong/Learn_ROS2/03.my_robot/install/perception/share/perception/package.xml
[8.418s] Invoked command in '/home/wanglonglong/Learn_ROS2/03.my_robot/build/perception' returned '0': CMAKE_PREFIX_PATH=${CMAKE_PREFIX_PATH}:/home/wanglonglong/Learn_ROS2/03.my_robot/install/detect:/opt/ros/jazzy DEBUGINFOD_URLS=https://debuginfod.ubuntu.com PS1=(ros2_env) \[\e]0;\u@\h: \w\a\]${debian_chroot:+($debian_chroot)}\[\033[01;32m\]\u@\h\[\033[00m\]:\[\033[01;34m\]\w\[\033[00m\]\$ VIRTUAL_ENV_PROMPT=(ros2_env) /usr/bin/cmake --install /home/wanglonglong/Learn_ROS2/03.my_robot/build/perception
